Log file open, 05/18/20 19:06:47
LogWindows: Failed to load 'aqProf.dll' (GetLastError=126)
LogWindows: File 'aqProf.dll' does not exist
LogWindows: Failed to load 'VtuneApi.dll' (GetLastError=126)
LogWindows: File 'VtuneApi.dll' does not exist
LogWindows: Failed to load 'VtuneApi32e.dll' (GetLastError=126)
LogWindows: File 'VtuneApi32e.dll' does not exist
LogConsoleResponse: Display: Failed to find resolution value strings in scalability ini. Falling back to default.
LogInit: Display: Running engine for game: PPMonster
LogPlatformFile: Not using cached read wrapper
LogTaskGraph: Started task graph with 5 named threads and 23 total threads with 3 sets of task threads.
LogStats: Stats thread started at 0.112771
LogD3D11RHI: Loaded GFSDK_Aftermath_Lib.x64.dll
LogICUInternationalization: ICU TimeZone Detection - Raw Offset: -5:00, Platform Override: ''
LogPluginManager: Mounting plugin Paper2D
LogPluginManager: Mounting plugin AISupport
LogPluginManager: Mounting plugin LightPropagationVolume
LogPluginManager: Mounting plugin ActorLayerUtilities
LogPluginManager: Mounting plugin AnimationSharing
LogPluginManager: Mounting plugin CLionSourceCodeAccess
LogPluginManager: Mounting plugin CodeLiteSourceCodeAccess
LogPluginManager: Mounting plugin GitSourceControl
LogPluginManager: Mounting plugin KDevelopSourceCodeAccess
LogPluginManager: Mounting plugin NullSourceCodeAccess
LogPluginManager: Mounting plugin PerforceSourceControl
LogPluginManager: Mounting plugin PlasticSourceControl
LogPluginManager: Mounting plugin SubversionSourceControl
LogPluginManager: Mounting plugin UObjectPlugin
LogPluginManager: Mounting plugin VisualStudioCodeSourceCodeAccess
LogPluginManager: Mounting plugin VisualStudioSourceCodeAccess
LogPluginManager: Mounting plugin XCodeSourceCodeAccess
LogPluginManager: Mounting plugin AssetManagerEditor
LogPluginManager: Mounting plugin CryptoKeys
LogPluginManager: Mounting plugin CurveEditorTools
LogPluginManager: Mounting plugin DataValidation
LogPluginManager: Mounting plugin FacialAnimation
LogPluginManager: Mounting plugin GameplayTagsEditor
LogPluginManager: Mounting plugin MacGraphicsSwitching
LogPluginManager: Mounting plugin MaterialAnalyzer
LogPluginManager: Mounting plugin MobileLauncherProfileWizard
LogPluginManager: Mounting plugin PluginBrowser
LogPluginManager: Mounting plugin SpeedTreeImporter
LogPluginManager: Mounting plugin DatasmithContent
LogPluginManager: Mounting plugin VariantManagerContent
LogPluginManager: Mounting plugin AlembicImporter
LogPluginManager: Mounting plugin AutomationUtils
LogPluginManager: Mounting plugin BackChannel
LogPluginManager: Mounting plugin CharacterAI
LogPluginManager: Mounting plugin GeometryCache
LogPluginManager: Mounting plugin PlatformCrypto
LogPluginManager: Mounting plugin ProxyLODPlugin
LogPluginManager: Mounting plugin SkeletalReduction
LogPluginManager: Mounting plugin MagicLeap
LogPluginManager: Mounting plugin MagicLeapMedia
LogPluginManager: Mounting plugin MLSDK
LogPluginManager: Mounting plugin Substance
LogPluginManager: Mounting plugin AndroidMedia
LogPluginManager: Mounting plugin AvfMedia
LogPluginManager: Mounting plugin ImgMedia
LogPluginManager: Mounting plugin MediaCompositing
LogPluginManager: Mounting plugin MediaPlayerEditor
LogPluginManager: Mounting plugin WebMMedia
LogPluginManager: Mounting plugin WmfMedia
LogPluginManager: Mounting plugin TcpMessaging
LogPluginManager: Mounting plugin UdpMessaging
LogPluginManager: Mounting plugin ActorSequence
LogPluginManager: Mounting plugin LevelSequenceEditor
LogPluginManager: Mounting plugin MatineeToLevelSequence
LogPluginManager: Mounting plugin NetcodeUnitTest
LogPluginManager: Mounting plugin NUTUnrealEngine4
LogPluginManager: Mounting plugin OnlineSubsystemGooglePlay
LogPluginManager: Mounting plugin OnlineSubsystemIOS
LogPluginManager: Mounting plugin OnlineSubsystem
LogPluginManager: Mounting plugin OnlineSubsystemNull
LogPluginManager: Mounting plugin OnlineSubsystemUtils
LogPluginManager: Mounting plugin LauncherChunkInstaller
LogPluginManager: Mounting plugin AndroidDeviceProfileSelector
LogPluginManager: Mounting plugin AndroidMoviePlayer
LogPluginManager: Mounting plugin AndroidPermission
LogPluginManager: Mounting plugin AppleImageUtils
LogPluginManager: Mounting plugin AppleMoviePlayer
LogPluginManager: Mounting plugin ArchVisCharacter
LogPluginManager: Mounting plugin AssetTags
LogPluginManager: Mounting plugin AudioCapture
LogPluginManager: Mounting plugin CableComponent
LogPluginManager: Mounting plugin CustomMeshComponent
LogPluginManager: Mounting plugin EditableMesh
LogPluginManager: Mounting plugin ExampleDeviceProfileSelector
LogPluginManager: Mounting plugin GoogleCloudMessaging
LogPluginManager: Mounting plugin IOSDeviceProfileSelector
LogPluginManager: Mounting plugin LinuxDeviceProfileSelector
LogPluginManager: Mounting plugin LocationServicesBPLibrary
LogPluginManager: Mounting plugin MobilePatchingUtils
LogPluginManager: Mounting plugin OculusVR
LogPluginManager: Mounting plugin PhysXVehicles
LogPluginManager: Mounting plugin PostSplashScreen
LogPluginManager: Mounting plugin ProceduralMeshComponent
LogPluginManager: Mounting plugin RuntimePhysXCooking
LogPluginManager: Mounting plugin SignificanceManager
LogPluginManager: Mounting plugin SteamVR
LogPluginManager: Mounting plugin WebMMoviePlayer
LogPluginManager: Mounting plugin WindowsMoviePlayer
LogPluginManager: Mounting plugin ScreenshotTools
LogInit: Using libcurl 7.55.1-DEV
LogInit:  - built for x86_64-pc-win32
LogInit:  - supports SSL with OpenSSL/1.1.1
LogInit:  - supports HTTP deflate (compression) using libz 1.2.8
LogInit:  - other features:
LogInit:      CURL_VERSION_SSL
LogInit:      CURL_VERSION_LIBZ
LogInit:      CURL_VERSION_IPV6
LogInit:      CURL_VERSION_ASYNCHDNS
LogInit:      CURL_VERSION_LARGEFILE
LogInit:      CURL_VERSION_IDN
LogInit:  CurlRequestOptions (configurable via config and command line):
LogInit:  - bVerifyPeer = true  - Libcurl will verify peer certificate
LogInit:  - bUseHttpProxy = false  - Libcurl will NOT use HTTP proxy
LogInit:  - bDontReuseConnections = false  - Libcurl will reuse connections
LogInit:  - MaxHostConnections = 16  - Libcurl will limit the number of connections to a host
LogInit:  - LocalHostAddr = Default
LogInit:  - BufferSize = 65536
LogOnline: OSS: Creating online subsystem instance for: NULL
LogInit: WinSock: version 1.1 (2.2), MaxSocks=32767, MaxUdp=65467
LogOnline: OSS: TryLoadSubsystemAndSetDefault: Loaded subsystem for module [NULL]
LogInit: Build: ++UE4+Release-4.24-CL-11590370
LogInit: Engine Version: 4.24.3-11590370+++UE4+Release-4.24
LogInit: Compatible Engine Version: 4.24.0-10570792+++UE4+Release-4.24
LogInit: Net CL: 10570792
LogInit: OS: Windows 10 (Release 1909) (), CPU: AMD FX(tm)-8350 Eight-Core Processor           , GPU: Radeon (TM) RX 480 Graphics
LogInit: Compiled (64-bit): Feb 24 2020 15:39:18
LogInit: Compiled with Visual C++: 19.16.27032.01
LogInit: Build Configuration: Development
LogInit: Branch Name: ++UE4+Release-4.24
LogInit: Command Line:  -EpicPortal -epicusername=TrueNorthV -epicuserid=e830be844d294ca59192ea9454ea6b72 -epiclocale=en
LogInit: Base Directory: E:/Program Files/Epic Games/UE_4.24/Engine/Binaries/Win64/
LogInit: Installed Engine Build: 1
LogDevObjectVersion: Number of dev versions registered: 25
LogDevObjectVersion:   Dev-Blueprints (B0D832E4-1F89-4F0D-ACCF-7EB736FD4AA2): 10
LogDevObjectVersion:   Dev-Build (E1C64328-A22C-4D53-A36C-8E866417BD8C): 0
LogDevObjectVersion:   Dev-Core (375EC13C-06E4-48FB-B500-84F0262A717E): 3
LogDevObjectVersion:   Dev-Editor (E4B068ED-F494-42E9-A231-DA0B2E46BB41): 37
LogDevObjectVersion:   Dev-Framework (CFFC743F-43B0-4480-9391-14DF171D2073): 36
LogDevObjectVersion:   Dev-Mobile (B02B49B5-BB20-44E9-A304-32B752E40360): 2
LogDevObjectVersion:   Dev-Networking (A4E4105C-59A1-49B5-A7C5-40C4547EDFEE): 0
LogDevObjectVersion:   Dev-Online (39C831C9-5AE6-47DC-9A44-9C173E1C8E7C): 0
LogDevObjectVersion:   Dev-Physics (78F01B33-EBEA-4F98-B9B4-84EACCB95AA2): 2
LogDevObjectVersion:   Dev-Platform (6631380F-2D4D-43E0-8009-CF276956A95A): 0
LogDevObjectVersion:   Dev-Rendering (12F88B9F-8875-4AFC-A67C-D90C383ABD29): 36
LogDevObjectVersion:   Dev-Sequencer (7B5AE74C-D270-4C10-A958-57980B212A5A): 11
LogDevObjectVersion:   Dev-VR (D7296918-1DD6-4BDD-9DE2-64A83CC13884): 2
LogDevObjectVersion:   Dev-LoadTimes (C2A15278-BFE7-4AFE-6C17-90FF531DF755): 1
LogDevObjectVersion:   Private-Geometry (6EACA3D4-40EC-4CC1-B786-8BED09428FC5): 3
LogDevObjectVersion:   Dev-AnimPhys (29E575DD-E0A3-4627-9D10-D276232CDCEA): 17
LogDevObjectVersion:   Dev-Anim (AF43A65D-7FD3-4947-9873-3E8ED9C1BB05): 2
LogDevObjectVersion:   Dev-ReflectionCapture (6B266CEC-1EC7-4B8F-A30B-E4D90942FC07): 1
LogDevObjectVersion:   Dev-Automation (0DF73D61-A23F-47EA-B727-89E90C41499A): 1
LogDevObjectVersion:   FortniteMain (601D1886-AC64-4F84-AA16-D3DE0DEAC7D6): 31
LogDevObjectVersion:   Dev-Enterprise (9DFFBCD6-494F-0158-E221-12823C92A888): 8
LogDevObjectVersion:   Dev-Niagara (F2AED0AC-9AFE-416F-8664-AA7FFA26D6FC): 1
LogDevObjectVersion:   Dev-Destruction (174F1F0B-B4C6-45A5-B13F-2EE8D0FB917D): 9
LogDevObjectVersion:   Dev-Physics-Ext (35F94A83-E258-406C-A318-09F59610247C): 8
LogDevObjectVersion:   Dev-CineCamera (B2E18506-4273-CFC2-A54E-F4BB758BBA07): 1
LogInit: Presizing for max 25165824 objects, including 0 objects not considered by GC, pre-allocating 0 bytes for permanent pool.
LogInit: Object subsystem initialized
LogConfig: Setting CVar [[con.DebugEarlyDefault:1]]
LogConfig: Setting CVar [[r.setres:1280x720]]
[2020.05.18-23.06.47:994][  0]LogConfig: Setting CVar [[r.VSync:0]]
[2020.05.18-23.06.47:994][  0]LogConfig: Setting CVar [[r.RHICmdBypass:0]]
[2020.05.18-23.06.47:994][  0]LogConfig: Applying CVar settings from Section [/Script/Engine.RendererSettings] File [C:/Users/Mike/Documents/Unreal Projects/PPMonster/Saved/Config/Windows/Engine.ini]
[2020.05.18-23.06.47:994][  0]LogConfig: Setting CVar [[r.GPUCrashDebugging:0]]
[2020.05.18-23.06.47:994][  0]LogConfig: Setting CVar [[r.SkinCache.CompileShaders:1]]
[2020.05.18-23.06.47:994][  0]LogConfig: Setting CVar [[r.RayTracing:0]]
[2020.05.18-23.06.47:994][  0]LogConfig: Applying CVar settings from Section [/Script/Engine.RendererOverrideSettings] File [C:/Users/Mike/Documents/Unreal Projects/PPMonster/Saved/Config/Windows/Engine.ini]
[2020.05.18-23.06.47:994][  0]LogConfig: Applying CVar settings from Section [/Script/Engine.StreamingSettings] File [C:/Users/Mike/Documents/Unreal Projects/PPMonster/Saved/Config/Windows/Engine.ini]
[2020.05.18-23.06.47:994][  0]LogConfig: Setting CVar [[s.MinBulkDataSizeForAsyncLoading:131072]]
[2020.05.18-23.06.47:994][  0]LogConfig: Setting CVar [[s.AsyncLoadingThreadEnabled:0]]
[2020.05.18-23.06.47:994][  0]LogConfig: Setting CVar [[s.EventDrivenLoaderEnabled:1]]
[2020.05.18-23.06.47:994][  0]LogConfig: Setting CVar [[s.WarnIfTimeLimitExceeded:0]]
[2020.05.18-23.06.47:994][  0]LogConfig: Setting CVar [[s.TimeLimitExceededMultiplier:1.5]]
[2020.05.18-23.06.47:994][  0]LogConfig: Setting CVar [[s.TimeLimitExceededMinTime:0.005]]
[2020.05.18-23.06.47:994][  0]LogConfig: Setting CVar [[s.UseBackgroundLevelStreaming:1]]
[2020.05.18-23.06.47:994][  0]LogConfig: Setting CVar [[s.PriorityAsyncLoadingExtraTime:15.0]]
[2020.05.18-23.06.47:994][  0]LogConfig: Setting CVar [[s.LevelStreamingActorsUpdateTimeLimit:5.0]]
[2020.05.18-23.06.47:994][  0]LogConfig: Setting CVar [[s.PriorityLevelStreamingActorsUpdateExtraTime:5.0]]
[2020.05.18-23.06.47:994][  0]LogConfig: Setting CVar [[s.LevelStreamingComponentsRegistrationGranularity:10]]
[2020.05.18-23.06.47:994][  0]LogConfig: Setting CVar [[s.UnregisterComponentsTimeLimit:1.0]]
[2020.05.18-23.06.47:994][  0]LogConfig: Setting CVar [[s.LevelStreamingComponentsUnregistrationGranularity:5]]
[2020.05.18-23.06.47:994][  0]LogConfig: Setting CVar [[s.FlushStreamingOnExit:1]]
[2020.05.18-23.06.47:994][  0]LogConfig: Applying CVar settings from Section [/Script/Engine.GarbageCollectionSettings] File [C:/Users/Mike/Documents/Unreal Projects/PPMonster/Saved/Config/Windows/Engine.ini]
[2020.05.18-23.06.47:994][  0]LogConfig: Setting CVar [[gc.MaxObjectsNotConsideredByGC:1]]
[2020.05.18-23.06.47:994][  0]LogConfig: Setting CVar [[gc.SizeOfPermanentObjectPool:0]]
[2020.05.18-23.06.47:994][  0]LogConfig: Setting CVar [[gc.FlushStreamingOnGC:0]]
[2020.05.18-23.06.47:995][  0]LogConfig: Setting CVar [[gc.NumRetriesBeforeForcingGC:10]]
[2020.05.18-23.06.47:995][  0]LogConfig: Setting CVar [[gc.AllowParallelGC:1]]
[2020.05.18-23.06.47:995][  0]LogConfig: Setting CVar [[gc.TimeBetweenPurgingPendingKillObjects:61.1]]
[2020.05.18-23.06.47:995][  0]LogConfig: Setting CVar [[gc.MaxObjectsInEditor:25165824]]
[2020.05.18-23.06.47:995][  0]LogConfig: Setting CVar [[gc.IncrementalBeginDestroyEnabled:1]]
[2020.05.18-23.06.47:995][  0]LogConfig: Setting CVar [[gc.CreateGCClusters:1]]
[2020.05.18-23.06.47:995][  0]LogConfig: Setting CVar [[gc.MinGCClusterSize:5]]
[2020.05.18-23.06.47:995][  0]LogConfig: Setting CVar [[gc.ActorClusteringEnabled:0]]
[2020.05.18-23.06.47:995][  0]LogConfig: Setting CVar [[gc.BlueprintClusteringEnabled:0]]
[2020.05.18-23.06.47:995][  0]LogConfig: Setting CVar [[gc.UseDisregardForGCOnDedicatedServers:0]]
[2020.05.18-23.06.47:995][  0]LogConfig: Applying CVar settings from Section [/Script/Engine.NetworkSettings] File [C:/Users/Mike/Documents/Unreal Projects/PPMonster/Saved/Config/Windows/Engine.ini]
[2020.05.18-23.06.47:995][  0]LogConfig: Applying CVar settings from Section [/Script/UnrealEd.CookerSettings] File [C:/Users/Mike/Documents/Unreal Projects/PPMonster/Saved/Config/Windows/Engine.ini]
[2020.05.18-23.06.48:001][  0]LogConfig: Applying CVar settings from Section [ViewDistanceQuality@3] File [C:/Users/Mike/Documents/Unreal Projects/PPMonster/Saved/Config/Windows/Scalability.ini]
[2020.05.18-23.06.48:001][  0]LogConfig: Setting CVar [[r.SkeletalMeshLODBias:0]]
[2020.05.18-23.06.48:001][  0]LogConfig: Setting CVar [[r.ViewDistanceScale:1.0]]
[2020.05.18-23.06.48:001][  0]LogConfig: Applying CVar settings from Section [AntiAliasingQuality@3] File [C:/Users/Mike/Documents/Unreal Projects/PPMonster/Saved/Config/Windows/Scalability.ini]
[2020.05.18-23.06.48:001][  0]LogConfig: Setting CVar [[r.PostProcessAAQuality:4]]
[2020.05.18-23.06.48:001][  0]LogConfig: Applying CVar settings from Section [ShadowQuality@3] File [C:/Users/Mike/Documents/Unreal Projects/PPMonster/Saved/Config/Windows/Scalability.ini]
[2020.05.18-23.06.48:001][  0]LogConfig: Setting CVar [[r.LightFunctionQuality:1]]
[2020.05.18-23.06.48:001][  0]LogConfig: Setting CVar [[r.ShadowQuality:5]]
[2020.05.18-23.06.48:001][  0]LogConfig: Setting CVar [[r.Shadow.CSM.MaxCascades:10]]
[2020.05.18-23.06.48:001][  0]LogConfig: Setting CVar [[r.Shadow.MaxResolution:2048]]
[2020.05.18-23.06.48:001][  0]LogConfig: Setting CVar [[r.Shadow.MaxCSMResolution:2048]]
[2020.05.18-23.06.48:001][  0]LogConfig: Setting CVar [[r.Shadow.RadiusThreshold:0.01]]
[2020.05.18-23.06.48:001][  0]LogConfig: Setting CVar [[r.Shadow.DistanceScale:1.0]]
[2020.05.18-23.06.48:001][  0]LogConfig: Setting CVar [[r.Shadow.CSM.TransitionScale:1.0]]
[2020.05.18-23.06.48:001][  0]LogConfig: Setting CVar [[r.Shadow.PreShadowResolutionFactor:1.0]]
[2020.05.18-23.06.48:001][  0]LogConfig: Setting CVar [[r.DistanceFieldShadowing:1]]
[2020.05.18-23.06.48:001][  0]LogConfig: Setting CVar [[r.DistanceFieldAO:1]]
[2020.05.18-23.06.48:001][  0]LogConfig: Setting CVar [[r.AOQuality:2]]
[2020.05.18-23.06.48:001][  0]LogConfig: Setting CVar [[r.VolumetricFog:1]]
[2020.05.18-23.06.48:001][  0]LogConfig: Setting CVar [[r.VolumetricFog.GridPixelSize:8]]
[2020.05.18-23.06.48:001][  0]LogConfig: Setting CVar [[r.VolumetricFog.GridSizeZ:128]]
[2020.05.18-23.06.48:001][  0]LogConfig: Setting CVar [[r.VolumetricFog.HistoryMissSupersampleCount:4]]
[2020.05.18-23.06.48:001][  0]LogConfig: Setting CVar [[r.LightMaxDrawDistanceScale:1]]
[2020.05.18-23.06.48:001][  0]LogConfig: Setting CVar [[r.CapsuleShadows:1]]
[2020.05.18-23.06.48:001][  0]LogConfig: Applying CVar settings from Section [PostProcessQuality@3] File [C:/Users/Mike/Documents/Unreal Projects/PPMonster/Saved/Config/Windows/Scalability.ini]
[2020.05.18-23.06.48:001][  0]LogConfig: Setting CVar [[r.MotionBlurQuality:4]]
[2020.05.18-23.06.48:001][  0]LogConfig: Setting CVar [[r.AmbientOcclusionMipLevelFactor:0.4]]
[2020.05.18-23.06.48:001][  0]LogConfig: Setting CVar [[r.AmbientOcclusionMaxQuality:100]]
[2020.05.18-23.06.48:001][  0]LogConfig: Setting CVar [[r.AmbientOcclusionLevels:-1]]
[2020.05.18-23.06.48:001][  0]LogConfig: Setting CVar [[r.AmbientOcclusionRadiusScale:1.0]]
[2020.05.18-23.06.48:001][  0]LogConfig: Setting CVar [[r.DepthOfFieldQuality:2]]
[2020.05.18-23.06.48:001][  0]LogConfig: Setting CVar [[r.RenderTargetPoolMin:400]]
[2020.05.18-23.06.48:001][  0]LogConfig: Setting CVar [[r.LensFlareQuality:2]]
[2020.05.18-23.06.48:001][  0]LogConfig: Setting CVar [[r.SceneColorFringeQuality:1]]
[2020.05.18-23.06.48:001][  0]LogConfig: Setting CVar [[r.EyeAdaptationQuality:2]]
[2020.05.18-23.06.48:001][  0]LogConfig: Setting CVar [[r.BloomQuality:5]]
[2020.05.18-23.06.48:002][  0]LogConfig: Setting CVar [[r.FastBlurThreshold:100]]
[2020.05.18-23.06.48:002][  0]LogConfig: Setting CVar [[r.Upscale.Quality:3]]
[2020.05.18-23.06.48:002][  0]LogConfig: Setting CVar [[r.Tonemapper.GrainQuantization:1]]
[2020.05.18-23.06.48:002][  0]LogConfig: Setting CVar [[r.LightShaftQuality:1]]
[2020.05.18-23.06.48:002][  0]LogConfig: Setting CVar [[r.Filter.SizeScale:1]]
[2020.05.18-23.06.48:002][  0]LogConfig: Setting CVar [[r.Tonemapper.Quality:5]]
[2020.05.18-23.06.48:002][  0]LogConfig: Setting CVar [[r.DOF.Gather.AccumulatorQuality:1        ; higher gathering accumulator quality]]
[2020.05.18-23.06.48:002][  0]LogConfig: Setting CVar [[r.DOF.Gather.PostfilterMethod:1          ; Median3x3 postfilering method]]
[2020.05.18-23.06.48:002][  0]LogConfig: Setting CVar [[r.DOF.Gather.EnableBokehSettings:0       ; no bokeh simulation when gathering]]
[2020.05.18-23.06.48:002][  0]LogConfig: Setting CVar [[r.DOF.Gather.RingCount:4                 ; medium number of samples when gathering]]
[2020.05.18-23.06.48:002][  0]LogConfig: Setting CVar [[r.DOF.Scatter.ForegroundCompositing:1    ; additive foreground scattering]]
[2020.05.18-23.06.48:002][  0]LogConfig: Setting CVar [[r.DOF.Scatter.BackgroundCompositing:2    ; additive background scattering]]
[2020.05.18-23.06.48:002][  0]LogConfig: Setting CVar [[r.DOF.Scatter.EnableBokehSettings:1      ; bokeh simulation when scattering]]
[2020.05.18-23.06.48:002][  0]LogConfig: Setting CVar [[r.DOF.Scatter.MaxSpriteRatio:0.1         ; only a maximum of 10% of scattered bokeh]]
[2020.05.18-23.06.48:002][  0]LogConfig: Setting CVar [[r.DOF.Recombine.Quality:1                ; cheap slight out of focus]]
[2020.05.18-23.06.48:002][  0]LogConfig: Setting CVar [[r.DOF.Recombine.EnableBokehSettings:0    ; no bokeh simulation on slight out of focus]]
[2020.05.18-23.06.48:002][  0]LogConfig: Setting CVar [[r.DOF.TemporalAAQuality:1                ; more stable temporal accumulation]]
[2020.05.18-23.06.48:002][  0]LogConfig: Setting CVar [[r.DOF.Kernel.MaxForegroundRadius:0.025]]
[2020.05.18-23.06.48:002][  0]LogConfig: Setting CVar [[r.DOF.Kernel.MaxBackgroundRadius:0.025]]
[2020.05.18-23.06.48:002][  0]LogConfig: Applying CVar settings from Section [TextureQuality@3] File [C:/Users/Mike/Documents/Unreal Projects/PPMonster/Saved/Config/Windows/Scalability.ini]
[2020.05.18-23.06.48:002][  0]LogConfig: Setting CVar [[r.Streaming.MipBias:0]]
[2020.05.18-23.06.48:002][  0]LogConfig: Setting CVar [[r.Streaming.AmortizeCPUToGPUCopy:0]]
[2020.05.18-23.06.48:002][  0]LogConfig: Setting CVar [[r.Streaming.MaxNumTexturesToStreamPerFrame:0]]
[2020.05.18-23.06.48:002][  0]LogConfig: Setting CVar [[r.Streaming.Boost:1]]
[2020.05.18-23.06.48:002][  0]LogConfig: Setting CVar [[r.MaxAnisotropy:8]]
[2020.05.18-23.06.48:002][  0]LogConfig: Setting CVar [[r.VT.MaxAnisotropy:8]]
[2020.05.18-23.06.48:002][  0]LogConfig: Setting CVar [[r.Streaming.LimitPoolSizeToVRAM:0]]
[2020.05.18-23.06.48:002][  0]LogConfig: Setting CVar [[r.Streaming.PoolSize:1000]]
[2020.05.18-23.06.48:002][  0]LogConfig: Setting CVar [[r.Streaming.MaxEffectiveScreenSize:0]]
[2020.05.18-23.06.48:002][  0]LogConfig: Applying CVar settings from Section [EffectsQuality@3] File [C:/Users/Mike/Documents/Unreal Projects/PPMonster/Saved/Config/Windows/Scalability.ini]
[2020.05.18-23.06.48:002][  0]LogConfig: Setting CVar [[r.TranslucencyLightingVolumeDim:64]]
[2020.05.18-23.06.48:002][  0]LogConfig: Setting CVar [[r.RefractionQuality:2]]
[2020.05.18-23.06.48:002][  0]LogConfig: Setting CVar [[r.SSR.Quality:3]]
[2020.05.18-23.06.48:002][  0]LogConfig: Setting CVar [[r.SSR.HalfResSceneColor:0]]
[2020.05.18-23.06.48:002][  0]LogConfig: Setting CVar [[r.SceneColorFormat:4]]
[2020.05.18-23.06.48:002][  0]LogConfig: Setting CVar [[r.DetailMode:2]]
[2020.05.18-23.06.48:002][  0]LogConfig: Setting CVar [[r.TranslucencyVolumeBlur:1]]
[2020.05.18-23.06.48:002][  0]LogConfig: Setting CVar [[r.MaterialQualityLevel:1 ; High quality]]
[2020.05.18-23.06.48:002][  0]LogConfig: Setting CVar [[r.SSS.Scale:1]]
[2020.05.18-23.06.48:002][  0]LogConfig: Setting CVar [[r.SSS.SampleSet:2]]
[2020.05.18-23.06.48:002][  0]LogConfig: Setting CVar [[r.SSS.Quality:1]]
[2020.05.18-23.06.48:002][  0]LogConfig: Setting CVar [[r.SSS.HalfRes:1]]
[2020.05.18-23.06.48:002][  0]LogConfig: Setting CVar [[r.SSGI.Quality:3]]
[2020.05.18-23.06.48:003][  0]LogConfig: Setting CVar [[r.EmitterSpawnRateScale:1.0]]
[2020.05.18-23.06.48:003][  0]LogConfig: Setting CVar [[r.ParticleLightQuality:2]]
[2020.05.18-23.06.48:003][  0]LogConfig: Setting CVar [[r.SkyAtmosphere.AerialPerspectiveLUT.FastApplyOnOpaque:1 ; Always have FastSkyLUT 1 in this case to avoid wrong sky]]
[2020.05.18-23.06.48:003][  0]LogConfig: Setting CVar [[r.SkyAtmosphere.AerialPerspectiveLUT.SampleCountPerSlice:1]]
[2020.05.18-23.06.48:003][  0]LogConfig: Setting CVar [[r.SkyAtmosphere.AerialPerspectiveLUT.DepthResolution:16.0]]
[2020.05.18-23.06.48:003][  0]LogConfig: Setting CVar [[r.SkyAtmosphere.FastSkyLUT:1]]
[2020.05.18-23.06.48:003][  0]LogConfig: Setting CVar [[r.SkyAtmosphere.FastSkyLUT.SampleCountMin:4.0]]
[2020.05.18-23.06.48:003][  0]LogConfig: Setting CVar [[r.SkyAtmosphere.FastSkyLUT.SampleCountMax:32.0]]
[2020.05.18-23.06.48:003][  0]LogConfig: Setting CVar [[r.SkyAtmosphere.SampleCountMin:4.0]]
[2020.05.18-23.06.48:003][  0]LogConfig: Setting CVar [[r.SkyAtmosphere.SampleCountMax:32.0]]
[2020.05.18-23.06.48:003][  0]LogConfig: Setting CVar [[r.SkyAtmosphere.TransmittanceLUT.UseSmallFormat:0]]
[2020.05.18-23.06.48:003][  0]LogConfig: Setting CVar [[r.SkyAtmosphere.TransmittanceLUT.SampleCount:10.0]]
[2020.05.18-23.06.48:003][  0]LogConfig: Setting CVar [[r.SkyAtmosphere.MultiScatteringLUT.SampleCount:15.0]]
[2020.05.18-23.06.48:003][  0]LogConfig: Applying CVar settings from Section [FoliageQuality@3] File [C:/Users/Mike/Documents/Unreal Projects/PPMonster/Saved/Config/Windows/Scalability.ini]
[2020.05.18-23.06.48:003][  0]LogConfig: Setting CVar [[foliage.DensityScale:1.0]]
[2020.05.18-23.06.48:003][  0]LogConfig: Setting CVar [[grass.DensityScale:1.0]]
[2020.05.18-23.06.48:003][  0]LogConfig: Applying CVar settings from Section [ShadingQuality@3] File [C:/Users/Mike/Documents/Unreal Projects/PPMonster/Saved/Config/Windows/Scalability.ini]
[2020.05.18-23.06.48:003][  0]LogConfig: Setting CVar [[r.HairStrands.SkyLighting.SampleCount:16]]
[2020.05.18-23.06.48:003][  0]LogConfig: Setting CVar [[r.HairStrands.SkyLighting.JitterIntegration:0]]
[2020.05.18-23.06.48:003][  0]LogConfig: Setting CVar [[r.HairStrands.SkyAO.SampleCount:16]]
[2020.05.18-23.06.48:003][  0]LogInit: Selected Device Profile: [Windows]
[2020.05.18-23.06.48:003][  0]LogInit: Applying CVar settings loaded from the selected device profile: [Windows]
[2020.05.18-23.06.48:007][  0]LogHAL: Display: Platform has ~ 24 GB [25715548160 / 34359738368 / 24], which maps to Larger [LargestMinGB=32, LargerMinGB=12, DefaultMinGB=8, SmallerMinGB=6, SmallestMinGB=0)
[2020.05.18-23.06.48:007][  0]LogInit: Going up to parent DeviceProfile []
[2020.05.18-23.06.48:007][  0]LogConfig: Applying CVar settings from Section [ViewDistanceQuality@3] File [C:/Users/Mike/Documents/Unreal Projects/PPMonster/Saved/Config/Windows/Scalability.ini]
[2020.05.18-23.06.48:007][  0]LogConfig: Setting CVar [[r.SkeletalMeshLODBias:0]]
[2020.05.18-23.06.48:007][  0]LogConfig: Setting CVar [[r.ViewDistanceScale:1.0]]
[2020.05.18-23.06.48:007][  0]LogConfig: Applying CVar settings from Section [AntiAliasingQuality@3] File [C:/Users/Mike/Documents/Unreal Projects/PPMonster/Saved/Config/Windows/Scalability.ini]
[2020.05.18-23.06.48:007][  0]LogConfig: Setting CVar [[r.PostProcessAAQuality:4]]
[2020.05.18-23.06.48:007][  0]LogConfig: Applying CVar settings from Section [ShadowQuality@3] File [C:/Users/Mike/Documents/Unreal Projects/PPMonster/Saved/Config/Windows/Scalability.ini]
[2020.05.18-23.06.48:007][  0]LogConfig: Setting CVar [[r.LightFunctionQuality:1]]
[2020.05.18-23.06.48:007][  0]LogConfig: Setting CVar [[r.ShadowQuality:5]]
[2020.05.18-23.06.48:007][  0]LogConfig: Setting CVar [[r.Shadow.CSM.MaxCascades:10]]
[2020.05.18-23.06.48:007][  0]LogConfig: Setting CVar [[r.Shadow.MaxResolution:2048]]
[2020.05.18-23.06.48:007][  0]LogConfig: Setting CVar [[r.Shadow.MaxCSMResolution:2048]]
[2020.05.18-23.06.48:007][  0]LogConfig: Setting CVar [[r.Shadow.RadiusThreshold:0.01]]
[2020.05.18-23.06.48:007][  0]LogConfig: Setting CVar [[r.Shadow.DistanceScale:1.0]]
[2020.05.18-23.06.48:007][  0]LogConfig: Setting CVar [[r.Shadow.CSM.TransitionScale:1.0]]
[2020.05.18-23.06.48:007][  0]LogConfig: Setting CVar [[r.Shadow.PreShadowResolutionFactor:1.0]]
[2020.05.18-23.06.48:007][  0]LogConfig: Setting CVar [[r.DistanceFieldShadowing:1]]
[2020.05.18-23.06.48:007][  0]LogConfig: Setting CVar [[r.DistanceFieldAO:1]]
[2020.05.18-23.06.48:007][  0]LogConfig: Setting CVar [[r.AOQuality:2]]
[2020.05.18-23.06.48:007][  0]LogConfig: Setting CVar [[r.VolumetricFog:1]]
[2020.05.18-23.06.48:007][  0]LogConfig: Setting CVar [[r.VolumetricFog.GridPixelSize:8]]
[2020.05.18-23.06.48:007][  0]LogConfig: Setting CVar [[r.VolumetricFog.GridSizeZ:128]]
[2020.05.18-23.06.48:007][  0]LogConfig: Setting CVar [[r.VolumetricFog.HistoryMissSupersampleCount:4]]
[2020.05.18-23.06.48:008][  0]LogConfig: Setting CVar [[r.LightMaxDrawDistanceScale:1]]
[2020.05.18-23.06.48:008][  0]LogConfig: Setting CVar [[r.CapsuleShadows:1]]
[2020.05.18-23.06.48:008][  0]LogConfig: Applying CVar settings from Section [PostProcessQuality@3] File [C:/Users/Mike/Documents/Unreal Projects/PPMonster/Saved/Config/Windows/Scalability.ini]
[2020.05.18-23.06.48:008][  0]LogConfig: Setting CVar [[r.MotionBlurQuality:4]]
[2020.05.18-23.06.48:008][  0]LogConfig: Setting CVar [[r.AmbientOcclusionMipLevelFactor:0.4]]
[2020.05.18-23.06.48:008][  0]LogConfig: Setting CVar [[r.AmbientOcclusionMaxQuality:100]]
[2020.05.18-23.06.48:008][  0]LogConfig: Setting CVar [[r.AmbientOcclusionLevels:-1]]
[2020.05.18-23.06.48:008][  0]LogConfig: Setting CVar [[r.AmbientOcclusionRadiusScale:1.0]]
[2020.05.18-23.06.48:008][  0]LogConfig: Setting CVar [[r.DepthOfFieldQuality:2]]
[2020.05.18-23.06.48:008][  0]LogConfig: Setting CVar [[r.RenderTargetPoolMin:400]]
[2020.05.18-23.06.48:008][  0]LogConfig: Setting CVar [[r.LensFlareQuality:2]]
[2020.05.18-23.06.48:008][  0]LogConfig: Setting CVar [[r.SceneColorFringeQuality:1]]
[2020.05.18-23.06.48:008][  0]LogConfig: Setting CVar [[r.EyeAdaptationQuality:2]]
[2020.05.18-23.06.48:008][  0]LogConfig: Setting CVar [[r.BloomQuality:5]]
[2020.05.18-23.06.48:008][  0]LogConfig: Setting CVar [[r.FastBlurThreshold:100]]
[2020.05.18-23.06.48:008][  0]LogConfig: Setting CVar [[r.Upscale.Quality:3]]
[2020.05.18-23.06.48:008][  0]LogConfig: Setting CVar [[r.Tonemapper.GrainQuantization:1]]
[2020.05.18-23.06.48:008][  0]LogConfig: Setting CVar [[r.LightShaftQuality:1]]
[2020.05.18-23.06.48:008][  0]LogConfig: Setting CVar [[r.Filter.SizeScale:1]]
[2020.05.18-23.06.48:008][  0]LogConfig: Setting CVar [[r.Tonemapper.Quality:5]]
[2020.05.18-23.06.48:008][  0]LogConfig: Setting CVar [[r.DOF.Gather.AccumulatorQuality:1        ; higher gathering accumulator quality]]
[2020.05.18-23.06.48:008][  0]LogConfig: Setting CVar [[r.DOF.Gather.PostfilterMethod:1          ; Median3x3 postfilering method]]
[2020.05.18-23.06.48:008][  0]LogConfig: Setting CVar [[r.DOF.Gather.EnableBokehSettings:0       ; no bokeh simulation when gathering]]
[2020.05.18-23.06.48:008][  0]LogConfig: Setting CVar [[r.DOF.Gather.RingCount:4                 ; medium number of samples when gathering]]
[2020.05.18-23.06.48:008][  0]LogConfig: Setting CVar [[r.DOF.Scatter.ForegroundCompositing:1    ; additive foreground scattering]]
[2020.05.18-23.06.48:008][  0]LogConfig: Setting CVar [[r.DOF.Scatter.BackgroundCompositing:2    ; additive background scattering]]
[2020.05.18-23.06.48:008][  0]LogConfig: Setting CVar [[r.DOF.Scatter.EnableBokehSettings:1      ; bokeh simulation when scattering]]
[2020.05.18-23.06.48:008][  0]LogConfig: Setting CVar [[r.DOF.Scatter.MaxSpriteRatio:0.1         ; only a maximum of 10% of scattered bokeh]]
[2020.05.18-23.06.48:008][  0]LogConfig: Setting CVar [[r.DOF.Recombine.Quality:1                ; cheap slight out of focus]]
[2020.05.18-23.06.48:008][  0]LogConfig: Setting CVar [[r.DOF.Recombine.EnableBokehSettings:0    ; no bokeh simulation on slight out of focus]]
[2020.05.18-23.06.48:008][  0]LogConfig: Setting CVar [[r.DOF.TemporalAAQuality:1                ; more stable temporal accumulation]]
[2020.05.18-23.06.48:008][  0]LogConfig: Setting CVar [[r.DOF.Kernel.MaxForegroundRadius:0.025]]
[2020.05.18-23.06.48:008][  0]LogConfig: Setting CVar [[r.DOF.Kernel.MaxBackgroundRadius:0.025]]
[2020.05.18-23.06.48:008][  0]LogConfig: Applying CVar settings from Section [TextureQuality@3] File [C:/Users/Mike/Documents/Unreal Projects/PPMonster/Saved/Config/Windows/Scalability.ini]
[2020.05.18-23.06.48:008][  0]LogConfig: Setting CVar [[r.Streaming.MipBias:0]]
[2020.05.18-23.06.48:008][  0]LogConfig: Setting CVar [[r.Streaming.AmortizeCPUToGPUCopy:0]]
[2020.05.18-23.06.48:008][  0]LogConfig: Setting CVar [[r.Streaming.MaxNumTexturesToStreamPerFrame:0]]
[2020.05.18-23.06.48:008][  0]LogConfig: Setting CVar [[r.Streaming.Boost:1]]
[2020.05.18-23.06.48:008][  0]LogConfig: Setting CVar [[r.MaxAnisotropy:8]]
[2020.05.18-23.06.48:008][  0]LogConfig: Setting CVar [[r.VT.MaxAnisotropy:8]]
[2020.05.18-23.06.48:008][  0]LogConfig: Setting CVar [[r.Streaming.LimitPoolSizeToVRAM:0]]
[2020.05.18-23.06.48:008][  0]LogConfig: Setting CVar [[r.Streaming.PoolSize:1000]]
[2020.05.18-23.06.48:008][  0]LogConfig: Setting CVar [[r.Streaming.MaxEffectiveScreenSize:0]]
[2020.05.18-23.06.48:008][  0]LogConfig: Applying CVar settings from Section [EffectsQuality@3] File [C:/Users/Mike/Documents/Unreal Projects/PPMonster/Saved/Config/Windows/Scalability.ini]
[2020.05.18-23.06.48:008][  0]LogConfig: Setting CVar [[r.TranslucencyLightingVolumeDim:64]]
[2020.05.18-23.06.48:009][  0]LogConfig: Setting CVar [[r.RefractionQuality:2]]
[2020.05.18-23.06.48:009][  0]LogConfig: Setting CVar [[r.SSR.Quality:3]]
[2020.05.18-23.06.48:009][  0]LogConfig: Setting CVar [[r.SSR.HalfResSceneColor:0]]
[2020.05.18-23.06.48:009][  0]LogConfig: Setting CVar [[r.SceneColorFormat:4]]
[2020.05.18-23.06.48:009][  0]LogConfig: Setting CVar [[r.DetailMode:2]]
[2020.05.18-23.06.48:009][  0]LogConfig: Setting CVar [[r.TranslucencyVolumeBlur:1]]
[2020.05.18-23.06.48:009][  0]LogConfig: Setting CVar [[r.MaterialQualityLevel:1 ; High quality]]
[2020.05.18-23.06.48:009][  0]LogConfig: Setting CVar [[r.SSS.Scale:1]]
[2020.05.18-23.06.48:009][  0]LogConfig: Setting CVar [[r.SSS.SampleSet:2]]
[2020.05.18-23.06.48:009][  0]LogConfig: Setting CVar [[r.SSS.Quality:1]]
[2020.05.18-23.06.48:009][  0]LogConfig: Setting CVar [[r.SSS.HalfRes:1]]
[2020.05.18-23.06.48:009][  0]LogConfig: Setting CVar [[r.SSGI.Quality:3]]
[2020.05.18-23.06.48:009][  0]LogConfig: Setting CVar [[r.EmitterSpawnRateScale:1.0]]
[2020.05.18-23.06.48:009][  0]LogConfig: Setting CVar [[r.ParticleLightQuality:2]]
[2020.05.18-23.06.48:009][  0]LogConfig: Setting CVar [[r.SkyAtmosphere.AerialPerspectiveLUT.FastApplyOnOpaque:1 ; Always have FastSkyLUT 1 in this case to avoid wrong sky]]
[2020.05.18-23.06.48:009][  0]LogConfig: Setting CVar [[r.SkyAtmosphere.AerialPerspectiveLUT.SampleCountPerSlice:1]]
[2020.05.18-23.06.48:009][  0]LogConfig: Setting CVar [[r.SkyAtmosphere.AerialPerspectiveLUT.DepthResolution:16.0]]
[2020.05.18-23.06.48:009][  0]LogConfig: Setting CVar [[r.SkyAtmosphere.FastSkyLUT:1]]
[2020.05.18-23.06.48:009][  0]LogConfig: Setting CVar [[r.SkyAtmosphere.FastSkyLUT.SampleCountMin:4.0]]
[2020.05.18-23.06.48:009][  0]LogConfig: Setting CVar [[r.SkyAtmosphere.FastSkyLUT.SampleCountMax:32.0]]
[2020.05.18-23.06.48:009][  0]LogConfig: Setting CVar [[r.SkyAtmosphere.SampleCountMin:4.0]]
[2020.05.18-23.06.48:009][  0]LogConfig: Setting CVar [[r.SkyAtmosphere.SampleCountMax:32.0]]
[2020.05.18-23.06.48:009][  0]LogConfig: Setting CVar [[r.SkyAtmosphere.TransmittanceLUT.UseSmallFormat:0]]
[2020.05.18-23.06.48:009][  0]LogConfig: Setting CVar [[r.SkyAtmosphere.TransmittanceLUT.SampleCount:10.0]]
[2020.05.18-23.06.48:009][  0]LogConfig: Setting CVar [[r.SkyAtmosphere.MultiScatteringLUT.SampleCount:15.0]]
[2020.05.18-23.06.48:009][  0]LogConfig: Applying CVar settings from Section [FoliageQuality@3] File [C:/Users/Mike/Documents/Unreal Projects/PPMonster/Saved/Config/Windows/Scalability.ini]
[2020.05.18-23.06.48:009][  0]LogConfig: Setting CVar [[foliage.DensityScale:1.0]]
[2020.05.18-23.06.48:009][  0]LogConfig: Setting CVar [[grass.DensityScale:1.0]]
[2020.05.18-23.06.48:009][  0]LogConfig: Applying CVar settings from Section [ShadingQuality@3] File [C:/Users/Mike/Documents/Unreal Projects/PPMonster/Saved/Config/Windows/Scalability.ini]
[2020.05.18-23.06.48:009][  0]LogConfig: Setting CVar [[r.HairStrands.SkyLighting.SampleCount:16]]
[2020.05.18-23.06.48:009][  0]LogConfig: Setting CVar [[r.HairStrands.SkyLighting.JitterIntegration:0]]
[2020.05.18-23.06.48:009][  0]LogConfig: Setting CVar [[r.HairStrands.SkyAO.SampleCount:16]]
[2020.05.18-23.06.48:009][  0]LogConfig: Applying CVar settings from Section [Startup] File [../../../Engine/Config/ConsoleVariables.ini]
[2020.05.18-23.06.48:009][  0]LogConfig: Setting CVar [[net.UseAdaptiveNetUpdateFrequency:0]]
[2020.05.18-23.06.48:009][  0]LogConfig: Setting CVar [[p.chaos.AllowCreatePhysxBodies:1]]
[2020.05.18-23.06.48:010][  0]LogConfig: Applying CVar settings from Section [ConsoleVariables] File [C:/Users/Mike/Documents/Unreal Projects/PPMonster/Saved/Config/Windows/Engine.ini]
[2020.05.18-23.06.48:010][  0]LogInit: Computer: DESKTOP-H5BPARH
[2020.05.18-23.06.48:010][  0]LogInit: User: Mike
[2020.05.18-23.06.48:010][  0]LogInit: CPU Page size=4096, Cores=4
[2020.05.18-23.06.48:010][  0]LogInit: High frequency timer resolution =10.000000 MHz
[2020.05.18-23.06.48:010][  0]LogMemory: Memory total: Physical=23.9GB (24GB approx)
[2020.05.18-23.06.48:010][  0]LogMemory: Platform Memory Stats for Windows
[2020.05.18-23.06.48:010][  0]LogMemory: Process Physical Memory: 105.78 MB used, 105.78 MB peak
[2020.05.18-23.06.48:010][  0]LogMemory: Process Virtual Memory: 100.64 MB used, 100.64 MB peak
[2020.05.18-23.06.48:010][  0]LogMemory: Physical Memory: 8206.78 MB used,  16317.48 MB free, 24524.26 MB total
[2020.05.18-23.06.48:010][  0]LogMemory: Virtual Memory: 5103.21 MB used,  134212624.00 MB free, 134217728.00 MB total
[2020.05.18-23.06.48:017][  0]LogWindows: WindowsPlatformFeatures enabled
[2020.05.18-23.06.48:042][  0]LogInit: Using OS detected language (en-US).
[2020.05.18-23.06.48:042][  0]LogInit: Using OS detected locale (en-US).
[2020.05.18-23.06.48:044][  0]LogTextLocalizationManager: No specific localization for 'en-US' exists, so the 'en' localization will be used.
[2020.05.18-23.06.48:271][  0]LogInit: Setting process to per monitor DPI aware
[2020.05.18-23.06.48:333][  0]LogSlate: New Slate User Created.  User Index 0, Is Virtual User: 0
[2020.05.18-23.06.48:333][  0]LogSlate: Slate User Registered.  User Index 0, Is Virtual User: 0
[2020.05.18-23.06.48:558][  0]LogD3D12RHI: Aftermath initialized
[2020.05.18-23.06.48:558][  0]LogD3D12RHI: Loading WinPixEventRuntime.dll for PIX profiling (from ../../../Engine/Binaries/ThirdParty/Windows/DirectX/x64).
[2020.05.18-23.06.48:567][  0]LogHMD: Failed to initialize OpenVR with code 110
[2020.05.18-23.06.48:711][  0]LogD3D12RHI: Found D3D12 adapter 0: Radeon (TM) RX 480 Graphics (Max supported Feature Level 12_0)
[2020.05.18-23.06.48:711][  0]LogD3D12RHI: Adapter has 8171MB of dedicated video memory, 0MB of dedicated system memory, and 12262MB of shared system memory, 1 output[s]
[2020.05.18-23.06.48:728][  0]LogD3D12RHI: Found D3D12 adapter 1: Microsoft Basic Render Driver (Max supported Feature Level 12_1)
[2020.05.18-23.06.48:728][  0]LogD3D12RHI: Adapter has 0MB of dedicated video memory, 0MB of dedicated system memory, and 12262MB of shared system memory, 0 output[s]
[2020.05.18-23.06.48:728][  0]LogD3D12RHI: Chosen D3D12 Adapter Id = 0
[2020.05.18-23.06.48:757][  0]LogD3D12RHI: Emitting draw events for PIX profiling.
[2020.05.18-23.06.48:868][  0]LogD3D12RHI: The system supports ID3D12Device1.
[2020.05.18-23.06.48:868][  0]LogD3D12RHI: The system supports ID3D12Device2.
[2020.05.18-23.06.48:922][  0]LogD3D12RHI: Display: Not using pipeline state disk cache per r.D3D12.PSO.DiskCache=0
[2020.05.18-23.06.48:922][  0]LogD3D12RHI: Display: Not using driver-optimized pipeline state disk cache per r.D3D12.PSO.DriverOptimizedDiskCache=0
[2020.05.18-23.06.48:923][  0]LogD3D12RHI:     GPU DeviceId: 0x67df (for the marketing name, search the web for "GPU Device Id")
[2020.05.18-23.06.48:923][  0]LogWindows: EnumDisplayDevices:
[2020.05.18-23.06.48:923][  0]LogWindows:    0. 'Radeon (TM) RX 480 Graphics' (P:1 D:1)
[2020.05.18-23.06.48:924][  0]LogWindows:    1. 'Radeon (TM) RX 480 Graphics' (P:0 D:0)
[2020.05.18-23.06.48:924][  0]LogWindows:    2. 'Radeon (TM) RX 480 Graphics' (P:0 D:0)
[2020.05.18-23.06.48:925][  0]LogWindows:    3. 'Radeon (TM) RX 480 Graphics' (P:0 D:0)
[2020.05.18-23.06.48:926][  0]LogWindows:    4. 'Radeon (TM) RX 480 Graphics' (P:0 D:0)
[2020.05.18-23.06.48:926][  0]LogWindows:    5. 'Radeon (TM) RX 480 Graphics' (P:0 D:0)
[2020.05.18-23.06.48:927][  0]LogWindows:    6. 'Radeon (TM) RX 480 Graphics' (P:0 D:0)
[2020.05.18-23.06.48:928][  0]LogWindows:    7. 'Radeon (TM) RX 480 Graphics' (P:0 D:0)
[2020.05.18-23.06.48:928][  0]LogWindows: DebugString: FoundDriverCount:8 
[2020.05.18-23.06.48:928][  0]LogD3D12RHI:     Adapter Name: Radeon (TM) RX 480 Graphics
[2020.05.18-23.06.48:928][  0]LogD3D12RHI:   Driver Version: Adrenalin 2020 20.4.2 (internal:26.20.15029.27016, unified:26.20.15029.27016)
[2020.05.18-23.06.48:928][  0]LogD3D12RHI:      Driver Date: 4-21-2020
[2020.05.18-23.06.48:928][  0]LogRHI: Texture pool is 4376 MB (70% of 6251 MB)
[2020.05.18-23.06.48:928][  0]LogD3D12RHI: Async texture creation enabled
[2020.05.18-23.06.48:928][  0]LogD3D12RHI: RHI does not have support for 64 bit atomics
[2020.05.18-23.06.49:389][  0]LogTargetPlatformManager: Display: Loaded TargetPlatform 'AllDesktop'
[2020.05.18-23.06.49:433][  0]LogTargetPlatformManager: Display: Loaded TargetPlatform 'Android'
[2020.05.18-23.06.49:433][  0]LogTargetPlatformManager: Display: Loaded TargetPlatform 'Android_ASTC'
[2020.05.18-23.06.49:433][  0]LogTargetPlatformManager: Display: Loaded TargetPlatform 'Android_ATC'
[2020.05.18-23.06.49:433][  0]LogTargetPlatformManager: Display: Loaded TargetPlatform 'Android_DXT'
[2020.05.18-23.06.49:433][  0]LogTargetPlatformManager: Display: Loaded TargetPlatform 'Android_ETC1'
[2020.05.18-23.06.49:433][  0]LogTargetPlatformManager: Display: Loaded TargetPlatform 'Android_ETC1a'
[2020.05.18-23.06.49:433][  0]LogTargetPlatformManager: Display: Loaded TargetPlatform 'Android_ETC2'
[2020.05.18-23.06.49:433][  0]LogTargetPlatformManager: Display: Loaded TargetPlatform 'Android_PVRTC'
[2020.05.18-23.06.49:433][  0]LogTargetPlatformManager: Display: Loaded TargetPlatform 'AndroidClient'
[2020.05.18-23.06.49:433][  0]LogTargetPlatformManager: Display: Loaded TargetPlatform 'Android_ASTCClient'
[2020.05.18-23.06.49:433][  0]LogTargetPlatformManager: Display: Loaded TargetPlatform 'Android_ATCClient'
[2020.05.18-23.06.49:433][  0]LogTargetPlatformManager: Display: Loaded TargetPlatform 'Android_DXTClient'
[2020.05.18-23.06.49:433][  0]LogTargetPlatformManager: Display: Loaded TargetPlatform 'Android_ETC1Client'
[2020.05.18-23.06.49:433][  0]LogTargetPlatformManager: Display: Loaded TargetPlatform 'Android_ETC1aClient'
[2020.05.18-23.06.49:433][  0]LogTargetPlatformManager: Display: Loaded TargetPlatform 'Android_ETC2Client'
[2020.05.18-23.06.49:433][  0]LogTargetPlatformManager: Display: Loaded TargetPlatform 'Android_PVRTCClient'
[2020.05.18-23.06.49:433][  0]LogTargetPlatformManager: Display: Loaded TargetPlatform 'Android_Multi'
[2020.05.18-23.06.49:433][  0]LogTargetPlatformManager: Display: Loaded TargetPlatform 'Android_MultiClient'
[2020.05.18-23.06.49:459][  0]LogTargetPlatformManager: Display: Loaded TargetPlatform 'IOSClient'
[2020.05.18-23.06.49:459][  0]LogTargetPlatformManager: Display: Loaded TargetPlatform 'IOS'
[2020.05.18-23.06.49:470][  0]LogTargetPlatformManager: Display: Loaded TargetPlatform 'LinuxNoEditor'
[2020.05.18-23.06.49:480][  0]LogTargetPlatformManager: Display: Loaded TargetPlatform 'LinuxClient'
[2020.05.18-23.06.49:491][  0]LogTargetPlatformManager: Display: Loaded TargetPlatform 'LinuxServer'
[2020.05.18-23.06.49:501][  0]LogTargetPlatformManager: Display: Loaded TargetPlatform 'LinuxAArch64NoEditor'
[2020.05.18-23.06.49:511][  0]LogTargetPlatformManager: Display: Loaded TargetPlatform 'LinuxAArch64Client'
[2020.05.18-23.06.49:521][  0]LogTargetPlatformManager: Display: Loaded TargetPlatform 'LinuxAArch64Server'
[2020.05.18-23.06.49:555][  0]LogTargetPlatformManager: Display: Loaded TargetPlatform 'Lumin'
[2020.05.18-23.06.49:555][  0]LogTargetPlatformManager: Display: Loaded TargetPlatform 'LuminClient'
[2020.05.18-23.06.49:576][  0]LogTargetPlatformManager: Display: Loaded TargetPlatform 'TVOSClient'
[2020.05.18-23.06.49:576][  0]LogTargetPlatformManager: Display: Loaded TargetPlatform 'TVOS'
[2020.05.18-23.06.49:586][  0]LogTargetPlatformManager: Display: Loaded TargetPlatform 'WindowsNoEditor'
[2020.05.18-23.06.49:598][  0]LogTargetPlatformManager: Display: Loaded TargetPlatform 'Windows'
[2020.05.18-23.06.49:608][  0]LogTargetPlatformManager: Display: Loaded TargetPlatform 'WindowsClient'
[2020.05.18-23.06.49:619][  0]LogTargetPlatformManager: Display: Loaded TargetPlatform 'WindowsServer'
[2020.05.18-23.06.49:619][  0]LogTargetPlatformManager: Display: Building Assets For Windows
[2020.05.18-23.06.49:622][  0]LogAudioDebug: Display: Lib vorbis DLL was dynamically loaded.
[2020.05.18-23.06.49:651][  0]LogShaderCompilers: Guid format shader working directory is -5 characters bigger than the processId version (C:/Users/Mike/Documents/Unreal Projects/PPMonster/Intermediate/Shaders/WorkingDirectory/16948/).
[2020.05.18-23.06.49:651][  0]LogShaderCompilers: Cleaned the shader compiler working directory 'C:/Users/Mike/AppData/Local/Temp/UnrealShaderWorkingDir/69BB3C66457FB537A3C6D0AB4B0A7EAA/'.
[2020.05.18-23.06.49:652][  0]LogXGEController: Cleaning working directory: C:/Users/Mike/AppData/Local/Temp/UnrealXGEWorkingDir/
[2020.05.18-23.06.49:652][  0]LogXGEController: Cannot use XGE Controller as Incredibuild is not installed on this machine.
[2020.05.18-23.06.49:652][  0]LogShaderCompilers: Cannot use XGE Shader Compiler as Incredibuild is not installed on this machine.
[2020.05.18-23.06.49:652][  0]LogShaderCompilers: Display: Using Local Shader Compiler.
[2020.05.18-23.06.50:814][  0]LogDerivedDataCache: Display: Max Cache Size: 512 MB
[2020.05.18-23.06.50:901][  0]LogDerivedDataCache: Loaded boot cache 0.09s 91MB C:/Users/Mike/AppData/Local/UnrealEngine/4.24/DerivedDataCache/Boot.ddc.
[2020.05.18-23.06.50:902][  0]LogDerivedDataCache: Display: Loaded Boot cache: C:/Users/Mike/AppData/Local/UnrealEngine/4.24/DerivedDataCache/Boot.ddc
[2020.05.18-23.06.50:902][  0]LogDerivedDataCache: FDerivedDataBackendGraph:  Pak pak cache file C:/Users/Mike/Documents/Unreal Projects/PPMonster/DerivedDataCache/DDC.ddp not found, will not use a pak cache.
[2020.05.18-23.06.50:902][  0]LogDerivedDataCache: Unable to find inner node Pak for hierarchical cache Hierarchy.
[2020.05.18-23.06.50:902][  0]LogDerivedDataCache: FDerivedDataBackendGraph:  CompressedPak pak cache file C:/Users/Mike/Documents/Unreal Projects/PPMonster/DerivedDataCache/Compressed.ddp not found, will not use a pak cache.
[2020.05.18-23.06.50:902][  0]LogDerivedDataCache: Unable to find inner node CompressedPak for hierarchical cache Hierarchy.
[2020.05.18-23.06.50:914][  0]LogDerivedDataCache: Display: Pak cache opened for reading ../../../Engine/DerivedDataCache/Compressed.ddp.
[2020.05.18-23.06.50:914][  0]LogDerivedDataCache: FDerivedDataBackendGraph:  EnterprisePak pak cache file ../../../Enterprise/DerivedDataCache/Compressed.ddp not found, will not use a pak cache.
[2020.05.18-23.06.50:914][  0]LogDerivedDataCache: Unable to find inner node EnterprisePak for hierarchical cache Hierarchy.
[2020.05.18-23.06.50:915][  0]LogDerivedDataCache: Using Local data cache path C:/Users/Mike/AppData/Local/UnrealEngine/Common/DerivedDataCache: Writable
[2020.05.18-23.06.50:916][  0]LogDerivedDataCache: Shared data cache path not found in *engine.ini, will not use an Shared cache.
[2020.05.18-23.06.50:916][  0]LogDerivedDataCache: Unable to find inner node Shared for hierarchical cache Hierarchy.
[2020.05.18-23.06.50:956][  0]LogMaterial: Verifying Global Shaders for PCD3D_SM5
[2020.05.18-23.06.50:960][  0]LogSlate: Using FreeType 2.10.0
[2020.05.18-23.06.50:961][  0]LogSlate: SlateFontServices - WITH_FREETYPE: 1, WITH_HARFBUZZ: 1
[2020.05.18-23.06.51:037][  0]LogAssetRegistry: FAssetRegistry took 0.0036 seconds to start up
[2020.05.18-23.06.51:487][  0]LogInit: Selected Device Profile: [Windows]
[2020.05.18-23.06.51:697][  0]LogMeshReduction: Using QuadricMeshReduction for automatic static mesh reduction
[2020.05.18-23.06.51:697][  0]LogMeshReduction: Using SimplygonMeshReduction for automatic skeletal mesh reduction
[2020.05.18-23.06.51:697][  0]LogMeshReduction: Using ProxyLODMeshReduction for automatic mesh merging
[2020.05.18-23.06.51:697][  0]LogMeshReduction: No distributed automatic mesh merging module available
[2020.05.18-23.06.51:697][  0]LogMeshMerging: No distributed automatic mesh merging module available
[2020.05.18-23.06.51:712][  0]LogNetVersion: PPMonster 1.0.0, NetCL: 10570792, EngineNetVer: 13, GameNetVer: 0 (Checksum: 1387416426)
[2020.05.18-23.06.53:105][  0]LogPackageLocalizationCache: Processed 11 localized package path(s) for 1 prioritized culture(s) in 0.050270 seconds
[2020.05.18-23.06.53:114][  0]LogUObjectArray: 46750 objects as part of root set at end of initial load.
[2020.05.18-23.06.53:114][  0]LogUObjectAllocator: 8137160 out of 0 bytes used by permanent object pool.
[2020.05.18-23.06.53:114][  0]LogUObjectArray: CloseDisregardForGC: 0/0 objects in disregard for GC pool
[2020.05.18-23.06.53:630][  0]LogSubstanceCoreModule: Substance [CPU] Engine Loaded, Max Texture Size = 2048
[2020.05.18-23.06.53:636][  0]LogTcpMessaging: Initializing TcpMessaging bridge
[2020.05.18-23.06.53:640][  0]LogUdpMessaging: Initializing bridge on interface 0.0.0.0:0 to multicast group 230.0.0.1:6666.
[2020.05.18-23.06.53:709][  0]SourceControl: Source control is disabled
[2020.05.18-23.06.53:709][  0]SourceControl: Source control is disabled
[2020.05.18-23.06.53:710][  0]SourceControl: Source control is disabled
[2020.05.18-23.06.53:711][  0]SourceControl: Source control is disabled
[2020.05.18-23.06.53:712][  0]SourceControl: Source control is disabled
[2020.05.18-23.06.53:826][  0]LogAndroidPermission: UAndroidPermissionCallbackProxy::GetInstance
[2020.05.18-23.06.53:840][  0]LogAudioCaptureCore: Display: No Audio Capture implementations found. Audio input will be silent.
[2020.05.18-23.06.53:840][  0]LogAudioCaptureCore: Display: No Audio Capture implementations found. Audio input will be silent.
[2020.05.18-23.06.53:952][  0]LogOcInput: OculusInput pre-init called
[2020.05.18-23.06.53:962][  0]LogWindows: Failed to load 'OVRPlugin.dll' (GetLastError=126)
[2020.05.18-23.06.53:962][  0]LogWindows: File 'OVRPlugin.dll' does not exist
[2020.05.18-23.06.54:145][  0]LogEngine: Initializing Engine...
[2020.05.18-23.06.54:146][  0]LogHMD: Failed to initialize OpenVR with code 110
[2020.05.18-23.06.54:147][  0]LogStats: UGameplayTagsManager::InitializeManager -  0.000 s
[2020.05.18-23.06.54:573][  0]LogInit: Initializing FReadOnlyCVARCache
[2020.05.18-23.06.54:583][  0]LogAIModule: Creating AISystem for world Untitled
[2020.05.18-23.06.54:590][  0]LogAudioMixer: Display: Audio Mixer Platform Settings:
[2020.05.18-23.06.54:590][  0]LogAudioMixer: Display: 	Sample Rate:						  48000
[2020.05.18-23.06.54:590][  0]LogAudioMixer: Display: 	Callback Buffer Frame Size Requested: 1024
[2020.05.18-23.06.54:590][  0]LogAudioMixer: Display: 	Callback Buffer Frame Size To Use:	  1024
[2020.05.18-23.06.54:590][  0]LogAudioMixer: Display: 	Number of buffers to queue:			  2
[2020.05.18-23.06.54:590][  0]LogAudioMixer: Display: 	Max Channels (voices):				  32
[2020.05.18-23.06.54:590][  0]LogAudioMixer: Display: 	Number of Async Source Workers:		  0
[2020.05.18-23.06.54:590][  0]LogAudio: Display: AudioDevice MaxSources: 32
[2020.05.18-23.06.54:591][  0]LogAudio: Display: Using built-in audio occlusion.
[2020.05.18-23.06.54:591][  0]LogAudioMixer: Display: Initializing audio mixer.
[2020.05.18-23.06.54:708][  0]LogAudioMixer: Display: Audio Device Output Speaker Info:
[2020.05.18-23.06.54:708][  0]LogAudioMixer: Display: Name: 3 - Philips FTV (2- AMD High Definition Audio Device)
[2020.05.18-23.06.54:708][  0]LogAudioMixer: Display: Is Default: Yes
[2020.05.18-23.06.54:708][  0]LogAudioMixer: Display: Sample Rate: 48000
[2020.05.18-23.06.54:708][  0]LogAudioMixer: Display: Channel Count Used: 2
[2020.05.18-23.06.54:708][  0]LogAudioMixer: Display: Device Channel Count: 2
[2020.05.18-23.06.54:708][  0]LogAudioMixer: Display: Channel Order:
[2020.05.18-23.06.54:708][  0]LogAudioMixer: Display: 0: FrontLeft
[2020.05.18-23.06.54:708][  0]LogAudioMixer: Display: 1: FrontRight
[2020.05.18-23.06.54:750][  0]LogAudioMixer: Display: Using Audio Device 3 - Philips FTV (2- AMD High Definition Audio Device)
[2020.05.18-23.06.54:756][  0]LogInit: FAudioDevice initialized.
[2020.05.18-23.06.54:756][  0]LogNetVersion: Set ProjectVersion to 1.0.0.0. Version Checksum will be recalculated on next use.
[2020.05.18-23.06.55:004][  0]LogDerivedDataCache: Saved boot cache 0.25s 79MB C:/Users/Mike/AppData/Local/UnrealEngine/4.24/DerivedDataCache/Boot.ddc.
[2020.05.18-23.06.55:008][  0]LogInit: Texture streaming: Enabled
[2020.05.18-23.06.55:077][  0]LogInit: Transaction tracking system initialized
[2020.05.18-23.06.55:090][  0]BlueprintLog: New page: Editor Load
[2020.05.18-23.06.55:127][  0]LocalizationService: Localization service is disabled
[2020.05.18-23.06.55:461][  0]LogCook: Display: Max memory allowance for cook 16384mb min free memory 0mb
[2020.05.18-23.06.55:461][  0]LogCook: Display: Mobile HDR setting 1
[2020.05.18-23.06.55:563][  0]LogFileCache: Scanning file cache for directory 'C:/Users/Mike/Documents/Unreal Projects/PPMonster/Content/' took 0.01s
[2020.05.18-23.06.56:498][  0]SourceControl: Source control is disabled
[2020.05.18-23.06.56:498][  0]Cmd: MAP LOAD FILE="C:/Users/Mike/Documents/Unreal Projects/PPMonster/Content/FirstPersonBP/Maps/FirstPersonExampleMap.umap" TEMPLATE=0 SHOWPROGRESS=1 FEATURELEVEL=3
[2020.05.18-23.06.56:499][  0]LightingResults: New page: Lighting Build
[2020.05.18-23.06.56:499][  0]LogWorld: UWorld::CleanupWorld for Untitled, bSessionEnded=true, bCleanupResources=true
[2020.05.18-23.06.56:500][  0]LogSlate: InvalidateAllWidgets triggered.  All widgets were invalidated
[2020.05.18-23.06.56:500][  0]MapCheck: New page: Map Check
[2020.05.18-23.06.56:500][  0]LightingResults: New page: Lighting Build
[2020.05.18-23.06.56:614][  0]LogUObjectHash: Compacting FUObjectHashTables data took   3.04ms
[2020.05.18-23.06.57:422][  0]LogAIModule: Creating AISystem for world FirstPersonExampleMap
[2020.05.18-23.06.57:443][  0]LogEditorServer: Finished looking for orphan Actors (0.000 secs)
[2020.05.18-23.06.57:444][  0]LogNavigation: Warning: Recreating dtNavMesh instance due to saved navmesh origin (X=0.000 Y=-0.001 Z=258.696, usually the RecastNavMesh location) not being aligned with tile size (988 uu) 
[2020.05.18-23.06.57:577][  0]LogUObjectHash: Compacting FUObjectHashTables data took   4.27ms
[2020.05.18-23.06.57:578][  0]Cmd: MAP CHECKDEP NOCLEARLOG
[2020.05.18-23.06.57:578][  0]MapCheck: Map check complete: 0 Error(s), 0 Warning(s), took 0.263ms to complete.
[2020.05.18-23.06.57:578][  0]LogFileHelpers: Loading map 'FirstPersonExampleMap' took 1.080
[2020.05.18-23.06.57:578][  0]LogAssetRegistry: Flushing asset discovery search because of synchronous request, this can take several seconds...
[2020.05.18-23.06.57:617][  0]LogAssetRegistry: Asset discovery search completed in 0.0392 seconds
[2020.05.18-23.06.57:627][  0]LogCollectionManager: Loaded 0 collections in 0.003798 seconds
[2020.05.18-23.06.57:629][  0]LogFileCache: Scanning file cache for directory 'C:/Users/Mike/Documents/Unreal Projects/PPMonster/Saved/Collections/' took 0.00s
[2020.05.18-23.06.57:629][  0]LogFileCache: s
[2020.05.18-23.06.57:629][  0]LogCollectionManager: Fixed up redirectors for 0 collections in 0.000008 seconds (updated 0 objects)
[2020.05.18-23.06.57:680][  0]LogFileCache: Scanning file cache for directory 'C:/Users/Mike/Documents/Unreal Projects/PPMonster/Content/Collections/' took 0.00s
[2020.05.18-23.06.57:828][  0]LogSlate: Updating window title bar state: overlay mode, drag disabled, window buttons hidden, title bar hidden
[2020.05.18-23.06.57:837][  0]LogSlate: Updating window title bar state: overlay mode, drag disabled, window buttons hidden, title bar hidden
[2020.05.18-23.06.57:846][  0]LogSlate: Updating window title bar state: overlay mode, drag disabled, window buttons hidden, title bar hidden
[2020.05.18-23.06.57:855][  0]LogSlate: Updating window title bar state: overlay mode, drag disabled, window buttons hidden, title bar hidden
[2020.05.18-23.06.57:872][  0]LogContentBrowser: Native class hierarchy populated in 0.0127 seconds. Added 3027 classes and 726 folders.
[2020.05.18-23.06.57:878][  0]LogContentBrowser: Native class hierarchy updated for 'WidgetCarousel' in 0.0003 seconds. Added 0 classes and 0 folders.
[2020.05.18-23.06.57:983][  0]LogContentBrowser: Native class hierarchy updated for 'AddContentDialog' in 0.0003 seconds. Added 0 classes and 0 folders.
[2020.05.18-23.06.58:266][  0]LogSlate: Took 0.000355 seconds to synchronously load lazily loaded font '../../../Engine/Content/Slate/Fonts/Roboto-Regular.ttf' (155K)
[2020.05.18-23.06.58:273][  0]LogSlate: Took 0.000304 seconds to synchronously load lazily loaded font '../../../Engine/Content/Slate/Fonts/Roboto-Bold.ttf' (160K)
[2020.05.18-23.06.58:276][  0]LogSlate: Took 0.000221 seconds to synchronously load lazily loaded font '../../../Engine/Content/Editor/Slate/Fonts/FontAwesome.ttf' (139K)
[2020.05.18-23.06.58:380][  0]LogRenderer: Reallocating scene render targets to support 1236x600 Format 10 NumSamples 1 (Frame:1).
[2020.05.18-23.06.58:591][  0]LogSlate: Took 0.000318 seconds to synchronously load lazily loaded font '../../../Engine/Content/Slate/Fonts/Roboto-Light.ttf' (167K)
[2020.05.18-23.06.58:700][  0]LogContentBrowser: Native class hierarchy updated for 'HierarchicalLODOutliner' in 0.0004 seconds. Added 0 classes and 0 folders.
[2020.05.18-23.06.58:700][  0]LogLoad: (Engine Initialization) Total time: 13.02 seconds
[2020.05.18-23.06.58:700][  0]LogLoad: (Engine Initialization) Total Blueprint compile time: 0.00 seconds
[2020.05.18-23.06.58:732][  0]LogContentStreaming: Texture pool size now 1000 MB
[2020.05.18-23.06.58:756][  1]LogSubstanceLiveLink: Warning: Unable to send data along socket, closing connection
[2020.05.18-23.07.04:831][658]Cmd: CLOSE_SLATE_MAINFRAME
[2020.05.18-23.07.04:947][658]LogUObjectHash: Compacting FUObjectHashTables data took   1.04ms
[2020.05.18-23.07.05:062][658]LogSlate: Window 'Plugins' being destroyed
[2020.05.18-23.07.05:071][658]LogDirectoryWatcher: A directory notification for '../../../Engine/Plugins/' was aborted.
[2020.05.18-23.07.05:073][658]LogSlate: Window 'PPMonster - Unreal Editor' being destroyed
[2020.05.18-23.07.05:075][658]LogWindowsTextInputMethodSystem: Display: IME system now deactivated.
[2020.05.18-23.07.05:299][659]Cmd: QUIT_EDITOR
[2020.05.18-23.07.05:299][659]LogCore: Engine exit requested (reason: UUnrealEdEngine::CloseEditor())
[2020.05.18-23.07.05:311][659]LogCore: Engine exit requested (reason: EngineExit() was called; note: exit was already requested)
[2020.05.18-23.07.05:311][659]LogAudioMixer: Display: No commands were queued while flushing the source manager.
[2020.05.18-23.07.05:337][659]LogExit: Preparing to exit.
[2020.05.18-23.07.05:804][659]LogWorld: UWorld::CleanupWorld for None, bSessionEnded=true, bCleanupResources=true
[2020.05.18-23.07.05:804][659]LogExit: Editor shut down
[2020.05.18-23.07.05:805][659]LogExit: Transaction tracking system shut down
[2020.05.18-23.07.05:807][659]LogDemo: Cleaned up 0 splitscreen connections with owner deletion
[2020.05.18-23.07.06:033][659]LogExit: Object subsystem successfully closed.
[2020.05.18-23.07.06:055][659]LogShaderCompilers: Display: Shaders left to compile 0
[2020.05.18-23.07.06:105][659]LogModuleManager: Shutting down and abandoning module HierarchicalLODOutliner (704)
[2020.05.18-23.07.06:105][659]LogModuleManager: Shutting down and abandoning module AddContentDialog (702)
[2020.05.18-23.07.06:119][659]LogModuleManager: Shutting down and abandoning module WidgetCarousel (701)
[2020.05.18-23.07.06:119][659]LogModuleManager: Shutting down and abandoning module EditorWidgets (698)
[2020.05.18-23.07.06:119][659]LogModuleManager: Shutting down and abandoning module SceneOutliner (696)
[2020.05.18-23.07.06:119][659]LogModuleManager: Shutting down and abandoning module LauncherPlatform (694)
[2020.05.18-23.07.06:119][659]LogModuleManager: Shutting down and abandoning module CollectionManager (692)
[2020.05.18-23.07.06:119][659]LogModuleManager: Shutting down and abandoning module StatsViewer (690)
[2020.05.18-23.07.06:119][659]LogModuleManager: Shutting down and abandoning module VirtualTexturingEditor (688)
[2020.05.18-23.07.06:119][659]LogModuleManager: Shutting down and abandoning module FoliageEdit (686)
[2020.05.18-23.07.06:119][659]LogModuleManager: Shutting down and abandoning module LandscapeEditor (684)
[2020.05.18-23.07.06:119][659]LogModuleManager: Shutting down and abandoning module MeshPaintMode (682)
[2020.05.18-23.07.06:119][659]LogModuleManager: Shutting down and abandoning module SceneDepthPickerMode (680)
[2020.05.18-23.07.06:119][659]LogModuleManager: Shutting down and abandoning module ActorPickerMode (678)
[2020.05.18-23.07.06:119][659]LogModuleManager: Shutting down and abandoning module GeometryMode (676)
[2020.05.18-23.07.06:119][659]LogModuleManager: Shutting down and abandoning module TextureAlignMode (674)
[2020.05.18-23.07.06:119][659]LogModuleManager: Shutting down and abandoning module BspMode (672)
[2020.05.18-23.07.06:119][659]LogModuleManager: Shutting down and abandoning module PIEPreviewDeviceProfileSelector (670)
[2020.05.18-23.07.06:119][659]LogModuleManager: Shutting down and abandoning module SequenceRecorderSections (668)
[2020.05.18-23.07.06:120][659]LogModuleManager: Shutting down and abandoning module AutomationWorker (666)
[2020.05.18-23.07.06:120][659]LogModuleManager: Shutting down and abandoning module SteamVREditor (664)
[2020.05.18-23.07.06:120][659]LogModuleManager: Shutting down and abandoning module OculusMR (662)
[2020.05.18-23.07.06:120][659]LogModuleManager: Shutting down and abandoning module AudioCaptureEditor (660)
[2020.05.18-23.07.06:120][659]LogModuleManager: Shutting down and abandoning module MatineeToLevelSequence (658)
[2020.05.18-23.07.06:120][659]LogModuleManager: Shutting down and abandoning module LevelSequenceEditor (656)
[2020.05.18-23.07.06:120][659]LogModuleManager: Shutting down and abandoning module PlacementMode (655)
[2020.05.18-23.07.06:120][659]LogModuleManager: Shutting down and abandoning module MaterialEditor (654)
[2020.05.18-23.07.06:120][659]LogModuleManager: Shutting down and abandoning module ActorSequenceEditor (650)
[2020.05.18-23.07.06:120][659]LogModuleManager: Shutting down and abandoning module WmfMediaFactory (648)
[2020.05.18-23.07.06:120][659]LogModuleManager: Shutting down and abandoning module WmfMediaEditor (646)
[2020.05.18-23.07.06:120][659]LogModuleManager: Shutting down and abandoning module WebMMediaFactory (644)
[2020.05.18-23.07.06:120][659]LogModuleManager: Shutting down and abandoning module WebMMediaEditor (642)
[2020.05.18-23.07.06:120][659]LogModuleManager: Shutting down and abandoning module WebMMedia (640)
[2020.05.18-23.07.06:120][659]LogModuleManager: Shutting down and abandoning module MediaPlayerEditor (638)
[2020.05.18-23.07.06:120][659]LogModuleManager: Shutting down and abandoning module MediaCompositingEditor (636)
[2020.05.18-23.07.06:120][659]LogModuleManager: Shutting down and abandoning module SequenceRecorder (635)
[2020.05.18-23.07.06:120][659]LogModuleManager: Shutting down and abandoning module OpenExrWrapper (632)
[2020.05.18-23.07.06:121][659]LogModuleManager: Shutting down and abandoning module ImgMediaFactory (630)
[2020.05.18-23.07.06:121][659]LogModuleManager: Shutting down and abandoning module ImgMediaEditor (628)
[2020.05.18-23.07.06:121][659]LogModuleManager: Shutting down and abandoning module AvfMediaFactory (626)
[2020.05.18-23.07.06:121][659]LogModuleManager: Shutting down and abandoning module AvfMediaEditor (624)
[2020.05.18-23.07.06:121][659]LogModuleManager: Shutting down and abandoning module AndroidMediaFactory (622)
[2020.05.18-23.07.06:121][659]LogModuleManager: Shutting down and abandoning module AndroidMediaEditor (620)
[2020.05.18-23.07.06:121][659]LogModuleManager: Shutting down and abandoning module MagicLeapMediaCodecFactory (618)
[2020.05.18-23.07.06:121][659]LogModuleManager: Shutting down and abandoning module MagicLeapMediaFactory (616)
[2020.05.18-23.07.06:121][659]LogModuleManager: Shutting down and abandoning module MagicLeapMediaEditor (614)
[2020.05.18-23.07.06:121][659]LogModuleManager: Shutting down and abandoning module CharacterAI (612)
[2020.05.18-23.07.06:121][659]LogModuleManager: Shutting down and abandoning module SmartSnapping (610)
[2020.05.18-23.07.06:121][659]LogModuleManager: Shutting down and abandoning module SessionServices (608)
[2020.05.18-23.07.06:121][659]LogModuleManager: Shutting down and abandoning module MeshPaint (606)
[2020.05.18-23.07.06:121][659]LogModuleManager: Shutting down and abandoning module ViewportSnapping (604)
[2020.05.18-23.07.06:121][659]LogModuleManager: Shutting down and abandoning module ViewportInteraction (602)
[2020.05.18-23.07.06:121][659]LogModuleManager: Shutting down and abandoning module ClothPainter (600)
[2020.05.18-23.07.06:121][659]LogModuleManager: Shutting down and abandoning module SkeletalMeshEditor (599)
[2020.05.18-23.07.06:121][659]LogModuleManager: Shutting down and abandoning module LogVisualizer (596)
[2020.05.18-23.07.06:121][659]LogModuleManager: Shutting down and abandoning module IntroTutorials (594)
[2020.05.18-23.07.06:121][659]LogModuleManager: Shutting down and abandoning module GameProjectGeneration (593)
[2020.05.18-23.07.06:121][659]LogModuleManager: Shutting down and abandoning module LuminPlatformEditor (590)
[2020.05.18-23.07.06:122][659]LogModuleManager: Shutting down and abandoning module IOSPlatformEditor (588)
[2020.05.18-23.07.06:122][659]LogModuleManager: Shutting down and abandoning module AndroidPlatformEditor (586)
[2020.05.18-23.07.06:122][659]LogModuleManager: Shutting down and abandoning module AndroidDeviceDetection (585)
[2020.05.18-23.07.06:174][659]LogModuleManager: Shutting down and abandoning module WindowsPlatformEditor (582)
[2020.05.18-23.07.06:174][659]LogModuleManager: Shutting down and abandoning module LuminRuntimeSettings (580)
[2020.05.18-23.07.06:174][659]LogModuleManager: Shutting down and abandoning module IOSRuntimeSettings (578)
[2020.05.18-23.07.06:174][659]LogModuleManager: Shutting down and abandoning module AndroidRuntimeSettings (576)
[2020.05.18-23.07.06:174][659]LogModuleManager: Shutting down and abandoning module EditorInteractiveToolsFramework (574)
[2020.05.18-23.07.06:174][659]LogModuleManager: Shutting down and abandoning module TimeManagementEditor (572)
[2020.05.18-23.07.06:174][659]LogModuleManager: Shutting down and abandoning module InputBindingEditor (570)
[2020.05.18-23.07.06:174][659]LogModuleManager: Shutting down and abandoning module MergeActors (568)
[2020.05.18-23.07.06:174][659]LogModuleManager: Shutting down and abandoning module LocalizationDashboard (566)
[2020.05.18-23.07.06:174][659]LogModuleManager: Shutting down and abandoning module LocalizationService (565)
[2020.05.18-23.07.06:174][659]LogModuleManager: Shutting down and abandoning module HardwareTargeting (562)
[2020.05.18-23.07.06:174][659]LogModuleManager: Shutting down and abandoning module DeviceProfileEditor (560)
[2020.05.18-23.07.06:174][659]LogModuleManager: Shutting down and abandoning module UndoHistory (558)
[2020.05.18-23.07.06:174][659]LogModuleManager: Shutting down and abandoning module XmlParser (556)
[2020.05.18-23.07.06:174][659]LogModuleManager: Shutting down and abandoning module Blutility (554)
[2020.05.18-23.07.06:174][659]LogModuleManager: Shutting down and abandoning module ProjectSettingsViewer (552)
[2020.05.18-23.07.06:174][659]LogModuleManager: Shutting down and abandoning module ProjectTargetPlatformEditor (551)
[2020.05.18-23.07.06:174][659]LogModuleManager: Shutting down and abandoning module EditorSettingsViewer (548)
[2020.05.18-23.07.06:174][659]LogModuleManager: Shutting down and abandoning module SettingsEditor (546)
[2020.05.18-23.07.06:174][659]LogModuleManager: Shutting down and abandoning module ProjectLauncher (544)
[2020.05.18-23.07.06:174][659]LogModuleManager: Shutting down and abandoning module SessionFrontend (542)
[2020.05.18-23.07.06:174][659]LogModuleManager: Shutting down and abandoning module ProfilerClient (540)
[2020.05.18-23.07.06:174][659]LogModuleManager: Shutting down and abandoning module DeviceManager (538)
[2020.05.18-23.07.06:174][659]LogModuleManager: Shutting down and abandoning module TargetDeviceServices (537)
[2020.05.18-23.07.06:208][659]LogModuleManager: Shutting down and abandoning module AutomationController (534)
[2020.05.18-23.07.06:208][659]LogModuleManager: Shutting down and abandoning module AutomationWindow (532)
[2020.05.18-23.07.06:208][659]LogModuleManager: Shutting down and abandoning module Layers (530)
[2020.05.18-23.07.06:208][659]LogModuleManager: Shutting down and abandoning module ComponentVisualizers (528)
[2020.05.18-23.07.06:208][659]LogModuleManager: Shutting down and abandoning module DetailCustomizations (526)
[2020.05.18-23.07.06:208][659]LogModuleManager: Shutting down and abandoning module PackagesDialog (524)
[2020.05.18-23.07.06:208][659]LogModuleManager: Shutting down and abandoning module AnimationBlueprintEditor (522)
[2020.05.18-23.07.06:208][659]LogModuleManager: Shutting down and abandoning module Persona (520)
[2020.05.18-23.07.06:208][659]LogModuleManager: Shutting down and abandoning module AdvancedPreviewScene (519)
[2020.05.18-23.07.06:208][659]LogModuleManager: Shutting down and abandoning module AnimGraph (517)
[2020.05.18-23.07.06:208][659]LogModuleManager: Shutting down and abandoning module Kismet (514)
[2020.05.18-23.07.06:209][659]LogModuleManager: Shutting down and abandoning module KismetWidgets (513)
[2020.05.18-23.07.06:209][659]LogModuleManager: Shutting down and abandoning module GraphEditor (510)
[2020.05.18-23.07.06:209][659]LogModuleManager: Shutting down and abandoning module StructViewer (508)
[2020.05.18-23.07.06:209][659]LogModuleManager: Shutting down and abandoning module ClassViewer (506)
[2020.05.18-23.07.06:209][659]LogModuleManager: Shutting down and abandoning module Toolbox (504)
[2020.05.18-23.07.06:209][659]LogModuleManager: Shutting down and abandoning module ModuleUI (502)
[2020.05.18-23.07.06:209][659]LogModuleManager: Shutting down and abandoning module OutputLog (500)
[2020.05.18-23.07.06:209][659]LogModuleManager: Shutting down and abandoning module GammaUI (498)
[2020.05.18-23.07.06:209][659]LogModuleManager: Shutting down and abandoning module Documentation (496)
[2020.05.18-23.07.06:209][659]LogModuleManager: Shutting down and abandoning module ToolMenus (494)
[2020.05.18-23.07.06:209][659]LogModuleManager: Shutting down and abandoning module LiveCoding (492)
[2020.05.18-23.07.06:209][659]LogModuleManager: Shutting down and abandoning module LevelSequence (490)
[2020.05.18-23.07.06:209][659]LogModuleManager: Shutting down and abandoning module MovieSceneTracks (488)
[2020.05.18-23.07.06:209][659]LogModuleManager: Shutting down and abandoning module MovieScene (486)
[2020.05.18-23.07.06:209][659]LogModuleManager: Shutting down and abandoning module StreamingPauseRendering (484)
[2020.05.18-23.07.06:209][659]LogModuleManager: Shutting down and abandoning module PortalServices (482)
[2020.05.18-23.07.06:209][659]LogModuleManager: Shutting down and abandoning module PortalRpc (480)
[2020.05.18-23.07.06:209][659]LogModuleManager: Shutting down and abandoning module MessagingRpc (478)
[2020.05.18-23.07.06:209][659]LogModuleManager: Shutting down and abandoning module AudioMixerXAudio2 (476)
[2020.05.18-23.07.06:209][659]LogModuleManager: Shutting down and abandoning module AIModule (474)
[2020.05.18-23.07.06:210][659]LogModuleManager: Shutting down and abandoning module GameplayDebugger (473)
[2020.05.18-23.07.06:210][659]LogModuleManager: Shutting down and abandoning module AITestSuite (471)
[2020.05.18-23.07.06:210][659]LogModuleManager: Shutting down and abandoning module NavigationSystem (469)
[2020.05.18-23.07.06:210][659]LogModuleManager: Shutting down and abandoning module ImageWriteQueue (466)
[2020.05.18-23.07.06:215][659]LogModuleManager: Shutting down and abandoning module ProfilerService (464)
[2020.05.18-23.07.06:340][659]LogModuleManager: Shutting down and abandoning module TaskGraph (462)
[2020.05.18-23.07.06:340][659]LogModuleManager: Shutting down and abandoning module SubstanceLiveLink (460)
[2020.05.18-23.07.06:340][659]LogModuleManager: Shutting down and abandoning module SubstanceSource (458)
[2020.05.18-23.07.06:356][659]LogModuleManager: Shutting down and abandoning module SubstanceEditor (456)
[2020.05.18-23.07.06:361][659]LogModuleManager: Shutting down and abandoning module ScreenshotTools (454)
[2020.05.18-23.07.06:361][659]LogModuleManager: Shutting down and abandoning module ProceduralMeshComponentEditor (452)
[2020.05.18-23.07.06:361][659]LogModuleManager: Shutting down and abandoning module ProceduralMeshComponent (450)
[2020.05.18-23.07.06:361][659]LogModuleManager: Shutting down and abandoning module OculusEditor (448)
[2020.05.18-23.07.06:361][659]LogModuleManager: Shutting down and abandoning module OculusInput (446)
[2020.05.18-23.07.06:361][659]LogModuleManager: Shutting down and abandoning module MobilePatchingUtils (444)
[2020.05.18-23.07.06:361][659]LogModuleManager: Shutting down and abandoning module EditableMesh (442)
[2020.05.18-23.07.06:361][659]LogModuleManager: Shutting down and abandoning module CustomMeshComponent (440)
[2020.05.18-23.07.06:361][659]LogModuleManager: Shutting down and abandoning module CableComponent (438)
[2020.05.18-23.07.06:361][659]LogModuleManager: Shutting down and abandoning module AudioCapture (436)
[2020.05.18-23.07.06:361][659]LogModuleManager: Shutting down and abandoning module AudioCaptureRtAudio (435)
[2020.05.18-23.07.06:361][659]LogModuleManager: Shutting down and abandoning module AssetTags (432)
[2020.05.18-23.07.06:361][659]LogModuleManager: Shutting down and abandoning module ArchVisCharacter (430)
[2020.05.18-23.07.06:361][659]LogModuleManager: Shutting down and abandoning module AppleImageUtilsBlueprintSupport (428)
[2020.05.18-23.07.06:361][659]LogModuleManager: Shutting down and abandoning module AppleImageUtils (426)
[2020.05.18-23.07.06:361][659]LogModuleManager: Shutting down and abandoning module AndroidPermission (424)
[2020.05.18-23.07.06:361][659]LogModuleManager: Shutting down and abandoning module NUTUnrealEngine4 (422)
[2020.05.18-23.07.06:361][659]LogModuleManager: Shutting down and abandoning module NetcodeUnitTest (420)
[2020.05.18-23.07.06:362][659]LogModuleManager: Shutting down and abandoning module MediaCompositing (418)
[2020.05.18-23.07.06:362][659]LogModuleManager: Shutting down and abandoning module ImgMedia (416)
[2020.05.18-23.07.06:362][659]LogModuleManager: Shutting down and abandoning module MagicLeapHelperVulkan (414)
[2020.05.18-23.07.06:362][659]LogModuleManager: Shutting down and abandoning module MagicLeapHelperOpenGL (412)
[2020.05.18-23.07.06:362][659]LogModuleManager: Shutting down and abandoning module MagicLeapAudio (410)
[2020.05.18-23.07.06:362][659]LogModuleManager: Shutting down and abandoning module GeometryCacheTracks (408)
[2020.05.18-23.07.06:362][659]LogModuleManager: Shutting down and abandoning module GeometryCacheSequencer (406)
[2020.05.18-23.07.06:362][659]LogModuleManager: Shutting down and abandoning module BackChannel (404)
[2020.05.18-23.07.06:362][659]LogModuleManager: Shutting down and abandoning module AutomationUtilsEditor (402)
[2020.05.18-23.07.06:362][659]LogModuleManager: Shutting down and abandoning module AutomationUtils (400)
[2020.05.18-23.07.06:362][659]LogModuleManager: Shutting down and abandoning module AlembicImporter (398)
[2020.05.18-23.07.06:362][659]LogModuleManager: Shutting down and abandoning module AlembicLibrary (397)
[2020.05.18-23.07.06:362][659]LogModuleManager: Shutting down and abandoning module GeometryCache (396)
[2020.05.18-23.07.06:362][659]LogModuleManager: Shutting down and abandoning module GeometryCacheEd (395)
[2020.05.18-23.07.06:362][659]LogModuleManager: Shutting down and abandoning module VariantManagerContentEditor (390)
[2020.05.18-23.07.06:362][659]LogModuleManager: Shutting down and abandoning module DatasmithContentEditor (388)
[2020.05.18-23.07.06:362][659]LogModuleManager: Shutting down and abandoning module SpeedTreeImporter (386)
[2020.05.18-23.07.06:362][659]LogModuleManager: Shutting down and abandoning module PluginBrowser (384)
[2020.05.18-23.07.06:362][659]LogModuleManager: Shutting down and abandoning module MobileLauncherProfileWizard (382)
[2020.05.18-23.07.06:362][659]LogModuleManager: Shutting down and abandoning module MaterialAnalyzer (380)
[2020.05.18-23.07.06:362][659]LogModuleManager: Shutting down and abandoning module CurveEditorTools (378)
[2020.05.18-23.07.06:362][659]LogModuleManager: Shutting down and abandoning module CryptoKeysOpenSSL (376)
[2020.05.18-23.07.06:362][659]LogModuleManager: Shutting down and abandoning module CryptoKeys (374)
[2020.05.18-23.07.06:362][659]LogModuleManager: Shutting down and abandoning module VisualStudioSourceCodeAccess (372)
[2020.05.18-23.07.06:362][659]LogModuleManager: Shutting down and abandoning module VisualStudioCodeSourceCodeAccess (370)
[2020.05.18-23.07.06:362][659]LogModuleManager: Shutting down and abandoning module UObjectPlugin (368)
[2020.05.18-23.07.06:362][659]LogModuleManager: Shutting down and abandoning module SubversionSourceControl (366)
[2020.05.18-23.07.06:362][659]LogModuleManager: Shutting down and abandoning module PlasticSourceControl (364)
[2020.05.18-23.07.06:362][659]LogModuleManager: Shutting down and abandoning module PerforceSourceControl (362)
[2020.05.18-23.07.06:362][659]LogModuleManager: Shutting down and abandoning module GitSourceControl (360)
[2020.05.18-23.07.06:362][659]LogModuleManager: Shutting down and abandoning module SourceControl (359)
[2020.05.18-23.07.06:363][659]LogModuleManager: Shutting down and abandoning module CLionSourceCodeAccess (356)
[2020.05.18-23.07.06:363][659]LogModuleManager: Shutting down and abandoning module AnimationSharingEd (354)
[2020.05.18-23.07.06:363][659]LogModuleManager: Shutting down and abandoning module ActorLayerUtilitiesEditor (352)
[2020.05.18-23.07.06:363][659]LogModuleManager: Shutting down and abandoning module ActorLayerUtilities (350)
[2020.05.18-23.07.06:363][659]LogModuleManager: Shutting down and abandoning module LightPropagationVolumeEditor (348)
[2020.05.18-23.07.06:363][659]LogModuleManager: Shutting down and abandoning module PaperTiledImporter (346)
[2020.05.18-23.07.06:363][659]LogModuleManager: Shutting down and abandoning module PaperSpriteSheetImporter (344)
[2020.05.18-23.07.06:363][659]LogModuleManager: Shutting down and abandoning module Paper2DEditor (342)
[2020.05.18-23.07.06:363][659]LogModuleManager: Shutting down and abandoning module SignificanceManager (340)
[2020.05.18-23.07.06:363][659]LogModuleManager: Shutting down and abandoning module RuntimePhysXCooking (338)
[2020.05.18-23.07.06:363][659]LogModuleManager: Shutting down and abandoning module PhysXVehiclesEditor (336)
[2020.05.18-23.07.06:363][659]LogModuleManager: Shutting down and abandoning module LocationServicesBPLibrary (332)
[2020.05.18-23.07.06:363][659]LogModuleManager: Shutting down and abandoning module ActorSequence (330)
[2020.05.18-23.07.06:363][659]LogModuleManager: Shutting down and abandoning module UdpMessaging (328)
[2020.05.18-23.07.06:464][659]LogModuleManager: Shutting down and abandoning module TcpMessaging (326)
[2020.05.18-23.07.06:648][659]LogModuleManager: Shutting down and abandoning module SubstanceCore (324)
[2020.05.18-23.07.06:648][659]LogModuleManager: Shutting down and abandoning module MagicLeapPrivileges (322)
[2020.05.18-23.07.06:648][659]LogModuleManager: Shutting down and abandoning module MagicLeapPlanes (320)
[2020.05.18-23.07.06:648][659]LogMagicLeapPlanes: Planes tracker already destroyed.
[2020.05.18-23.07.06:648][659]LogModuleManager: Shutting down and abandoning module MagicLeapIdentity (318)
[2020.05.18-23.07.06:648][659]LogModuleManager: Shutting down and abandoning module MagicLeapSecureStorage (316)
[2020.05.18-23.07.06:648][659]LogModuleManager: Shutting down and abandoning module MagicLeapImageTracker (314)
[2020.05.18-23.07.06:648][659]LogModuleManager: Shutting down and abandoning module MagicLeapHandTracking (312)
[2020.05.18-23.07.06:648][659]LogModuleManager: Shutting down and abandoning module MagicLeapHandMeshing (310)
[2020.05.18-23.07.06:648][659]LogModuleManager: Shutting down and abandoning module MagicLeapEyeTracker (308)
[2020.05.18-23.07.06:648][659]LogModuleManager: Shutting down and abandoning module MagicLeapController (306)
[2020.05.18-23.07.06:648][659]LogSlate: Slate User Destroyed.  User Index 0, Is Virtual User: 0
[2020.05.18-23.07.06:648][659]LogModuleManager: Shutting down and abandoning module MagicLeapARPin (304)
[2020.05.18-23.07.06:648][659]LogModuleManager: Shutting down and abandoning module MagicLeapAR (302)
[2020.05.18-23.07.06:648][659]LogModuleManager: Shutting down and abandoning module AugmentedReality (301)
[2020.05.18-23.07.06:648][659]LogModuleManager: Shutting down and abandoning module GameplayTagsEditor (298)
[2020.05.18-23.07.06:648][659]LogModuleManager: Shutting down and abandoning module FacialAnimationEditor (296)
[2020.05.18-23.07.06:648][659]LogModuleManager: Shutting down and abandoning module FacialAnimation (294)
[2020.05.18-23.07.06:648][659]LogModuleManager: Shutting down and abandoning module DataValidation (292)
[2020.05.18-23.07.06:649][659]LogModuleManager: Shutting down and abandoning module AssetManagerEditor (290)
[2020.05.18-23.07.06:649][659]LogModuleManager: Shutting down and abandoning module LevelEditor (289)
[2020.05.18-23.07.06:649][659]LogModuleManager: Shutting down and abandoning module PixelInspectorModule (288)
[2020.05.18-23.07.06:649][659]LogModuleManager: Shutting down and abandoning module CommonMenuExtensions (286)
[2020.05.18-23.07.06:650][659]LogModuleManager: Shutting down and abandoning module MainFrame (284)
[2020.05.18-23.07.06:650][659]LogModuleManager: Shutting down and abandoning module HotReload (283)
[2020.05.18-23.07.06:650][659]LogModuleManager: Shutting down and abandoning module ContentBrowser (279)
[2020.05.18-23.07.06:651][659]LogModuleManager: Shutting down and abandoning module TreeMap (277)
[2020.05.18-23.07.06:651][659]LogModuleManager: Shutting down and abandoning module AnimationSharing (274)
[2020.05.18-23.07.06:651][659]LogModuleManager: Shutting down and abandoning module LightPropagationVolumeRuntime (272)
[2020.05.18-23.07.06:651][659]LogModuleManager: Shutting down and abandoning module Paper2D (270)
[2020.05.18-23.07.06:651][659]LogModuleManager: Shutting down and abandoning module WindowsMoviePlayer (268)
[2020.05.18-23.07.06:651][659]LogModuleManager: Shutting down and abandoning module WebMMoviePlayer (266)
[2020.05.18-23.07.06:651][659]LogModuleManager: Shutting down and abandoning module NetworkReplayStreaming (264)
[2020.05.18-23.07.06:651][659]LogModuleManager: Shutting down and abandoning module PacketHandler (262)
[2020.05.18-23.07.06:651][659]LogModuleManager: Shutting down and abandoning module ClothingSystemEditor (260)
[2020.05.18-23.07.06:652][659]LogModuleManager: Shutting down and abandoning module ClothingSystemRuntimeNv (258)
[2020.05.18-23.07.06:652][659]LogModuleManager: Shutting down and abandoning module MediaAssets (256)
[2020.05.18-23.07.06:652][659]LogModuleManager: Shutting down and abandoning module Overlay (254)
[2020.05.18-23.07.06:652][659]LogModuleManager: Shutting down and abandoning module OverlayEditor (253)
[2020.05.18-23.07.06:652][659]LogModuleManager: Shutting down and abandoning module VREditor (250)
[2020.05.18-23.07.06:652][659]LogModuleManager: Shutting down and abandoning module StringTableEditor (248)
[2020.05.18-23.07.06:652][659]LogModuleManager: Shutting down and abandoning module GameplayTasksEditor (246)
[2020.05.18-23.07.06:652][659]LogModuleManager: Shutting down and abandoning module BehaviorTreeEditor (244)
[2020.05.18-23.07.06:652][659]LogModuleManager: Shutting down and abandoning module FunctionalTesting (242)
[2020.05.18-23.07.06:652][659]LogModuleManager: Shutting down and abandoning module CollisionAnalyzer (240)
[2020.05.18-23.07.06:652][659]LogModuleManager: Shutting down and abandoning module WorkspaceMenuStructure (239)
[2020.05.18-23.07.06:652][659]LogModuleManager: Shutting down and abandoning module UMG (236)
[2020.05.18-23.07.06:652][659]LogModuleManager: Shutting down and abandoning module UMGEditor (235)
[2020.05.18-23.07.06:652][659]LogModuleManager: Shutting down and abandoning module MessageLog (233)
[2020.05.18-23.07.06:652][659]LogModuleManager: Shutting down and abandoning module SlateReflector (228)
[2020.05.18-23.07.06:652][659]LogModuleManager: Shutting down and abandoning module Slate (226)
[2020.05.18-23.07.06:652][659]LogModuleManager: Shutting down and abandoning module SlateCore (224)
[2020.05.18-23.07.06:652][659]LogModuleManager: Shutting down and abandoning module LandscapeEditorUtilities (222)
[2020.05.18-23.07.06:652][659]LogModuleManager: Shutting down and abandoning module UnrealEd (220)
[2020.05.18-23.07.06:652][659]LogModuleManager: Shutting down and abandoning module MRMesh (218)
[2020.05.18-23.07.06:652][659]LogModuleManager: Shutting down and abandoning module SourceCodeAccess (216)
[2020.05.18-23.07.06:652][659]LogModuleManager: Shutting down and abandoning module HeadMountedDisplay (214)
[2020.05.18-23.07.06:652][659]LogModuleManager: Shutting down and abandoning module XAudio2 (212)
[2020.05.18-23.07.06:652][659]LogModuleManager: Shutting down and abandoning module Networking (210)
[2020.05.18-23.07.06:652][659]LogModuleManager: Shutting down and abandoning module Core (208)
[2020.05.18-23.07.06:652][659]LogModuleManager: Shutting down and abandoning module MovieSceneTools (206)
[2020.05.18-23.07.06:652][659]LogModuleManager: Shutting down and abandoning module CurveEditor (205)
[2020.05.18-23.07.06:652][659]LogModuleManager: Shutting down and abandoning module Sequencer (203)
[2020.05.18-23.07.06:653][659]LogModuleManager: Shutting down and abandoning module EditorStyle (202)
[2020.05.18-23.07.06:654][659]LogModuleManager: Shutting down and abandoning module KismetCompiler (198)
[2020.05.18-23.07.06:654][659]LogModuleManager: Shutting down and abandoning module MeshUtilities (196)
[2020.05.18-23.07.06:654][659]LogModuleManager: Shutting down and abandoning module MeshMergeUtilities (195)
[2020.05.18-23.07.06:654][659]LogModuleManager: Shutting down and abandoning module MeshReductionInterface (194)
[2020.05.18-23.07.06:654][659]LogModuleManager: Shutting down and abandoning module MeshBoneReduction (193)
[2020.05.18-23.07.06:654][659]LogModuleManager: Shutting down and abandoning module SkeletalMeshReduction (191)
[2020.05.18-23.07.06:654][659]LogModuleManager: Shutting down and abandoning module ProxyLODMeshReduction (189)
[2020.05.18-23.07.06:654][659]LogModuleManager: Shutting down and abandoning module QuadricMeshReduction (187)
[2020.05.18-23.07.06:654][659]LogModuleManager: Shutting down and abandoning module MaterialBaking (183)
[2020.05.18-23.07.06:654][659]LogModuleManager: Shutting down and abandoning module NullInstallBundleManager (178)
[2020.05.18-23.07.06:654][659]LogModuleManager: Shutting down and abandoning module DerivedDataCache (176)
[2020.05.18-23.07.06:654][659]LogDerivedDataCache: Shutdown
[2020.05.18-23.07.06:654][659]LogModuleManager: Shutting down and abandoning module XGEController (174)
[2020.05.18-23.07.06:654][659]LogXGEController: Cleaning working directory: C:/Users/Mike/AppData/Local/Temp/UnrealXGEWorkingDir/
[2020.05.18-23.07.06:655][659]LogModuleManager: Shutting down and abandoning module TargetPlatform (172)
[2020.05.18-23.07.06:655][659]LogModuleManager: Shutting down and abandoning module VulkanShaderFormat (171)
[2020.05.18-23.07.06:655][659]LogModuleManager: Shutting down and abandoning module ShaderFormatVectorVM (169)
[2020.05.18-23.07.06:655][659]LogModuleManager: Shutting down and abandoning module ShaderFormatOpenGL (167)
[2020.05.18-23.07.06:655][659]LogModuleManager: Shutting down and abandoning module ShaderFormatD3D (165)
[2020.05.18-23.07.06:655][659]LogModuleManager: Shutting down and abandoning module MetalShaderFormat (163)
[2020.05.18-23.07.06:655][659]LogModuleManager: Shutting down and abandoning module TextureFormatUncompressed (161)
[2020.05.18-23.07.06:655][659]LogModuleManager: Shutting down and abandoning module TextureFormatPVR (159)
[2020.05.18-23.07.06:655][659]LogModuleManager: Shutting down and abandoning module TextureFormatDXT (157)
[2020.05.18-23.07.06:655][659]LogModuleManager: Shutting down and abandoning module TextureFormatIntelISPCTexComp (155)
[2020.05.18-23.07.06:655][659]LogModuleManager: Shutting down and abandoning module TextureFormatASTC (153)
[2020.05.18-23.07.06:655][659]LogModuleManager: Shutting down and abandoning module ImageWrapper (152)
[2020.05.18-23.07.06:655][659]LogModuleManager: Shutting down and abandoning module TextureFormatAndroid (149)
[2020.05.18-23.07.06:655][659]LogModuleManager: Shutting down and abandoning module AudioFormatOpus (147)
[2020.05.18-23.07.06:655][659]LogModuleManager: Shutting down and abandoning module AudioFormatOgg (145)
[2020.05.18-23.07.06:655][659]LogModuleManager: Shutting down and abandoning module AudioFormatADPCM (143)
[2020.05.18-23.07.06:655][659]LogModuleManager: Shutting down and abandoning module WindowsServerTargetPlatform (141)
[2020.05.18-23.07.06:655][659]LogModuleManager: Shutting down and abandoning module WindowsClientTargetPlatform (139)
[2020.05.18-23.07.06:655][659]LogModuleManager: Shutting down and abandoning module WindowsTargetPlatform (137)
[2020.05.18-23.07.06:655][659]LogModuleManager: Shutting down and abandoning module WindowsNoEditorTargetPlatform (135)
[2020.05.18-23.07.06:655][659]LogModuleManager: Shutting down and abandoning module TVOSTargetPlatform (133)
[2020.05.18-23.07.06:656][659]LogModuleManager: Shutting down and abandoning module LuminTargetPlatform (131)
[2020.05.18-23.07.06:657][659]LogModuleManager: Shutting down and abandoning module LinuxAArch64ServerTargetPlatform (129)
[2020.05.18-23.07.06:657][659]LogModuleManager: Shutting down and abandoning module LinuxAArch64ClientTargetPlatform (127)
[2020.05.18-23.07.06:657][659]LogModuleManager: Shutting down and abandoning module LinuxAArch64NoEditorTargetPlatform (125)
[2020.05.18-23.07.06:657][659]LogModuleManager: Shutting down and abandoning module LinuxServerTargetPlatform (123)
[2020.05.18-23.07.06:657][659]LogModuleManager: Shutting down and abandoning module LinuxClientTargetPlatform (121)
[2020.05.18-23.07.06:657][659]LogModuleManager: Shutting down and abandoning module LinuxNoEditorTargetPlatform (119)
[2020.05.18-23.07.06:657][659]LogModuleManager: Shutting down and abandoning module Messaging (117)
[2020.05.18-23.07.06:657][659]LogModuleManager: Shutting down and abandoning module IOSTargetPlatform (115)
[2020.05.18-23.07.06:658][659]LogModuleManager: Shutting down and abandoning module AndroidTargetPlatform (113)
[2020.05.18-23.07.06:666][659]LogModuleManager: Shutting down and abandoning module AllDesktopTargetPlatform (111)
[2020.05.18-23.07.06:666][659]LogModuleManager: Shutting down and abandoning module D3D12RHI (108)
[2020.05.18-23.07.06:666][659]LogModuleManager: Shutting down and abandoning module InputCore (106)
[2020.05.18-23.07.06:666][659]LogModuleManager: Shutting down and abandoning module Settings (104)
[2020.05.18-23.07.06:666][659]LogModuleManager: Shutting down and abandoning module DirectoryWatcher (102)
[2020.05.18-23.07.06:666][659]LogModuleManager: Shutting down and abandoning module PhysXCooking (100)
[2020.05.18-23.07.06:666][659]LogModuleManager: Shutting down and abandoning module ChaosSolvers (98)
[2020.05.18-23.07.06:666][659]LogModuleManager: Shutting down and abandoning module FieldSystemEngine (97)
[2020.05.18-23.07.06:666][659]LogModuleManager: Shutting down and abandoning module Chaos (94)
[2020.05.18-23.07.06:666][659]LogModuleManager: Shutting down and abandoning module WindowsPlatformFeatures (92)
[2020.05.18-23.07.06:666][659]LogModuleManager: Shutting down and abandoning module GameplayMediaEncoder (91)
[2020.05.18-23.07.06:666][659]LogModuleManager: Shutting down and abandoning module SteamVRInputDevice (88)
[2020.05.18-23.07.06:666][659]LogModuleManager: Shutting down and abandoning module SteamVRInput (86)
[2020.05.18-23.07.06:666][659]LogModuleManager: Shutting down and abandoning module SteamVR (84)
[2020.05.18-23.07.06:666][659]LogHMD: Freeing OpenVRDLLHandle.
[2020.05.18-23.07.06:666][659]LogModuleManager: Shutting down and abandoning module OculusHMD (82)
[2020.05.18-23.07.06:667][659]LogModuleManager: Shutting down and abandoning module ExampleDeviceProfileSelector (80)
[2020.05.18-23.07.06:667][659]LogModuleManager: Shutting down and abandoning module LauncherChunkInstaller (78)
[2020.05.18-23.07.06:667][659]LogModuleManager: Shutting down and abandoning module OnlineBlueprintSupport (76)
[2020.05.18-23.07.06:667][659]LogModuleManager: Shutting down and abandoning module OnlineSubsystem (72)
[2020.05.18-23.07.06:668][659]LogModuleManager: Shutting down and abandoning module XMPP (67)
[2020.05.18-23.07.06:668][659]LogModuleManager: Shutting down and abandoning module WebSockets (66)
[2020.05.18-23.07.06:703][659]LogModuleManager: Shutting down and abandoning module HTTP (63)
[2020.05.18-23.07.06:714][659]LogModuleManager: Shutting down and abandoning module SSL (62)
[2020.05.18-23.07.06:716][659]LogModuleManager: Shutting down and abandoning module WmfMedia (58)
[2020.05.18-23.07.06:718][659]LogModuleManager: Shutting down and abandoning module Media (57)
[2020.05.18-23.07.06:718][659]LogModuleManager: Shutting down and abandoning module MagicLeap (54)
[2020.05.18-23.07.06:718][659]LogModuleManager: Shutting down and abandoning module VariantManagerContent (52)
[2020.05.18-23.07.06:718][659]LogModuleManager: Shutting down and abandoning module DatasmithContent (50)
[2020.05.18-23.07.06:719][659]LogModuleManager: Shutting down and abandoning module AISupportModule (48)
[2020.05.18-23.07.06:719][659]LogModuleManager: Shutting down and abandoning module DesktopPlatform (46)
[2020.05.18-23.07.06:719][659]LogModuleManager: Shutting down and abandoning module PlatformCryptoOpenSSL (44)
[2020.05.18-23.07.06:719][659]LogModuleManager: Shutting down and abandoning module PlatformCryptoTypes (42)
[2020.05.18-23.07.06:719][659]LogModuleManager: Shutting down and abandoning module PlatformCrypto (40)
[2020.05.18-23.07.06:719][659]LogModuleManager: Shutting down and abandoning module AnimationModifiers (38)
[2020.05.18-23.07.06:719][659]LogModuleManager: Shutting down and abandoning module PropertyEditor (37)
[2020.05.18-23.07.06:720][659]LogModuleManager: Shutting down and abandoning module AudioEditor (34)
[2020.05.18-23.07.06:720][659]LogModuleManager: Shutting down and abandoning module TextureCompressor (32)
[2020.05.18-23.07.06:720][659]LogModuleManager: Shutting down and abandoning module RenderCore (30)
[2020.05.18-23.07.06:720][659]LogModuleManager: Shutting down and abandoning module Landscape (28)
[2020.05.18-23.07.06:720][659]LogModuleManager: Shutting down and abandoning module SlateRHIRenderer (26)
[2020.05.18-23.07.06:721][659]LogModuleManager: Shutting down and abandoning module OpenGLDrv (24)
[2020.05.18-23.07.06:721][659]LogModuleManager: Shutting down and abandoning module D3D11RHI (22)
[2020.05.18-23.07.06:721][659]LogModuleManager: Shutting down and abandoning module AnimGraphRuntime (20)
[2020.05.18-23.07.06:721][659]LogModuleManager: Shutting down and abandoning module Renderer (18)
[2020.05.18-23.07.06:721][659]LogModuleManager: Shutting down and abandoning module Engine (16)
[2020.05.18-23.07.06:721][659]LogModuleManager: Shutting down and abandoning module CoreUObject (14)
[2020.05.18-23.07.06:721][659]LogModuleManager: Shutting down and abandoning module NetworkFile (12)
[2020.05.18-23.07.06:721][659]LogModuleManager: Shutting down and abandoning module CookedIterativeFile (10)
[2020.05.18-23.07.06:721][659]LogModuleManager: Shutting down and abandoning module StreamingFile (8)
[2020.05.18-23.07.06:721][659]LogModuleManager: Shutting down and abandoning module SandboxFile (6)
[2020.05.18-23.07.06:721][659]LogModuleManager: Shutting down and abandoning module PakFile (4)
[2020.05.18-23.07.06:721][659]LogModuleManager: Shutting down and abandoning module RSA (3)
[2020.05.18-23.07.06:775][659]LogD3D12RHI: ~FD3D12DynamicRHI
[2020.05.18-23.07.06:788][659]LogExit: Exiting.
[2020.05.18-23.07.06:796][659]Log file closed, 05/18/20 19:07:06
