Log file open, 05/18/20 12:58:39
LogWindows: Failed to load 'aqProf.dll' (GetLastError=126)
LogWindows: File 'aqProf.dll' does not exist
LogWindows: Failed to load 'VtuneApi.dll' (GetLastError=126)
LogWindows: File 'VtuneApi.dll' does not exist
LogWindows: Failed to load 'VtuneApi32e.dll' (GetLastError=126)
LogWindows: File 'VtuneApi32e.dll' does not exist
LogConsoleResponse: Display: Failed to find resolution value strings in scalability ini. Falling back to default.
LogInit: Display: Running engine for game: PPMonster
LogPlatformFile: Not using cached read wrapper
LogTaskGraph: Started task graph with 5 named threads and 23 total threads with 3 sets of task threads.
LogStats: Stats thread started at 0.117725
LogD3D11RHI: Loaded GFSDK_Aftermath_Lib.x64.dll
LogICUInternationalization: ICU TimeZone Detection - Raw Offset: -5:00, Platform Override: ''
LogPluginManager: Mounting plugin Paper2D
LogPluginManager: Mounting plugin AISupport
LogPluginManager: Mounting plugin LightPropagationVolume
LogPluginManager: Mounting plugin ActorLayerUtilities
LogPluginManager: Mounting plugin AnimationSharing
LogPluginManager: Mounting plugin CLionSourceCodeAccess
LogPluginManager: Mounting plugin CodeLiteSourceCodeAccess
LogPluginManager: Mounting plugin GitSourceControl
LogPluginManager: Mounting plugin KDevelopSourceCodeAccess
LogPluginManager: Mounting plugin NullSourceCodeAccess
LogPluginManager: Mounting plugin PerforceSourceControl
LogPluginManager: Mounting plugin PlasticSourceControl
LogPluginManager: Mounting plugin SubversionSourceControl
LogPluginManager: Mounting plugin UObjectPlugin
LogPluginManager: Mounting plugin VisualStudioCodeSourceCodeAccess
LogPluginManager: Mounting plugin VisualStudioSourceCodeAccess
LogPluginManager: Mounting plugin XCodeSourceCodeAccess
LogPluginManager: Mounting plugin AssetManagerEditor
LogPluginManager: Mounting plugin CryptoKeys
LogPluginManager: Mounting plugin CurveEditorTools
LogPluginManager: Mounting plugin DataValidation
LogPluginManager: Mounting plugin FacialAnimation
LogPluginManager: Mounting plugin GameplayTagsEditor
LogPluginManager: Mounting plugin MacGraphicsSwitching
LogPluginManager: Mounting plugin MaterialAnalyzer
LogPluginManager: Mounting plugin MobileLauncherProfileWizard
LogPluginManager: Mounting plugin PluginBrowser
LogPluginManager: Mounting plugin SpeedTreeImporter
LogPluginManager: Mounting plugin DatasmithContent
LogPluginManager: Mounting plugin VariantManagerContent
LogPluginManager: Mounting plugin AlembicImporter
LogPluginManager: Mounting plugin AutomationUtils
LogPluginManager: Mounting plugin BackChannel
LogPluginManager: Mounting plugin CharacterAI
LogPluginManager: Mounting plugin GeometryCache
LogPluginManager: Mounting plugin PlatformCrypto
LogPluginManager: Mounting plugin ProxyLODPlugin
LogPluginManager: Mounting plugin SkeletalReduction
LogPluginManager: Mounting plugin MagicLeap
LogPluginManager: Mounting plugin MagicLeapMedia
LogPluginManager: Mounting plugin MLSDK
LogPluginManager: Mounting plugin AndroidMedia
LogPluginManager: Mounting plugin AvfMedia
LogPluginManager: Mounting plugin ImgMedia
LogPluginManager: Mounting plugin MediaCompositing
LogPluginManager: Mounting plugin MediaPlayerEditor
LogPluginManager: Mounting plugin WebMMedia
LogPluginManager: Mounting plugin WmfMedia
LogPluginManager: Mounting plugin TcpMessaging
LogPluginManager: Mounting plugin UdpMessaging
LogPluginManager: Mounting plugin ActorSequence
LogPluginManager: Mounting plugin LevelSequenceEditor
LogPluginManager: Mounting plugin MatineeToLevelSequence
LogPluginManager: Mounting plugin NetcodeUnitTest
LogPluginManager: Mounting plugin NUTUnrealEngine4
LogPluginManager: Mounting plugin OnlineSubsystemGooglePlay
LogPluginManager: Mounting plugin OnlineSubsystemIOS
LogPluginManager: Mounting plugin OnlineSubsystem
LogPluginManager: Mounting plugin OnlineSubsystemNull
LogPluginManager: Mounting plugin OnlineSubsystemUtils
LogPluginManager: Mounting plugin LauncherChunkInstaller
LogPluginManager: Mounting plugin AndroidDeviceProfileSelector
LogPluginManager: Mounting plugin AndroidMoviePlayer
LogPluginManager: Mounting plugin AndroidPermission
LogPluginManager: Mounting plugin AppleImageUtils
LogPluginManager: Mounting plugin AppleMoviePlayer
LogPluginManager: Mounting plugin ArchVisCharacter
LogPluginManager: Mounting plugin AssetTags
LogPluginManager: Mounting plugin AudioCapture
LogPluginManager: Mounting plugin CableComponent
LogPluginManager: Mounting plugin CustomMeshComponent
LogPluginManager: Mounting plugin EditableMesh
LogPluginManager: Mounting plugin ExampleDeviceProfileSelector
LogPluginManager: Mounting plugin GoogleCloudMessaging
LogPluginManager: Mounting plugin IOSDeviceProfileSelector
LogPluginManager: Mounting plugin LinuxDeviceProfileSelector
LogPluginManager: Mounting plugin LocationServicesBPLibrary
LogPluginManager: Mounting plugin MobilePatchingUtils
LogPluginManager: Mounting plugin OculusVR
LogPluginManager: Mounting plugin PhysXVehicles
LogPluginManager: Mounting plugin PostSplashScreen
LogPluginManager: Mounting plugin ProceduralMeshComponent
LogPluginManager: Mounting plugin RuntimePhysXCooking
LogPluginManager: Mounting plugin SignificanceManager
LogPluginManager: Mounting plugin SteamVR
LogPluginManager: Mounting plugin WebMMoviePlayer
LogPluginManager: Mounting plugin WindowsMoviePlayer
LogPluginManager: Mounting plugin ScreenshotTools
LogInit: Using libcurl 7.55.1-DEV
LogInit:  - built for x86_64-pc-win32
LogInit:  - supports SSL with OpenSSL/1.1.1
LogInit:  - supports HTTP deflate (compression) using libz 1.2.8
LogInit:  - other features:
LogInit:      CURL_VERSION_SSL
LogInit:      CURL_VERSION_LIBZ
LogInit:      CURL_VERSION_IPV6
LogInit:      CURL_VERSION_ASYNCHDNS
LogInit:      CURL_VERSION_LARGEFILE
LogInit:      CURL_VERSION_IDN
LogInit:  CurlRequestOptions (configurable via config and command line):
LogInit:  - bVerifyPeer = true  - Libcurl will verify peer certificate
LogInit:  - bUseHttpProxy = false  - Libcurl will NOT use HTTP proxy
LogInit:  - bDontReuseConnections = false  - Libcurl will reuse connections
LogInit:  - MaxHostConnections = 16  - Libcurl will limit the number of connections to a host
LogInit:  - LocalHostAddr = Default
LogInit:  - BufferSize = 65536
LogOnline: OSS: Creating online subsystem instance for: NULL
LogInit: WinSock: version 1.1 (2.2), MaxSocks=32767, MaxUdp=65467
LogOnline: OSS: TryLoadSubsystemAndSetDefault: Loaded subsystem for module [NULL]
LogInit: Build: ++UE4+Release-4.24-CL-11590370
LogInit: Engine Version: 4.24.3-11590370+++UE4+Release-4.24
LogInit: Compatible Engine Version: 4.24.0-10570792+++UE4+Release-4.24
LogInit: Net CL: 10570792
LogInit: OS: Windows 10 (Release 1909) (), CPU: AMD FX(tm)-8350 Eight-Core Processor           , GPU: Radeon (TM) RX 480 Graphics
LogInit: Compiled (64-bit): Feb 24 2020 15:39:18
LogInit: Compiled with Visual C++: 19.16.27032.01
LogInit: Build Configuration: Development
LogInit: Branch Name: ++UE4+Release-4.24
LogInit: Command Line: 
LogInit: Base Directory: E:/Program Files/Epic Games/UE_4.24/Engine/Binaries/Win64/
LogInit: Installed Engine Build: 1
LogDevObjectVersion: Number of dev versions registered: 25
LogDevObjectVersion:   Dev-Blueprints (B0D832E4-1F89-4F0D-ACCF-7EB736FD4AA2): 10
LogDevObjectVersion:   Dev-Build (E1C64328-A22C-4D53-A36C-8E866417BD8C): 0
LogDevObjectVersion:   Dev-Core (375EC13C-06E4-48FB-B500-84F0262A717E): 3
LogDevObjectVersion:   Dev-Editor (E4B068ED-F494-42E9-A231-DA0B2E46BB41): 37
LogDevObjectVersion:   Dev-Framework (CFFC743F-43B0-4480-9391-14DF171D2073): 36
LogDevObjectVersion:   Dev-Mobile (B02B49B5-BB20-44E9-A304-32B752E40360): 2
LogDevObjectVersion:   Dev-Networking (A4E4105C-59A1-49B5-A7C5-40C4547EDFEE): 0
LogDevObjectVersion:   Dev-Online (39C831C9-5AE6-47DC-9A44-9C173E1C8E7C): 0
LogDevObjectVersion:   Dev-Physics (78F01B33-EBEA-4F98-B9B4-84EACCB95AA2): 2
LogDevObjectVersion:   Dev-Platform (6631380F-2D4D-43E0-8009-CF276956A95A): 0
LogDevObjectVersion:   Dev-Rendering (12F88B9F-8875-4AFC-A67C-D90C383ABD29): 36
LogDevObjectVersion:   Dev-Sequencer (7B5AE74C-D270-4C10-A958-57980B212A5A): 11
LogDevObjectVersion:   Dev-VR (D7296918-1DD6-4BDD-9DE2-64A83CC13884): 2
LogDevObjectVersion:   Dev-LoadTimes (C2A15278-BFE7-4AFE-6C17-90FF531DF755): 1
LogDevObjectVersion:   Private-Geometry (6EACA3D4-40EC-4CC1-B786-8BED09428FC5): 3
LogDevObjectVersion:   Dev-AnimPhys (29E575DD-E0A3-4627-9D10-D276232CDCEA): 17
LogDevObjectVersion:   Dev-Anim (AF43A65D-7FD3-4947-9873-3E8ED9C1BB05): 2
LogDevObjectVersion:   Dev-ReflectionCapture (6B266CEC-1EC7-4B8F-A30B-E4D90942FC07): 1
LogDevObjectVersion:   Dev-Automation (0DF73D61-A23F-47EA-B727-89E90C41499A): 1
LogDevObjectVersion:   FortniteMain (601D1886-AC64-4F84-AA16-D3DE0DEAC7D6): 31
LogDevObjectVersion:   Dev-Enterprise (9DFFBCD6-494F-0158-E221-12823C92A888): 8
LogDevObjectVersion:   Dev-Niagara (F2AED0AC-9AFE-416F-8664-AA7FFA26D6FC): 1
LogDevObjectVersion:   Dev-Destruction (174F1F0B-B4C6-45A5-B13F-2EE8D0FB917D): 9
LogDevObjectVersion:   Dev-Physics-Ext (35F94A83-E258-406C-A318-09F59610247C): 8
LogDevObjectVersion:   Dev-CineCamera (B2E18506-4273-CFC2-A54E-F4BB758BBA07): 1
LogInit: Presizing for max 25165824 objects, including 0 objects not considered by GC, pre-allocating 0 bytes for permanent pool.
LogInit: Object subsystem initialized
LogConfig: Setting CVar [[con.DebugEarlyDefault:1]]
LogConfig: Setting CVar [[r.setres:1280x720]]
[2020.05.18-16.58.39:818][  0]LogConfig: Setting CVar [[r.VSync:0]]
[2020.05.18-16.58.39:818][  0]LogConfig: Setting CVar [[r.RHICmdBypass:0]]
[2020.05.18-16.58.39:818][  0]LogConfig: Applying CVar settings from Section [/Script/Engine.RendererSettings] File [C:/Users/Mike/Documents/Unreal Projects/PPMonster/Saved/Config/Windows/Engine.ini]
[2020.05.18-16.58.39:818][  0]LogConfig: Setting CVar [[r.GPUCrashDebugging:0]]
[2020.05.18-16.58.39:818][  0]LogConfig: Setting CVar [[r.SkinCache.CompileShaders:1]]
[2020.05.18-16.58.39:818][  0]LogConfig: Setting CVar [[r.RayTracing:0]]
[2020.05.18-16.58.39:818][  0]LogConfig: Applying CVar settings from Section [/Script/Engine.RendererOverrideSettings] File [C:/Users/Mike/Documents/Unreal Projects/PPMonster/Saved/Config/Windows/Engine.ini]
[2020.05.18-16.58.39:818][  0]LogConfig: Applying CVar settings from Section [/Script/Engine.StreamingSettings] File [C:/Users/Mike/Documents/Unreal Projects/PPMonster/Saved/Config/Windows/Engine.ini]
[2020.05.18-16.58.39:818][  0]LogConfig: Setting CVar [[s.MinBulkDataSizeForAsyncLoading:131072]]
[2020.05.18-16.58.39:819][  0]LogConfig: Setting CVar [[s.AsyncLoadingThreadEnabled:0]]
[2020.05.18-16.58.39:819][  0]LogConfig: Setting CVar [[s.EventDrivenLoaderEnabled:1]]
[2020.05.18-16.58.39:819][  0]LogConfig: Setting CVar [[s.WarnIfTimeLimitExceeded:0]]
[2020.05.18-16.58.39:819][  0]LogConfig: Setting CVar [[s.TimeLimitExceededMultiplier:1.5]]
[2020.05.18-16.58.39:819][  0]LogConfig: Setting CVar [[s.TimeLimitExceededMinTime:0.005]]
[2020.05.18-16.58.39:819][  0]LogConfig: Setting CVar [[s.UseBackgroundLevelStreaming:1]]
[2020.05.18-16.58.39:819][  0]LogConfig: Setting CVar [[s.PriorityAsyncLoadingExtraTime:15.0]]
[2020.05.18-16.58.39:819][  0]LogConfig: Setting CVar [[s.LevelStreamingActorsUpdateTimeLimit:5.0]]
[2020.05.18-16.58.39:819][  0]LogConfig: Setting CVar [[s.PriorityLevelStreamingActorsUpdateExtraTime:5.0]]
[2020.05.18-16.58.39:819][  0]LogConfig: Setting CVar [[s.LevelStreamingComponentsRegistrationGranularity:10]]
[2020.05.18-16.58.39:819][  0]LogConfig: Setting CVar [[s.UnregisterComponentsTimeLimit:1.0]]
[2020.05.18-16.58.39:819][  0]LogConfig: Setting CVar [[s.LevelStreamingComponentsUnregistrationGranularity:5]]
[2020.05.18-16.58.39:819][  0]LogConfig: Setting CVar [[s.FlushStreamingOnExit:1]]
[2020.05.18-16.58.39:819][  0]LogConfig: Applying CVar settings from Section [/Script/Engine.GarbageCollectionSettings] File [C:/Users/Mike/Documents/Unreal Projects/PPMonster/Saved/Config/Windows/Engine.ini]
[2020.05.18-16.58.39:819][  0]LogConfig: Setting CVar [[gc.MaxObjectsNotConsideredByGC:1]]
[2020.05.18-16.58.39:819][  0]LogConfig: Setting CVar [[gc.SizeOfPermanentObjectPool:0]]
[2020.05.18-16.58.39:819][  0]LogConfig: Setting CVar [[gc.FlushStreamingOnGC:0]]
[2020.05.18-16.58.39:819][  0]LogConfig: Setting CVar [[gc.NumRetriesBeforeForcingGC:10]]
[2020.05.18-16.58.39:819][  0]LogConfig: Setting CVar [[gc.AllowParallelGC:1]]
[2020.05.18-16.58.39:819][  0]LogConfig: Setting CVar [[gc.TimeBetweenPurgingPendingKillObjects:61.1]]
[2020.05.18-16.58.39:819][  0]LogConfig: Setting CVar [[gc.MaxObjectsInEditor:25165824]]
[2020.05.18-16.58.39:819][  0]LogConfig: Setting CVar [[gc.IncrementalBeginDestroyEnabled:1]]
[2020.05.18-16.58.39:819][  0]LogConfig: Setting CVar [[gc.CreateGCClusters:1]]
[2020.05.18-16.58.39:819][  0]LogConfig: Setting CVar [[gc.MinGCClusterSize:5]]
[2020.05.18-16.58.39:819][  0]LogConfig: Setting CVar [[gc.ActorClusteringEnabled:0]]
[2020.05.18-16.58.39:819][  0]LogConfig: Setting CVar [[gc.BlueprintClusteringEnabled:0]]
[2020.05.18-16.58.39:819][  0]LogConfig: Setting CVar [[gc.UseDisregardForGCOnDedicatedServers:0]]
[2020.05.18-16.58.39:819][  0]LogConfig: Applying CVar settings from Section [/Script/Engine.NetworkSettings] File [C:/Users/Mike/Documents/Unreal Projects/PPMonster/Saved/Config/Windows/Engine.ini]
[2020.05.18-16.58.39:819][  0]LogConfig: Applying CVar settings from Section [/Script/UnrealEd.CookerSettings] File [C:/Users/Mike/Documents/Unreal Projects/PPMonster/Saved/Config/Windows/Engine.ini]
[2020.05.18-16.58.39:825][  0]LogConfig: Applying CVar settings from Section [ViewDistanceQuality@3] File [C:/Users/Mike/Documents/Unreal Projects/PPMonster/Saved/Config/Windows/Scalability.ini]
[2020.05.18-16.58.39:825][  0]LogConfig: Setting CVar [[r.SkeletalMeshLODBias:0]]
[2020.05.18-16.58.39:825][  0]LogConfig: Setting CVar [[r.ViewDistanceScale:1.0]]
[2020.05.18-16.58.39:825][  0]LogConfig: Applying CVar settings from Section [AntiAliasingQuality@3] File [C:/Users/Mike/Documents/Unreal Projects/PPMonster/Saved/Config/Windows/Scalability.ini]
[2020.05.18-16.58.39:825][  0]LogConfig: Setting CVar [[r.PostProcessAAQuality:4]]
[2020.05.18-16.58.39:825][  0]LogConfig: Applying CVar settings from Section [ShadowQuality@3] File [C:/Users/Mike/Documents/Unreal Projects/PPMonster/Saved/Config/Windows/Scalability.ini]
[2020.05.18-16.58.39:825][  0]LogConfig: Setting CVar [[r.LightFunctionQuality:1]]
[2020.05.18-16.58.39:825][  0]LogConfig: Setting CVar [[r.ShadowQuality:5]]
[2020.05.18-16.58.39:825][  0]LogConfig: Setting CVar [[r.Shadow.CSM.MaxCascades:10]]
[2020.05.18-16.58.39:826][  0]LogConfig: Setting CVar [[r.Shadow.MaxResolution:2048]]
[2020.05.18-16.58.39:826][  0]LogConfig: Setting CVar [[r.Shadow.MaxCSMResolution:2048]]
[2020.05.18-16.58.39:826][  0]LogConfig: Setting CVar [[r.Shadow.RadiusThreshold:0.01]]
[2020.05.18-16.58.39:826][  0]LogConfig: Setting CVar [[r.Shadow.DistanceScale:1.0]]
[2020.05.18-16.58.39:826][  0]LogConfig: Setting CVar [[r.Shadow.CSM.TransitionScale:1.0]]
[2020.05.18-16.58.39:826][  0]LogConfig: Setting CVar [[r.Shadow.PreShadowResolutionFactor:1.0]]
[2020.05.18-16.58.39:826][  0]LogConfig: Setting CVar [[r.DistanceFieldShadowing:1]]
[2020.05.18-16.58.39:826][  0]LogConfig: Setting CVar [[r.DistanceFieldAO:1]]
[2020.05.18-16.58.39:826][  0]LogConfig: Setting CVar [[r.AOQuality:2]]
[2020.05.18-16.58.39:826][  0]LogConfig: Setting CVar [[r.VolumetricFog:1]]
[2020.05.18-16.58.39:826][  0]LogConfig: Setting CVar [[r.VolumetricFog.GridPixelSize:8]]
[2020.05.18-16.58.39:826][  0]LogConfig: Setting CVar [[r.VolumetricFog.GridSizeZ:128]]
[2020.05.18-16.58.39:826][  0]LogConfig: Setting CVar [[r.VolumetricFog.HistoryMissSupersampleCount:4]]
[2020.05.18-16.58.39:826][  0]LogConfig: Setting CVar [[r.LightMaxDrawDistanceScale:1]]
[2020.05.18-16.58.39:826][  0]LogConfig: Setting CVar [[r.CapsuleShadows:1]]
[2020.05.18-16.58.39:826][  0]LogConfig: Applying CVar settings from Section [PostProcessQuality@3] File [C:/Users/Mike/Documents/Unreal Projects/PPMonster/Saved/Config/Windows/Scalability.ini]
[2020.05.18-16.58.39:826][  0]LogConfig: Setting CVar [[r.MotionBlurQuality:4]]
[2020.05.18-16.58.39:826][  0]LogConfig: Setting CVar [[r.AmbientOcclusionMipLevelFactor:0.4]]
[2020.05.18-16.58.39:826][  0]LogConfig: Setting CVar [[r.AmbientOcclusionMaxQuality:100]]
[2020.05.18-16.58.39:826][  0]LogConfig: Setting CVar [[r.AmbientOcclusionLevels:-1]]
[2020.05.18-16.58.39:826][  0]LogConfig: Setting CVar [[r.AmbientOcclusionRadiusScale:1.0]]
[2020.05.18-16.58.39:826][  0]LogConfig: Setting CVar [[r.DepthOfFieldQuality:2]]
[2020.05.18-16.58.39:826][  0]LogConfig: Setting CVar [[r.RenderTargetPoolMin:400]]
[2020.05.18-16.58.39:826][  0]LogConfig: Setting CVar [[r.LensFlareQuality:2]]
[2020.05.18-16.58.39:826][  0]LogConfig: Setting CVar [[r.SceneColorFringeQuality:1]]
[2020.05.18-16.58.39:826][  0]LogConfig: Setting CVar [[r.EyeAdaptationQuality:2]]
[2020.05.18-16.58.39:826][  0]LogConfig: Setting CVar [[r.BloomQuality:5]]
[2020.05.18-16.58.39:826][  0]LogConfig: Setting CVar [[r.FastBlurThreshold:100]]
[2020.05.18-16.58.39:826][  0]LogConfig: Setting CVar [[r.Upscale.Quality:3]]
[2020.05.18-16.58.39:826][  0]LogConfig: Setting CVar [[r.Tonemapper.GrainQuantization:1]]
[2020.05.18-16.58.39:826][  0]LogConfig: Setting CVar [[r.LightShaftQuality:1]]
[2020.05.18-16.58.39:826][  0]LogConfig: Setting CVar [[r.Filter.SizeScale:1]]
[2020.05.18-16.58.39:826][  0]LogConfig: Setting CVar [[r.Tonemapper.Quality:5]]
[2020.05.18-16.58.39:826][  0]LogConfig: Setting CVar [[r.DOF.Gather.AccumulatorQuality:1        ; higher gathering accumulator quality]]
[2020.05.18-16.58.39:826][  0]LogConfig: Setting CVar [[r.DOF.Gather.PostfilterMethod:1          ; Median3x3 postfilering method]]
[2020.05.18-16.58.39:826][  0]LogConfig: Setting CVar [[r.DOF.Gather.EnableBokehSettings:0       ; no bokeh simulation when gathering]]
[2020.05.18-16.58.39:826][  0]LogConfig: Setting CVar [[r.DOF.Gather.RingCount:4                 ; medium number of samples when gathering]]
[2020.05.18-16.58.39:826][  0]LogConfig: Setting CVar [[r.DOF.Scatter.ForegroundCompositing:1    ; additive foreground scattering]]
[2020.05.18-16.58.39:826][  0]LogConfig: Setting CVar [[r.DOF.Scatter.BackgroundCompositing:2    ; additive background scattering]]
[2020.05.18-16.58.39:826][  0]LogConfig: Setting CVar [[r.DOF.Scatter.EnableBokehSettings:1      ; bokeh simulation when scattering]]
[2020.05.18-16.58.39:826][  0]LogConfig: Setting CVar [[r.DOF.Scatter.MaxSpriteRatio:0.1         ; only a maximum of 10% of scattered bokeh]]
[2020.05.18-16.58.39:826][  0]LogConfig: Setting CVar [[r.DOF.Recombine.Quality:1                ; cheap slight out of focus]]
[2020.05.18-16.58.39:826][  0]LogConfig: Setting CVar [[r.DOF.Recombine.EnableBokehSettings:0    ; no bokeh simulation on slight out of focus]]
[2020.05.18-16.58.39:826][  0]LogConfig: Setting CVar [[r.DOF.TemporalAAQuality:1                ; more stable temporal accumulation]]
[2020.05.18-16.58.39:826][  0]LogConfig: Setting CVar [[r.DOF.Kernel.MaxForegroundRadius:0.025]]
[2020.05.18-16.58.39:827][  0]LogConfig: Setting CVar [[r.DOF.Kernel.MaxBackgroundRadius:0.025]]
[2020.05.18-16.58.39:827][  0]LogConfig: Applying CVar settings from Section [TextureQuality@3] File [C:/Users/Mike/Documents/Unreal Projects/PPMonster/Saved/Config/Windows/Scalability.ini]
[2020.05.18-16.58.39:827][  0]LogConfig: Setting CVar [[r.Streaming.MipBias:0]]
[2020.05.18-16.58.39:827][  0]LogConfig: Setting CVar [[r.Streaming.AmortizeCPUToGPUCopy:0]]
[2020.05.18-16.58.39:827][  0]LogConfig: Setting CVar [[r.Streaming.MaxNumTexturesToStreamPerFrame:0]]
[2020.05.18-16.58.39:827][  0]LogConfig: Setting CVar [[r.Streaming.Boost:1]]
[2020.05.18-16.58.39:827][  0]LogConfig: Setting CVar [[r.MaxAnisotropy:8]]
[2020.05.18-16.58.39:827][  0]LogConfig: Setting CVar [[r.VT.MaxAnisotropy:8]]
[2020.05.18-16.58.39:827][  0]LogConfig: Setting CVar [[r.Streaming.LimitPoolSizeToVRAM:0]]
[2020.05.18-16.58.39:827][  0]LogConfig: Setting CVar [[r.Streaming.PoolSize:1000]]
[2020.05.18-16.58.39:827][  0]LogConfig: Setting CVar [[r.Streaming.MaxEffectiveScreenSize:0]]
[2020.05.18-16.58.39:827][  0]LogConfig: Applying CVar settings from Section [EffectsQuality@3] File [C:/Users/Mike/Documents/Unreal Projects/PPMonster/Saved/Config/Windows/Scalability.ini]
[2020.05.18-16.58.39:827][  0]LogConfig: Setting CVar [[r.TranslucencyLightingVolumeDim:64]]
[2020.05.18-16.58.39:827][  0]LogConfig: Setting CVar [[r.RefractionQuality:2]]
[2020.05.18-16.58.39:827][  0]LogConfig: Setting CVar [[r.SSR.Quality:3]]
[2020.05.18-16.58.39:827][  0]LogConfig: Setting CVar [[r.SSR.HalfResSceneColor:0]]
[2020.05.18-16.58.39:827][  0]LogConfig: Setting CVar [[r.SceneColorFormat:4]]
[2020.05.18-16.58.39:827][  0]LogConfig: Setting CVar [[r.DetailMode:2]]
[2020.05.18-16.58.39:827][  0]LogConfig: Setting CVar [[r.TranslucencyVolumeBlur:1]]
[2020.05.18-16.58.39:827][  0]LogConfig: Setting CVar [[r.MaterialQualityLevel:1 ; High quality]]
[2020.05.18-16.58.39:827][  0]LogConfig: Setting CVar [[r.SSS.Scale:1]]
[2020.05.18-16.58.39:827][  0]LogConfig: Setting CVar [[r.SSS.SampleSet:2]]
[2020.05.18-16.58.39:827][  0]LogConfig: Setting CVar [[r.SSS.Quality:1]]
[2020.05.18-16.58.39:827][  0]LogConfig: Setting CVar [[r.SSS.HalfRes:1]]
[2020.05.18-16.58.39:827][  0]LogConfig: Setting CVar [[r.SSGI.Quality:3]]
[2020.05.18-16.58.39:827][  0]LogConfig: Setting CVar [[r.EmitterSpawnRateScale:1.0]]
[2020.05.18-16.58.39:827][  0]LogConfig: Setting CVar [[r.ParticleLightQuality:2]]
[2020.05.18-16.58.39:827][  0]LogConfig: Setting CVar [[r.SkyAtmosphere.AerialPerspectiveLUT.FastApplyOnOpaque:1 ; Always have FastSkyLUT 1 in this case to avoid wrong sky]]
[2020.05.18-16.58.39:827][  0]LogConfig: Setting CVar [[r.SkyAtmosphere.AerialPerspectiveLUT.SampleCountPerSlice:1]]
[2020.05.18-16.58.39:827][  0]LogConfig: Setting CVar [[r.SkyAtmosphere.AerialPerspectiveLUT.DepthResolution:16.0]]
[2020.05.18-16.58.39:827][  0]LogConfig: Setting CVar [[r.SkyAtmosphere.FastSkyLUT:1]]
[2020.05.18-16.58.39:827][  0]LogConfig: Setting CVar [[r.SkyAtmosphere.FastSkyLUT.SampleCountMin:4.0]]
[2020.05.18-16.58.39:827][  0]LogConfig: Setting CVar [[r.SkyAtmosphere.FastSkyLUT.SampleCountMax:32.0]]
[2020.05.18-16.58.39:827][  0]LogConfig: Setting CVar [[r.SkyAtmosphere.SampleCountMin:4.0]]
[2020.05.18-16.58.39:827][  0]LogConfig: Setting CVar [[r.SkyAtmosphere.SampleCountMax:32.0]]
[2020.05.18-16.58.39:827][  0]LogConfig: Setting CVar [[r.SkyAtmosphere.TransmittanceLUT.UseSmallFormat:0]]
[2020.05.18-16.58.39:827][  0]LogConfig: Setting CVar [[r.SkyAtmosphere.TransmittanceLUT.SampleCount:10.0]]
[2020.05.18-16.58.39:827][  0]LogConfig: Setting CVar [[r.SkyAtmosphere.MultiScatteringLUT.SampleCount:15.0]]
[2020.05.18-16.58.39:827][  0]LogConfig: Applying CVar settings from Section [FoliageQuality@3] File [C:/Users/Mike/Documents/Unreal Projects/PPMonster/Saved/Config/Windows/Scalability.ini]
[2020.05.18-16.58.39:827][  0]LogConfig: Setting CVar [[foliage.DensityScale:1.0]]
[2020.05.18-16.58.39:827][  0]LogConfig: Setting CVar [[grass.DensityScale:1.0]]
[2020.05.18-16.58.39:827][  0]LogConfig: Applying CVar settings from Section [ShadingQuality@3] File [C:/Users/Mike/Documents/Unreal Projects/PPMonster/Saved/Config/Windows/Scalability.ini]
[2020.05.18-16.58.39:827][  0]LogConfig: Setting CVar [[r.HairStrands.SkyLighting.SampleCount:16]]
[2020.05.18-16.58.39:827][  0]LogConfig: Setting CVar [[r.HairStrands.SkyLighting.JitterIntegration:0]]
[2020.05.18-16.58.39:827][  0]LogConfig: Setting CVar [[r.HairStrands.SkyAO.SampleCount:16]]
[2020.05.18-16.58.39:828][  0]LogInit: Selected Device Profile: [Windows]
[2020.05.18-16.58.39:828][  0]LogInit: Applying CVar settings loaded from the selected device profile: [Windows]
[2020.05.18-16.58.39:832][  0]LogHAL: Display: Platform has ~ 24 GB [25715548160 / 34359738368 / 24], which maps to Larger [LargestMinGB=32, LargerMinGB=12, DefaultMinGB=8, SmallerMinGB=6, SmallestMinGB=0)
[2020.05.18-16.58.39:832][  0]LogInit: Going up to parent DeviceProfile []
[2020.05.18-16.58.39:832][  0]LogConfig: Applying CVar settings from Section [ViewDistanceQuality@3] File [C:/Users/Mike/Documents/Unreal Projects/PPMonster/Saved/Config/Windows/Scalability.ini]
[2020.05.18-16.58.39:832][  0]LogConfig: Setting CVar [[r.SkeletalMeshLODBias:0]]
[2020.05.18-16.58.39:832][  0]LogConfig: Setting CVar [[r.ViewDistanceScale:1.0]]
[2020.05.18-16.58.39:832][  0]LogConfig: Applying CVar settings from Section [AntiAliasingQuality@3] File [C:/Users/Mike/Documents/Unreal Projects/PPMonster/Saved/Config/Windows/Scalability.ini]
[2020.05.18-16.58.39:832][  0]LogConfig: Setting CVar [[r.PostProcessAAQuality:4]]
[2020.05.18-16.58.39:832][  0]LogConfig: Applying CVar settings from Section [ShadowQuality@3] File [C:/Users/Mike/Documents/Unreal Projects/PPMonster/Saved/Config/Windows/Scalability.ini]
[2020.05.18-16.58.39:832][  0]LogConfig: Setting CVar [[r.LightFunctionQuality:1]]
[2020.05.18-16.58.39:832][  0]LogConfig: Setting CVar [[r.ShadowQuality:5]]
[2020.05.18-16.58.39:832][  0]LogConfig: Setting CVar [[r.Shadow.CSM.MaxCascades:10]]
[2020.05.18-16.58.39:832][  0]LogConfig: Setting CVar [[r.Shadow.MaxResolution:2048]]
[2020.05.18-16.58.39:832][  0]LogConfig: Setting CVar [[r.Shadow.MaxCSMResolution:2048]]
[2020.05.18-16.58.39:832][  0]LogConfig: Setting CVar [[r.Shadow.RadiusThreshold:0.01]]
[2020.05.18-16.58.39:832][  0]LogConfig: Setting CVar [[r.Shadow.DistanceScale:1.0]]
[2020.05.18-16.58.39:832][  0]LogConfig: Setting CVar [[r.Shadow.CSM.TransitionScale:1.0]]
[2020.05.18-16.58.39:832][  0]LogConfig: Setting CVar [[r.Shadow.PreShadowResolutionFactor:1.0]]
[2020.05.18-16.58.39:832][  0]LogConfig: Setting CVar [[r.DistanceFieldShadowing:1]]
[2020.05.18-16.58.39:832][  0]LogConfig: Setting CVar [[r.DistanceFieldAO:1]]
[2020.05.18-16.58.39:832][  0]LogConfig: Setting CVar [[r.AOQuality:2]]
[2020.05.18-16.58.39:832][  0]LogConfig: Setting CVar [[r.VolumetricFog:1]]
[2020.05.18-16.58.39:832][  0]LogConfig: Setting CVar [[r.VolumetricFog.GridPixelSize:8]]
[2020.05.18-16.58.39:832][  0]LogConfig: Setting CVar [[r.VolumetricFog.GridSizeZ:128]]
[2020.05.18-16.58.39:832][  0]LogConfig: Setting CVar [[r.VolumetricFog.HistoryMissSupersampleCount:4]]
[2020.05.18-16.58.39:832][  0]LogConfig: Setting CVar [[r.LightMaxDrawDistanceScale:1]]
[2020.05.18-16.58.39:832][  0]LogConfig: Setting CVar [[r.CapsuleShadows:1]]
[2020.05.18-16.58.39:832][  0]LogConfig: Applying CVar settings from Section [PostProcessQuality@3] File [C:/Users/Mike/Documents/Unreal Projects/PPMonster/Saved/Config/Windows/Scalability.ini]
[2020.05.18-16.58.39:832][  0]LogConfig: Setting CVar [[r.MotionBlurQuality:4]]
[2020.05.18-16.58.39:832][  0]LogConfig: Setting CVar [[r.AmbientOcclusionMipLevelFactor:0.4]]
[2020.05.18-16.58.39:832][  0]LogConfig: Setting CVar [[r.AmbientOcclusionMaxQuality:100]]
[2020.05.18-16.58.39:832][  0]LogConfig: Setting CVar [[r.AmbientOcclusionLevels:-1]]
[2020.05.18-16.58.39:832][  0]LogConfig: Setting CVar [[r.AmbientOcclusionRadiusScale:1.0]]
[2020.05.18-16.58.39:833][  0]LogConfig: Setting CVar [[r.DepthOfFieldQuality:2]]
[2020.05.18-16.58.39:833][  0]LogConfig: Setting CVar [[r.RenderTargetPoolMin:400]]
[2020.05.18-16.58.39:833][  0]LogConfig: Setting CVar [[r.LensFlareQuality:2]]
[2020.05.18-16.58.39:833][  0]LogConfig: Setting CVar [[r.SceneColorFringeQuality:1]]
[2020.05.18-16.58.39:833][  0]LogConfig: Setting CVar [[r.EyeAdaptationQuality:2]]
[2020.05.18-16.58.39:833][  0]LogConfig: Setting CVar [[r.BloomQuality:5]]
[2020.05.18-16.58.39:833][  0]LogConfig: Setting CVar [[r.FastBlurThreshold:100]]
[2020.05.18-16.58.39:833][  0]LogConfig: Setting CVar [[r.Upscale.Quality:3]]
[2020.05.18-16.58.39:833][  0]LogConfig: Setting CVar [[r.Tonemapper.GrainQuantization:1]]
[2020.05.18-16.58.39:833][  0]LogConfig: Setting CVar [[r.LightShaftQuality:1]]
[2020.05.18-16.58.39:833][  0]LogConfig: Setting CVar [[r.Filter.SizeScale:1]]
[2020.05.18-16.58.39:833][  0]LogConfig: Setting CVar [[r.Tonemapper.Quality:5]]
[2020.05.18-16.58.39:833][  0]LogConfig: Setting CVar [[r.DOF.Gather.AccumulatorQuality:1        ; higher gathering accumulator quality]]
[2020.05.18-16.58.39:833][  0]LogConfig: Setting CVar [[r.DOF.Gather.PostfilterMethod:1          ; Median3x3 postfilering method]]
[2020.05.18-16.58.39:833][  0]LogConfig: Setting CVar [[r.DOF.Gather.EnableBokehSettings:0       ; no bokeh simulation when gathering]]
[2020.05.18-16.58.39:833][  0]LogConfig: Setting CVar [[r.DOF.Gather.RingCount:4                 ; medium number of samples when gathering]]
[2020.05.18-16.58.39:833][  0]LogConfig: Setting CVar [[r.DOF.Scatter.ForegroundCompositing:1    ; additive foreground scattering]]
[2020.05.18-16.58.39:833][  0]LogConfig: Setting CVar [[r.DOF.Scatter.BackgroundCompositing:2    ; additive background scattering]]
[2020.05.18-16.58.39:833][  0]LogConfig: Setting CVar [[r.DOF.Scatter.EnableBokehSettings:1      ; bokeh simulation when scattering]]
[2020.05.18-16.58.39:833][  0]LogConfig: Setting CVar [[r.DOF.Scatter.MaxSpriteRatio:0.1         ; only a maximum of 10% of scattered bokeh]]
[2020.05.18-16.58.39:833][  0]LogConfig: Setting CVar [[r.DOF.Recombine.Quality:1                ; cheap slight out of focus]]
[2020.05.18-16.58.39:833][  0]LogConfig: Setting CVar [[r.DOF.Recombine.EnableBokehSettings:0    ; no bokeh simulation on slight out of focus]]
[2020.05.18-16.58.39:833][  0]LogConfig: Setting CVar [[r.DOF.TemporalAAQuality:1                ; more stable temporal accumulation]]
[2020.05.18-16.58.39:833][  0]LogConfig: Setting CVar [[r.DOF.Kernel.MaxForegroundRadius:0.025]]
[2020.05.18-16.58.39:833][  0]LogConfig: Setting CVar [[r.DOF.Kernel.MaxBackgroundRadius:0.025]]
[2020.05.18-16.58.39:833][  0]LogConfig: Applying CVar settings from Section [TextureQuality@3] File [C:/Users/Mike/Documents/Unreal Projects/PPMonster/Saved/Config/Windows/Scalability.ini]
[2020.05.18-16.58.39:833][  0]LogConfig: Setting CVar [[r.Streaming.MipBias:0]]
[2020.05.18-16.58.39:833][  0]LogConfig: Setting CVar [[r.Streaming.AmortizeCPUToGPUCopy:0]]
[2020.05.18-16.58.39:833][  0]LogConfig: Setting CVar [[r.Streaming.MaxNumTexturesToStreamPerFrame:0]]
[2020.05.18-16.58.39:833][  0]LogConfig: Setting CVar [[r.Streaming.Boost:1]]
[2020.05.18-16.58.39:833][  0]LogConfig: Setting CVar [[r.MaxAnisotropy:8]]
[2020.05.18-16.58.39:833][  0]LogConfig: Setting CVar [[r.VT.MaxAnisotropy:8]]
[2020.05.18-16.58.39:833][  0]LogConfig: Setting CVar [[r.Streaming.LimitPoolSizeToVRAM:0]]
[2020.05.18-16.58.39:833][  0]LogConfig: Setting CVar [[r.Streaming.PoolSize:1000]]
[2020.05.18-16.58.39:833][  0]LogConfig: Setting CVar [[r.Streaming.MaxEffectiveScreenSize:0]]
[2020.05.18-16.58.39:833][  0]LogConfig: Applying CVar settings from Section [EffectsQuality@3] File [C:/Users/Mike/Documents/Unreal Projects/PPMonster/Saved/Config/Windows/Scalability.ini]
[2020.05.18-16.58.39:833][  0]LogConfig: Setting CVar [[r.TranslucencyLightingVolumeDim:64]]
[2020.05.18-16.58.39:833][  0]LogConfig: Setting CVar [[r.RefractionQuality:2]]
[2020.05.18-16.58.39:833][  0]LogConfig: Setting CVar [[r.SSR.Quality:3]]
[2020.05.18-16.58.39:833][  0]LogConfig: Setting CVar [[r.SSR.HalfResSceneColor:0]]
[2020.05.18-16.58.39:833][  0]LogConfig: Setting CVar [[r.SceneColorFormat:4]]
[2020.05.18-16.58.39:833][  0]LogConfig: Setting CVar [[r.DetailMode:2]]
[2020.05.18-16.58.39:833][  0]LogConfig: Setting CVar [[r.TranslucencyVolumeBlur:1]]
[2020.05.18-16.58.39:833][  0]LogConfig: Setting CVar [[r.MaterialQualityLevel:1 ; High quality]]
[2020.05.18-16.58.39:833][  0]LogConfig: Setting CVar [[r.SSS.Scale:1]]
[2020.05.18-16.58.39:834][  0]LogConfig: Setting CVar [[r.SSS.SampleSet:2]]
[2020.05.18-16.58.39:834][  0]LogConfig: Setting CVar [[r.SSS.Quality:1]]
[2020.05.18-16.58.39:834][  0]LogConfig: Setting CVar [[r.SSS.HalfRes:1]]
[2020.05.18-16.58.39:834][  0]LogConfig: Setting CVar [[r.SSGI.Quality:3]]
[2020.05.18-16.58.39:834][  0]LogConfig: Setting CVar [[r.EmitterSpawnRateScale:1.0]]
[2020.05.18-16.58.39:834][  0]LogConfig: Setting CVar [[r.ParticleLightQuality:2]]
[2020.05.18-16.58.39:834][  0]LogConfig: Setting CVar [[r.SkyAtmosphere.AerialPerspectiveLUT.FastApplyOnOpaque:1 ; Always have FastSkyLUT 1 in this case to avoid wrong sky]]
[2020.05.18-16.58.39:834][  0]LogConfig: Setting CVar [[r.SkyAtmosphere.AerialPerspectiveLUT.SampleCountPerSlice:1]]
[2020.05.18-16.58.39:834][  0]LogConfig: Setting CVar [[r.SkyAtmosphere.AerialPerspectiveLUT.DepthResolution:16.0]]
[2020.05.18-16.58.39:834][  0]LogConfig: Setting CVar [[r.SkyAtmosphere.FastSkyLUT:1]]
[2020.05.18-16.58.39:834][  0]LogConfig: Setting CVar [[r.SkyAtmosphere.FastSkyLUT.SampleCountMin:4.0]]
[2020.05.18-16.58.39:834][  0]LogConfig: Setting CVar [[r.SkyAtmosphere.FastSkyLUT.SampleCountMax:32.0]]
[2020.05.18-16.58.39:834][  0]LogConfig: Setting CVar [[r.SkyAtmosphere.SampleCountMin:4.0]]
[2020.05.18-16.58.39:834][  0]LogConfig: Setting CVar [[r.SkyAtmosphere.SampleCountMax:32.0]]
[2020.05.18-16.58.39:834][  0]LogConfig: Setting CVar [[r.SkyAtmosphere.TransmittanceLUT.UseSmallFormat:0]]
[2020.05.18-16.58.39:834][  0]LogConfig: Setting CVar [[r.SkyAtmosphere.TransmittanceLUT.SampleCount:10.0]]
[2020.05.18-16.58.39:834][  0]LogConfig: Setting CVar [[r.SkyAtmosphere.MultiScatteringLUT.SampleCount:15.0]]
[2020.05.18-16.58.39:834][  0]LogConfig: Applying CVar settings from Section [FoliageQuality@3] File [C:/Users/Mike/Documents/Unreal Projects/PPMonster/Saved/Config/Windows/Scalability.ini]
[2020.05.18-16.58.39:834][  0]LogConfig: Setting CVar [[foliage.DensityScale:1.0]]
[2020.05.18-16.58.39:834][  0]LogConfig: Setting CVar [[grass.DensityScale:1.0]]
[2020.05.18-16.58.39:834][  0]LogConfig: Applying CVar settings from Section [ShadingQuality@3] File [C:/Users/Mike/Documents/Unreal Projects/PPMonster/Saved/Config/Windows/Scalability.ini]
[2020.05.18-16.58.39:834][  0]LogConfig: Setting CVar [[r.HairStrands.SkyLighting.SampleCount:16]]
[2020.05.18-16.58.39:834][  0]LogConfig: Setting CVar [[r.HairStrands.SkyLighting.JitterIntegration:0]]
[2020.05.18-16.58.39:834][  0]LogConfig: Setting CVar [[r.HairStrands.SkyAO.SampleCount:16]]
[2020.05.18-16.58.39:834][  0]LogConfig: Applying CVar settings from Section [Startup] File [../../../Engine/Config/ConsoleVariables.ini]
[2020.05.18-16.58.39:834][  0]LogConfig: Setting CVar [[net.UseAdaptiveNetUpdateFrequency:0]]
[2020.05.18-16.58.39:834][  0]LogConfig: Setting CVar [[p.chaos.AllowCreatePhysxBodies:1]]
[2020.05.18-16.58.39:834][  0]LogConfig: Applying CVar settings from Section [ConsoleVariables] File [C:/Users/Mike/Documents/Unreal Projects/PPMonster/Saved/Config/Windows/Engine.ini]
[2020.05.18-16.58.39:835][  0]LogInit: Computer: DESKTOP-H5BPARH
[2020.05.18-16.58.39:835][  0]LogInit: User: Mike
[2020.05.18-16.58.39:835][  0]LogInit: CPU Page size=4096, Cores=4
[2020.05.18-16.58.39:835][  0]LogInit: High frequency timer resolution =10.000000 MHz
[2020.05.18-16.58.39:835][  0]LogMemory: Memory total: Physical=23.9GB (24GB approx)
[2020.05.18-16.58.39:835][  0]LogMemory: Platform Memory Stats for Windows
[2020.05.18-16.58.39:835][  0]LogMemory: Process Physical Memory: 106.20 MB used, 106.21 MB peak
[2020.05.18-16.58.39:835][  0]LogMemory: Process Virtual Memory: 100.80 MB used, 100.80 MB peak
[2020.05.18-16.58.39:835][  0]LogMemory: Physical Memory: 11332.67 MB used,  13191.59 MB free, 24524.26 MB total
[2020.05.18-16.58.39:835][  0]LogMemory: Virtual Memory: 5103.21 MB used,  134212624.00 MB free, 134217728.00 MB total
[2020.05.18-16.58.39:841][  0]LogWindows: WindowsPlatformFeatures enabled
[2020.05.18-16.58.39:862][  0]LogInit: Using OS detected language (en-US).
[2020.05.18-16.58.39:862][  0]LogInit: Using OS detected locale (en-US).
[2020.05.18-16.58.39:864][  0]LogTextLocalizationManager: No specific localization for 'en-US' exists, so the 'en' localization will be used.
[2020.05.18-16.58.40:099][  0]LogInit: Setting process to per monitor DPI aware
[2020.05.18-16.58.40:146][  0]LogSlate: New Slate User Created.  User Index 0, Is Virtual User: 0
[2020.05.18-16.58.40:147][  0]LogSlate: Slate User Registered.  User Index 0, Is Virtual User: 0
[2020.05.18-16.58.40:431][  0]LogD3D12RHI: Aftermath initialized
[2020.05.18-16.58.40:431][  0]LogD3D12RHI: Loading WinPixEventRuntime.dll for PIX profiling (from ../../../Engine/Binaries/ThirdParty/Windows/DirectX/x64).
[2020.05.18-16.58.40:496][  0]LogHMD: Failed to initialize OpenVR with code 110
[2020.05.18-16.58.40:677][  0]LogD3D12RHI: Found D3D12 adapter 0: Radeon (TM) RX 480 Graphics (Max supported Feature Level 12_0)
[2020.05.18-16.58.40:677][  0]LogD3D12RHI: Adapter has 8171MB of dedicated video memory, 0MB of dedicated system memory, and 12262MB of shared system memory, 1 output[s]
[2020.05.18-16.58.40:710][  0]LogD3D12RHI: Found D3D12 adapter 1: Microsoft Basic Render Driver (Max supported Feature Level 12_1)
[2020.05.18-16.58.40:710][  0]LogD3D12RHI: Adapter has 0MB of dedicated video memory, 0MB of dedicated system memory, and 12262MB of shared system memory, 0 output[s]
[2020.05.18-16.58.40:710][  0]LogD3D12RHI: Chosen D3D12 Adapter Id = 0
[2020.05.18-16.58.40:760][  0]LogD3D12RHI: Emitting draw events for PIX profiling.
[2020.05.18-16.58.40:883][  0]LogD3D12RHI: The system supports ID3D12Device1.
[2020.05.18-16.58.40:883][  0]LogD3D12RHI: The system supports ID3D12Device2.
[2020.05.18-16.58.40:989][  0]LogD3D12RHI: Display: Not using pipeline state disk cache per r.D3D12.PSO.DiskCache=0
[2020.05.18-16.58.40:989][  0]LogD3D12RHI: Display: Not using driver-optimized pipeline state disk cache per r.D3D12.PSO.DriverOptimizedDiskCache=0
[2020.05.18-16.58.40:991][  0]LogD3D12RHI:     GPU DeviceId: 0x67df (for the marketing name, search the web for "GPU Device Id")
[2020.05.18-16.58.40:991][  0]LogWindows: EnumDisplayDevices:
[2020.05.18-16.58.40:991][  0]LogWindows:    0. 'Radeon (TM) RX 480 Graphics' (P:1 D:1)
[2020.05.18-16.58.40:992][  0]LogWindows:    1. 'Radeon (TM) RX 480 Graphics' (P:0 D:0)
[2020.05.18-16.58.40:992][  0]LogWindows:    2. 'Radeon (TM) RX 480 Graphics' (P:0 D:0)
[2020.05.18-16.58.40:993][  0]LogWindows:    3. 'Radeon (TM) RX 480 Graphics' (P:0 D:0)
[2020.05.18-16.58.40:994][  0]LogWindows:    4. 'Radeon (TM) RX 480 Graphics' (P:0 D:0)
[2020.05.18-16.58.40:994][  0]LogWindows:    5. 'Radeon (TM) RX 480 Graphics' (P:0 D:0)
[2020.05.18-16.58.40:995][  0]LogWindows:    6. 'Radeon (TM) RX 480 Graphics' (P:0 D:0)
[2020.05.18-16.58.40:996][  0]LogWindows:    7. 'Radeon (TM) RX 480 Graphics' (P:0 D:0)
[2020.05.18-16.58.40:996][  0]LogWindows: DebugString: FoundDriverCount:8 
[2020.05.18-16.58.40:996][  0]LogD3D12RHI:     Adapter Name: Radeon (TM) RX 480 Graphics
[2020.05.18-16.58.40:996][  0]LogD3D12RHI:   Driver Version: Adrenalin 2020 20.4.2 (internal:26.20.15029.27016, unified:26.20.15029.27016)
[2020.05.18-16.58.40:996][  0]LogD3D12RHI:      Driver Date: 4-21-2020
[2020.05.18-16.58.40:996][  0]LogRHI: Texture pool is 4376 MB (70% of 6251 MB)
[2020.05.18-16.58.40:997][  0]LogD3D12RHI: Async texture creation enabled
[2020.05.18-16.58.40:997][  0]LogD3D12RHI: RHI does not have support for 64 bit atomics
[2020.05.18-16.58.41:613][  0]LogTargetPlatformManager: Display: Loaded TargetPlatform 'AllDesktop'
[2020.05.18-16.58.41:656][  0]LogTargetPlatformManager: Display: Loaded TargetPlatform 'Android'
[2020.05.18-16.58.41:656][  0]LogTargetPlatformManager: Display: Loaded TargetPlatform 'Android_ASTC'
[2020.05.18-16.58.41:656][  0]LogTargetPlatformManager: Display: Loaded TargetPlatform 'Android_ATC'
[2020.05.18-16.58.41:656][  0]LogTargetPlatformManager: Display: Loaded TargetPlatform 'Android_DXT'
[2020.05.18-16.58.41:656][  0]LogTargetPlatformManager: Display: Loaded TargetPlatform 'Android_ETC1'
[2020.05.18-16.58.41:656][  0]LogTargetPlatformManager: Display: Loaded TargetPlatform 'Android_ETC1a'
[2020.05.18-16.58.41:656][  0]LogTargetPlatformManager: Display: Loaded TargetPlatform 'Android_ETC2'
[2020.05.18-16.58.41:656][  0]LogTargetPlatformManager: Display: Loaded TargetPlatform 'Android_PVRTC'
[2020.05.18-16.58.41:656][  0]LogTargetPlatformManager: Display: Loaded TargetPlatform 'AndroidClient'
[2020.05.18-16.58.41:656][  0]LogTargetPlatformManager: Display: Loaded TargetPlatform 'Android_ASTCClient'
[2020.05.18-16.58.41:656][  0]LogTargetPlatformManager: Display: Loaded TargetPlatform 'Android_ATCClient'
[2020.05.18-16.58.41:656][  0]LogTargetPlatformManager: Display: Loaded TargetPlatform 'Android_DXTClient'
[2020.05.18-16.58.41:656][  0]LogTargetPlatformManager: Display: Loaded TargetPlatform 'Android_ETC1Client'
[2020.05.18-16.58.41:656][  0]LogTargetPlatformManager: Display: Loaded TargetPlatform 'Android_ETC1aClient'
[2020.05.18-16.58.41:656][  0]LogTargetPlatformManager: Display: Loaded TargetPlatform 'Android_ETC2Client'
[2020.05.18-16.58.41:656][  0]LogTargetPlatformManager: Display: Loaded TargetPlatform 'Android_PVRTCClient'
[2020.05.18-16.58.41:656][  0]LogTargetPlatformManager: Display: Loaded TargetPlatform 'Android_Multi'
[2020.05.18-16.58.41:656][  0]LogTargetPlatformManager: Display: Loaded TargetPlatform 'Android_MultiClient'
[2020.05.18-16.58.41:682][  0]LogTargetPlatformManager: Display: Loaded TargetPlatform 'IOSClient'
[2020.05.18-16.58.41:682][  0]LogTargetPlatformManager: Display: Loaded TargetPlatform 'IOS'
[2020.05.18-16.58.41:693][  0]LogTargetPlatformManager: Display: Loaded TargetPlatform 'LinuxNoEditor'
[2020.05.18-16.58.41:703][  0]LogTargetPlatformManager: Display: Loaded TargetPlatform 'LinuxClient'
[2020.05.18-16.58.41:713][  0]LogTargetPlatformManager: Display: Loaded TargetPlatform 'LinuxServer'
[2020.05.18-16.58.41:724][  0]LogTargetPlatformManager: Display: Loaded TargetPlatform 'LinuxAArch64NoEditor'
[2020.05.18-16.58.41:735][  0]LogTargetPlatformManager: Display: Loaded TargetPlatform 'LinuxAArch64Client'
[2020.05.18-16.58.41:745][  0]LogTargetPlatformManager: Display: Loaded TargetPlatform 'LinuxAArch64Server'
[2020.05.18-16.58.41:781][  0]LogTargetPlatformManager: Display: Loaded TargetPlatform 'Lumin'
[2020.05.18-16.58.41:782][  0]LogTargetPlatformManager: Display: Loaded TargetPlatform 'LuminClient'
[2020.05.18-16.58.41:802][  0]LogTargetPlatformManager: Display: Loaded TargetPlatform 'TVOSClient'
[2020.05.18-16.58.41:802][  0]LogTargetPlatformManager: Display: Loaded TargetPlatform 'TVOS'
[2020.05.18-16.58.41:814][  0]LogTargetPlatformManager: Display: Loaded TargetPlatform 'WindowsNoEditor'
[2020.05.18-16.58.41:826][  0]LogTargetPlatformManager: Display: Loaded TargetPlatform 'Windows'
[2020.05.18-16.58.41:837][  0]LogTargetPlatformManager: Display: Loaded TargetPlatform 'WindowsClient'
[2020.05.18-16.58.41:848][  0]LogTargetPlatformManager: Display: Loaded TargetPlatform 'WindowsServer'
[2020.05.18-16.58.41:848][  0]LogTargetPlatformManager: Display: Building Assets For Windows
[2020.05.18-16.58.41:852][  0]LogAudioDebug: Display: Lib vorbis DLL was dynamically loaded.
[2020.05.18-16.58.41:880][  0]LogShaderCompilers: Guid format shader working directory is -4 characters bigger than the processId version (C:/Users/Mike/Documents/Unreal Projects/PPMonster/Intermediate/Shaders/WorkingDirectory/7340/).
[2020.05.18-16.58.41:880][  0]LogShaderCompilers: Cleaned the shader compiler working directory 'C:/Users/Mike/AppData/Local/Temp/UnrealShaderWorkingDir/401B4DCE4BF11F780A9E6F9369F08A13/'.
[2020.05.18-16.58.41:881][  0]LogXGEController: Cannot use XGE Controller as Incredibuild is not installed on this machine.
[2020.05.18-16.58.41:881][  0]LogShaderCompilers: Cannot use XGE Shader Compiler as Incredibuild is not installed on this machine.
[2020.05.18-16.58.41:881][  0]LogShaderCompilers: Display: Using Local Shader Compiler.
[2020.05.18-16.58.43:034][  0]LogDerivedDataCache: Display: Max Cache Size: 512 MB
[2020.05.18-16.58.43:154][  0]LogDerivedDataCache: Loaded boot cache 0.12s 91MB C:/Users/Mike/AppData/Local/UnrealEngine/4.24/DerivedDataCache/Boot.ddc.
[2020.05.18-16.58.43:155][  0]LogDerivedDataCache: Display: Loaded Boot cache: C:/Users/Mike/AppData/Local/UnrealEngine/4.24/DerivedDataCache/Boot.ddc
[2020.05.18-16.58.43:155][  0]LogDerivedDataCache: FDerivedDataBackendGraph:  Pak pak cache file C:/Users/Mike/Documents/Unreal Projects/PPMonster/DerivedDataCache/DDC.ddp not found, will not use a pak cache.
[2020.05.18-16.58.43:155][  0]LogDerivedDataCache: Unable to find inner node Pak for hierarchical cache Hierarchy.
[2020.05.18-16.58.43:155][  0]LogDerivedDataCache: FDerivedDataBackendGraph:  CompressedPak pak cache file C:/Users/Mike/Documents/Unreal Projects/PPMonster/DerivedDataCache/Compressed.ddp not found, will not use a pak cache.
[2020.05.18-16.58.43:155][  0]LogDerivedDataCache: Unable to find inner node CompressedPak for hierarchical cache Hierarchy.
[2020.05.18-16.58.43:167][  0]LogDerivedDataCache: Display: Pak cache opened for reading ../../../Engine/DerivedDataCache/Compressed.ddp.
[2020.05.18-16.58.43:167][  0]LogDerivedDataCache: FDerivedDataBackendGraph:  EnterprisePak pak cache file ../../../Enterprise/DerivedDataCache/Compressed.ddp not found, will not use a pak cache.
[2020.05.18-16.58.43:167][  0]LogDerivedDataCache: Unable to find inner node EnterprisePak for hierarchical cache Hierarchy.
[2020.05.18-16.58.43:169][  0]LogDerivedDataCache: Using Local data cache path C:/Users/Mike/AppData/Local/UnrealEngine/Common/DerivedDataCache: Writable
[2020.05.18-16.58.43:169][  0]LogDerivedDataCache: Shared data cache path not found in *engine.ini, will not use an Shared cache.
[2020.05.18-16.58.43:169][  0]LogDerivedDataCache: Unable to find inner node Shared for hierarchical cache Hierarchy.
[2020.05.18-16.58.43:219][  0]LogMaterial: Verifying Global Shaders for PCD3D_SM5
[2020.05.18-16.58.43:223][  0]LogSlate: Using FreeType 2.10.0
[2020.05.18-16.58.43:224][  0]LogSlate: SlateFontServices - WITH_FREETYPE: 1, WITH_HARFBUZZ: 1
[2020.05.18-16.58.43:305][  0]LogAssetRegistry: FAssetRegistry took 0.0034 seconds to start up
[2020.05.18-16.58.43:814][  0]LogInit: Selected Device Profile: [Windows]
[2020.05.18-16.58.44:023][  0]LogMeshReduction: Using QuadricMeshReduction for automatic static mesh reduction
[2020.05.18-16.58.44:023][  0]LogMeshReduction: Using SimplygonMeshReduction for automatic skeletal mesh reduction
[2020.05.18-16.58.44:023][  0]LogMeshReduction: Using ProxyLODMeshReduction for automatic mesh merging
[2020.05.18-16.58.44:023][  0]LogMeshReduction: No distributed automatic mesh merging module available
[2020.05.18-16.58.44:024][  0]LogMeshMerging: No distributed automatic mesh merging module available
[2020.05.18-16.58.44:039][  0]LogNetVersion: PPMonster 1.0.0, NetCL: 10570792, EngineNetVer: 13, GameNetVer: 0 (Checksum: 1387416426)
[2020.05.18-16.58.45:480][  0]LogPackageLocalizationCache: Processed 10 localized package path(s) for 1 prioritized culture(s) in 0.048645 seconds
[2020.05.18-16.58.45:490][  0]LogUObjectArray: 46750 objects as part of root set at end of initial load.
[2020.05.18-16.58.45:490][  0]LogUObjectAllocator: 8137160 out of 0 bytes used by permanent object pool.
[2020.05.18-16.58.45:490][  0]LogUObjectArray: CloseDisregardForGC: 0/0 objects in disregard for GC pool
[2020.05.18-16.58.45:993][  0]LogTcpMessaging: Initializing TcpMessaging bridge
[2020.05.18-16.58.45:997][  0]LogUdpMessaging: Initializing bridge on interface 0.0.0.0:0 to multicast group 230.0.0.1:6666.
[2020.05.18-16.58.46:077][  0]SourceControl: Source control is disabled
[2020.05.18-16.58.46:077][  0]SourceControl: Source control is disabled
[2020.05.18-16.58.46:079][  0]SourceControl: Source control is disabled
[2020.05.18-16.58.46:079][  0]SourceControl: Source control is disabled
[2020.05.18-16.58.46:080][  0]SourceControl: Source control is disabled
[2020.05.18-16.58.46:191][  0]LogAndroidPermission: UAndroidPermissionCallbackProxy::GetInstance
[2020.05.18-16.58.46:206][  0]LogAudioCaptureCore: Display: No Audio Capture implementations found. Audio input will be silent.
[2020.05.18-16.58.46:206][  0]LogAudioCaptureCore: Display: No Audio Capture implementations found. Audio input will be silent.
[2020.05.18-16.58.46:318][  0]LogOcInput: OculusInput pre-init called
[2020.05.18-16.58.46:327][  0]LogWindows: Failed to load 'OVRPlugin.dll' (GetLastError=126)
[2020.05.18-16.58.46:328][  0]LogWindows: File 'OVRPlugin.dll' does not exist
[2020.05.18-16.58.46:415][  0]LogEngine: Initializing Engine...
[2020.05.18-16.58.46:417][  0]LogHMD: Failed to initialize OpenVR with code 110
[2020.05.18-16.58.46:418][  0]LogStats: UGameplayTagsManager::InitializeManager -  0.000 s
[2020.05.18-16.58.46:874][  0]LogInit: Initializing FReadOnlyCVARCache
[2020.05.18-16.58.46:894][  0]LogAIModule: Creating AISystem for world Untitled
[2020.05.18-16.58.46:899][  0]LogAudioMixer: Display: Audio Mixer Platform Settings:
[2020.05.18-16.58.46:899][  0]LogAudioMixer: Display: 	Sample Rate:						  48000
[2020.05.18-16.58.46:899][  0]LogAudioMixer: Display: 	Callback Buffer Frame Size Requested: 1024
[2020.05.18-16.58.46:899][  0]LogAudioMixer: Display: 	Callback Buffer Frame Size To Use:	  1024
[2020.05.18-16.58.46:899][  0]LogAudioMixer: Display: 	Number of buffers to queue:			  2
[2020.05.18-16.58.46:899][  0]LogAudioMixer: Display: 	Max Channels (voices):				  32
[2020.05.18-16.58.46:899][  0]LogAudioMixer: Display: 	Number of Async Source Workers:		  0
[2020.05.18-16.58.46:899][  0]LogAudio: Display: AudioDevice MaxSources: 32
[2020.05.18-16.58.46:899][  0]LogAudio: Display: Using built-in audio occlusion.
[2020.05.18-16.58.46:900][  0]LogAudioMixer: Display: Initializing audio mixer.
[2020.05.18-16.58.47:018][  0]LogAudioMixer: Display: Audio Device Output Speaker Info:
[2020.05.18-16.58.47:018][  0]LogAudioMixer: Display: Name: 3 - Philips FTV (2- AMD High Definition Audio Device)
[2020.05.18-16.58.47:018][  0]LogAudioMixer: Display: Is Default: Yes
[2020.05.18-16.58.47:018][  0]LogAudioMixer: Display: Sample Rate: 48000
[2020.05.18-16.58.47:018][  0]LogAudioMixer: Display: Channel Count Used: 2
[2020.05.18-16.58.47:018][  0]LogAudioMixer: Display: Device Channel Count: 2
[2020.05.18-16.58.47:018][  0]LogAudioMixer: Display: Channel Order:
[2020.05.18-16.58.47:019][  0]LogAudioMixer: Display: 0: FrontLeft
[2020.05.18-16.58.47:019][  0]LogAudioMixer: Display: 1: FrontRight
[2020.05.18-16.58.47:062][  0]LogAudioMixer: Display: Using Audio Device 3 - Philips FTV (2- AMD High Definition Audio Device)
[2020.05.18-16.58.47:072][  0]LogInit: FAudioDevice initialized.
[2020.05.18-16.58.47:072][  0]LogNetVersion: Set ProjectVersion to 1.0.0.0. Version Checksum will be recalculated on next use.
[2020.05.18-16.58.47:507][  0]LogDerivedDataCache: Saved boot cache 0.43s 91MB C:/Users/Mike/AppData/Local/UnrealEngine/4.24/DerivedDataCache/Boot.ddc.
[2020.05.18-16.58.47:508][  0]LogInit: Texture streaming: Enabled
[2020.05.18-16.58.47:599][  0]LogInit: Transaction tracking system initialized
[2020.05.18-16.58.47:678][  0]BlueprintLog: New page: Editor Load
[2020.05.18-16.58.47:714][  0]LocalizationService: Localization service is disabled
[2020.05.18-16.58.48:178][  0]LogFileCache: Scanning file cache for directory 'C:/Users/Mike/Documents/Unreal Projects/PPMonster/Content/' took 0.02s
[2020.05.18-16.58.48:178][  0]LogCook: Display: Max memory allowance for cook 16384mb min free memory 0mb
[2020.05.18-16.58.48:178][  0]LogCook: Display: Mobile HDR setting 1
[2020.05.18-16.58.49:178][  0]SourceControl: Source control is disabled
[2020.05.18-16.58.49:178][  0]Cmd: MAP LOAD FILE="C:/Users/Mike/Documents/Unreal Projects/PPMonster/Content/FirstPersonBP/Maps/FirstPersonExampleMap.umap" TEMPLATE=0 SHOWPROGRESS=1 FEATURELEVEL=3
[2020.05.18-16.58.49:179][  0]LightingResults: New page: Lighting Build
[2020.05.18-16.58.49:180][  0]LogWorld: UWorld::CleanupWorld for Untitled, bSessionEnded=true, bCleanupResources=true
[2020.05.18-16.58.49:180][  0]LogSlate: InvalidateAllWidgets triggered.  All widgets were invalidated
[2020.05.18-16.58.49:180][  0]MapCheck: New page: Map Check
[2020.05.18-16.58.49:180][  0]LightingResults: New page: Lighting Build
[2020.05.18-16.58.49:303][  0]LogUObjectHash: Compacting FUObjectHashTables data took   3.46ms
[2020.05.18-16.58.51:726][  0]LogAIModule: Creating AISystem for world FirstPersonExampleMap
[2020.05.18-16.58.52:030][  0]LogEditorServer: Finished looking for orphan Actors (0.000 secs)
[2020.05.18-16.58.52:044][  0]LogNavigation: Warning: Recreating dtNavMesh instance due to saved navmesh origin (X=0.000 Y=-0.001 Z=258.696, usually the RecastNavMesh location) not being aligned with tile size (988 uu) 
[2020.05.18-16.58.52:213][  0]LogUObjectHash: Compacting FUObjectHashTables data took   4.25ms
[2020.05.18-16.58.52:213][  0]Cmd: MAP CHECKDEP NOCLEARLOG
[2020.05.18-16.58.52:213][  0]MapCheck: Map check complete: 0 Error(s), 0 Warning(s), took 0.273ms to complete.
[2020.05.18-16.58.52:213][  0]LogFileHelpers: Loading map 'FirstPersonExampleMap' took 3.035
[2020.05.18-16.58.52:968][  0]LogSlate: Updating window title bar state: overlay mode, drag disabled, window buttons hidden, title bar hidden
[2020.05.18-16.58.52:979][  0]LogSlate: Updating window title bar state: overlay mode, drag disabled, window buttons hidden, title bar hidden
[2020.05.18-16.58.52:989][  0]LogSlate: Updating window title bar state: overlay mode, drag disabled, window buttons hidden, title bar hidden
[2020.05.18-16.58.52:999][  0]LogSlate: Updating window title bar state: overlay mode, drag disabled, window buttons hidden, title bar hidden
[2020.05.18-16.58.53:090][  0]LogCollectionManager: Loaded 0 collections in 0.004024 seconds
[2020.05.18-16.58.53:171][  0]LogFileCache: Scanning file cache for directory 'C:/Users/Mike/Documents/Unreal Projects/PPMonster/Saved/Collections/' took 0.00s
[2020.05.18-16.58.53:171][  0]LogFileCache: Scanning file cache for directory 'C:/Users/Mike/Documents/Unreal Projects/PPMonster/Content/Developers/Mike/Collections/' took 0.00s
[2020.05.18-16.58.53:171][  0]LogFileCache: Scanning file cache for directory 'C:/Users/Mike/Documents/Unreal Projects/PPMonster/Content/Collections/' took 0.00s
[2020.05.18-16.58.53:171][  0]LogContentBrowser: Native class hierarchy populated in 0.0148 seconds. Added 3017 classes and 720 folders.
[2020.05.18-16.58.53:246][  0]LogContentBrowser: Native class hierarchy updated for 'WidgetCarousel' in 0.0004 seconds. Added 0 classes and 0 folders.
[2020.05.18-16.58.54:299][  0]LogContentBrowser: Native class hierarchy updated for 'AddContentDialog' in 0.0003 seconds. Added 0 classes and 0 folders.
[2020.05.18-16.58.55:358][  0]LogSlate: Took 0.000330 seconds to synchronously load lazily loaded font '../../../Engine/Content/Slate/Fonts/Roboto-Regular.ttf' (155K)
[2020.05.18-16.58.55:389][  0]LogSlate: Took 0.000298 seconds to synchronously load lazily loaded font '../../../Engine/Content/Slate/Fonts/Roboto-Bold.ttf' (160K)
[2020.05.18-16.58.55:430][  0]LogSlate: Took 0.013235 seconds to synchronously load lazily loaded font '../../../Engine/Content/Editor/Slate/Fonts/FontAwesome.ttf' (139K)
[2020.05.18-16.58.55:869][  0]LogRenderer: Reallocating scene render targets to support 1236x600 Format 10 NumSamples 1 (Frame:1).
[2020.05.18-16.58.56:959][  0]LogSlate: Took 0.012077 seconds to synchronously load lazily loaded font '../../../Engine/Content/Slate/Fonts/Roboto-Light.ttf' (167K)
[2020.05.18-16.58.57:173][  0]LogContentBrowser: Native class hierarchy updated for 'HierarchicalLODOutliner' in 0.0005 seconds. Added 0 classes and 0 folders.
[2020.05.18-16.58.57:173][  0]LogLoad: (Engine Initialization) Total time: 19.72 seconds
[2020.05.18-16.58.57:173][  0]LogLoad: (Engine Initialization) Total Blueprint compile time: 0.00 seconds
[2020.05.18-16.58.57:384][  0]LogContentStreaming: Texture pool size now 1000 MB
[2020.05.18-16.58.57:652][  2]LogAssetRegistry: Asset discovery search completed in 14.3474 seconds
[2020.05.18-16.58.57:661][  2]LogCollectionManager: Fixed up redirectors for 0 collections in 0.000017 seconds (updated 0 objects)
[2020.05.18-16.59.26:260][  9]LogSlate: Took 0.000276 seconds to synchronously load lazily loaded font '../../../Engine/Content/Slate/Fonts/Roboto-Light.ttf' (167K)
[2020.05.18-16.59.26:290][  9]LogAssetEditorSubsystem: Opening Asset editor for Blueprint /Game/Prototype/BP_CheshireController.BP_CheshireController
[2020.05.18-16.59.26:969][  9]LogContentBrowser: Native class hierarchy updated for 'BlueprintGraph' in 0.0009 seconds. Added 121 classes and 0 folders.
[2020.05.18-16.59.57:117][490]LogSlate: Window 'BP_CheshireController' being destroyed
[2020.05.18-16.59.57:198][490]LogWorld: UWorld::CleanupWorld for World_3, bSessionEnded=true, bCleanupResources=true
[2020.05.18-16.59.57:198][490]LogSlate: InvalidateAllWidgets triggered.  All widgets were invalidated
[2020.05.18-16.59.57:448][490]LogAssetEditorSubsystem: Opening Asset editor for Blueprint /Game/Prototype/BP_CheshireController.BP_CheshireController
[2020.05.18-16.59.58:130][490]LogSlate: Took 0.000256 seconds to synchronously load lazily loaded font '../../../Engine/Content/Slate/Fonts/Roboto-BoldCondensed.ttf' (158K)
[2020.05.18-17.00.01:009][659]LogRenderer: Reallocating scene render targets to support 1316x744 Format 10 NumSamples 1 (Frame:1).
[2020.05.18-17.00.02:961][790]LogSlate: Window 'BP_CheshireController' being destroyed
[2020.05.18-17.00.02:972][790]LogSlate: Window 'BP_CheshireController' being destroyed
[2020.05.18-17.00.02:976][790]LogWorld: UWorld::CleanupWorld for World_4, bSessionEnded=true, bCleanupResources=true
[2020.05.18-17.00.02:976][790]LogSlate: InvalidateAllWidgets triggered.  All widgets were invalidated
[2020.05.18-17.00.05:826][999]LogUObjectHash: Compacting FUObjectHashTables data took   7.15ms
[2020.05.18-17.00.08:125][999]LogSlate: Window 'Delete Assets' being destroyed
[2020.05.18-17.01.32:981][413]LogAssetEditorSubsystem: Opening Asset editor for Blueprint /Game/Prototype/BP_CheshireController.BP_CheshireController
[2020.05.18-17.01.45:067][211]LogSlate: Took 0.022069 seconds to synchronously load lazily loaded font '../../../Engine/Content/Slate/Fonts/Roboto-Italic.ttf' (157K)
[2020.05.18-17.01.56:988][139]LogSlate: Window 'BP_CheshireController' being destroyed
[2020.05.18-17.01.56:999][139]LogSlate: Window 'BP_CheshireController' being destroyed
[2020.05.18-17.01.57:017][139]LogWorld: UWorld::CleanupWorld for World_5, bSessionEnded=true, bCleanupResources=true
[2020.05.18-17.01.57:017][139]LogSlate: InvalidateAllWidgets triggered.  All widgets were invalidated
[2020.05.18-17.02.47:539][240]LogAssetEditorSubsystem: Opening Asset editor for Blueprint /Game/Prototype/CheshireMan.CheshireMan
[2020.05.18-17.03.36:769][814]LogWorld: UWorld::CleanupWorld for World_6, bSessionEnded=true, bCleanupResources=true
[2020.05.18-17.03.36:769][814]LogSlate: InvalidateAllWidgets triggered.  All widgets were invalidated
[2020.05.18-17.03.53:516][289]LogAssetEditorSubsystem: Opening Asset editor for Blueprint /Game/FirstPersonBP/Blueprints/FirstPersonCharacter.FirstPersonCharacter
[2020.05.18-17.05.18:770][857]LogTemp: Repeating last play command: Selected Viewport
[2020.05.18-17.05.18:828][857]LogBlueprintUserMessages: Early PlayInEditor Detection: Level '/Game/FirstPersonBP/Maps/FirstPersonExampleMap.FirstPersonExampleMap:PersistentLevel' has LevelScriptBlueprint '/Game/FirstPersonBP/Maps/FirstPersonExampleMap.FirstPersonExampleMap:PersistentLevel.FirstPersonExampleMap' with GeneratedClass '/Game/FirstPersonBP/Maps/FirstPersonExampleMap.FirstPersonExampleMap_C' with ClassGeneratedBy '/Game/FirstPersonBP/Maps/FirstPersonExampleMap.FirstPersonExampleMap:PersistentLevel.FirstPersonExampleMap'
[2020.05.18-17.05.18:895][857]LogPlayLevel: PlayLevel: No blueprints needed recompiling
[2020.05.18-17.05.18:932][857]PIE: New page: PIE session: FirstPersonExampleMap (May 18, 2020, 9:05:18 AM)
[2020.05.18-17.05.18:939][857]LogOnline: OSS: Creating online subsystem instance for: NULL
[2020.05.18-17.05.18:951][857]LogOnline: OSS: TryLoadSubsystemAndSetDefault: Loaded subsystem for module [NULL]
[2020.05.18-17.05.18:968][857]LogPlayLevel: Creating play world package: /Game/FirstPersonBP/Maps/UEDPIE_0_FirstPersonExampleMap
[2020.05.18-17.05.19:036][857]LogPlayLevel: PIE: StaticDuplicateObject took: (0.068399s)
[2020.05.18-17.05.19:052][857]LogAIModule: Creating AISystem for world FirstPersonExampleMap
[2020.05.18-17.05.19:066][857]LogPlayLevel: PIE: World Init took: (0.029424s)
[2020.05.18-17.05.19:066][857]LogPlayLevel: PIE: Created PIE world by copying editor world from /Game/FirstPersonBP/Maps/FirstPersonExampleMap.FirstPersonExampleMap to /Game/FirstPersonBP/Maps/UEDPIE_0_FirstPersonExampleMap.FirstPersonExampleMap (0.098476s)
[2020.05.18-17.05.19:196][857]LogUObjectHash: Compacting FUObjectHashTables data took   4.75ms
[2020.05.18-17.05.19:225][857]LogAudioMixer: Display: Audio Mixer Platform Settings:
[2020.05.18-17.05.19:225][857]LogAudioMixer: Display: 	Sample Rate:						  48000
[2020.05.18-17.05.19:225][857]LogAudioMixer: Display: 	Callback Buffer Frame Size Requested: 1024
[2020.05.18-17.05.19:225][857]LogAudioMixer: Display: 	Callback Buffer Frame Size To Use:	  1024
[2020.05.18-17.05.19:225][857]LogAudioMixer: Display: 	Number of buffers to queue:			  2
[2020.05.18-17.05.19:225][857]LogAudioMixer: Display: 	Max Channels (voices):				  32
[2020.05.18-17.05.19:225][857]LogAudioMixer: Display: 	Number of Async Source Workers:		  0
[2020.05.18-17.05.19:225][857]LogAudio: Display: AudioDevice MaxSources: 32
[2020.05.18-17.05.19:226][857]LogAudio: Display: Using built-in audio occlusion.
[2020.05.18-17.05.19:226][857]LogAudioMixer: Display: Initializing audio mixer.
[2020.05.18-17.05.19:333][857]LogAudioMixer: Display: Audio Device Output Speaker Info:
[2020.05.18-17.05.19:333][857]LogAudioMixer: Display: Name: 3 - Philips FTV (2- AMD High Definition Audio Device)
[2020.05.18-17.05.19:333][857]LogAudioMixer: Display: Is Default: Yes
[2020.05.18-17.05.19:333][857]LogAudioMixer: Display: Sample Rate: 48000
[2020.05.18-17.05.19:333][857]LogAudioMixer: Display: Channel Count Used: 2
[2020.05.18-17.05.19:333][857]LogAudioMixer: Display: Device Channel Count: 2
[2020.05.18-17.05.19:333][857]LogAudioMixer: Display: Channel Order:
[2020.05.18-17.05.19:333][857]LogAudioMixer: Display: 0: FrontLeft
[2020.05.18-17.05.19:333][857]LogAudioMixer: Display: 1: FrontRight
[2020.05.18-17.05.19:355][857]LogAudioMixer: Display: Using Audio Device 3 - Philips FTV (2- AMD High Definition Audio Device)
[2020.05.18-17.05.19:358][857]LogInit: FAudioDevice initialized.
[2020.05.18-17.05.19:395][857]LogLoad: Game class is 'FirstPersonGameMode_C'
[2020.05.18-17.05.19:497][857]LogWorld: Bringing World /Game/FirstPersonBP/Maps/UEDPIE_0_FirstPersonExampleMap.FirstPersonExampleMap up for play (max tick rate 0) at 2020.05.18-13.05.19
[2020.05.18-17.05.19:588][857]LogWorld: Bringing up level for play took: 0.109811
[2020.05.18-17.05.19:589][857]LogOnline: OSS: Creating online subsystem instance for: :Context_9
[2020.05.18-17.05.19:672][857]LogContentBrowser: Native class hierarchy updated for 'MovieSceneCapture' in 0.0005 seconds. Added 20 classes and 0 folders.
[2020.05.18-17.05.19:813][857]PIE: Play in editor start time for /Game/FirstPersonBP/Maps/UEDPIE_0_FirstPersonExampleMap 0.175
[2020.05.18-17.05.19:813][857]LogBlueprintUserMessages: Late PlayInEditor Detection: Level '/Game/FirstPersonBP/Maps/FirstPersonExampleMap.FirstPersonExampleMap:PersistentLevel' has LevelScriptBlueprint '/Game/FirstPersonBP/Maps/FirstPersonExampleMap.FirstPersonExampleMap:PersistentLevel.FirstPersonExampleMap' with GeneratedClass '/Game/FirstPersonBP/Maps/FirstPersonExampleMap.FirstPersonExampleMap_C' with ClassGeneratedBy '/Game/FirstPersonBP/Maps/FirstPersonExampleMap.FirstPersonExampleMap:PersistentLevel.FirstPersonExampleMap'
[2020.05.18-17.05.24:409][ 10]LogSlate: Window 'FirstPersonCharacter' being destroyed
[2020.05.18-17.05.26:321][193]LogBlueprintUserMessages: [FirstPersonCharacter_C_1] false
[2020.05.18-17.05.26:787][246]LogBlueprintUserMessages: [FirstPersonCharacter_C_1] false
[2020.05.18-17.05.27:224][298]LogBlueprintUserMessages: [FirstPersonCharacter_C_1] false
[2020.05.18-17.05.27:568][339]LogBlueprintUserMessages: [FirstPersonCharacter_C_1] false
[2020.05.18-17.05.28:222][417]LogBlueprintUserMessages: [FirstPersonCharacter_C_1] false
[2020.05.18-17.05.28:819][488]LogBlueprintUserMessages: [FirstPersonCharacter_C_1] false
[2020.05.18-17.05.29:161][529]LogBlueprintUserMessages: [FirstPersonCharacter_C_1] false
[2020.05.18-17.05.30:128][634]LogBlueprintUserMessages: [FirstPersonCharacter_C_1] false
[2020.05.18-17.05.39:114][677]LogBlueprintUserMessages: [FirstPersonCharacter_C_1] false
[2020.05.18-17.06.11:290][532]LogAudioMixer: Display: No commands were queued while flushing the source manager.
[2020.05.18-17.06.11:290][532]LogAudioMixer: Display: No commands were queued while flushing the source manager.
[2020.05.18-17.06.11:308][532]LogBlueprintUserMessages: Early EndPlayMap Detection: Level '/Game/FirstPersonBP/Maps/FirstPersonExampleMap.FirstPersonExampleMap:PersistentLevel' has LevelScriptBlueprint '/Game/FirstPersonBP/Maps/FirstPersonExampleMap.FirstPersonExampleMap:PersistentLevel.FirstPersonExampleMap' with GeneratedClass '/Game/FirstPersonBP/Maps/FirstPersonExampleMap.FirstPersonExampleMap_C' with ClassGeneratedBy '/Game/FirstPersonBP/Maps/FirstPersonExampleMap.FirstPersonExampleMap:PersistentLevel.FirstPersonExampleMap'
[2020.05.18-17.06.11:319][532]LogSlate: Updating window title bar state: overlay mode, drag disabled, window buttons hidden, title bar hidden
[2020.05.18-17.06.11:319][532]LogWorld: BeginTearingDown for /Game/FirstPersonBP/Maps/UEDPIE_0_FirstPersonExampleMap
[2020.05.18-17.06.11:340][532]LogAudioMixer: Display: No commands were queued while flushing the source manager.
[2020.05.18-17.06.11:340][532]LogWorld: UWorld::CleanupWorld for FirstPersonExampleMap, bSessionEnded=true, bCleanupResources=true
[2020.05.18-17.06.11:341][532]LogSlate: InvalidateAllWidgets triggered.  All widgets were invalidated
[2020.05.18-17.06.11:390][532]LogPlayLevel: Display: Shutting down PIE online subsystems
[2020.05.18-17.06.11:390][532]LogBlueprintUserMessages: Late EndPlayMap Detection: Level '/Game/FirstPersonBP/Maps/FirstPersonExampleMap.FirstPersonExampleMap:PersistentLevel' has LevelScriptBlueprint '/Game/FirstPersonBP/Maps/FirstPersonExampleMap.FirstPersonExampleMap:PersistentLevel.FirstPersonExampleMap' with GeneratedClass '/Game/FirstPersonBP/Maps/FirstPersonExampleMap.FirstPersonExampleMap_C' with ClassGeneratedBy '/Game/FirstPersonBP/Maps/FirstPersonExampleMap.FirstPersonExampleMap:PersistentLevel.FirstPersonExampleMap'
[2020.05.18-17.06.11:416][532]LogSlate: InvalidateAllWidgets triggered.  All widgets were invalidated
[2020.05.18-17.06.11:536][532]LogAudioMixer: Display: No commands were queued while flushing the source manager.
[2020.05.18-17.06.11:541][532]LogSlate: Updating window title bar state: overlay mode, drag disabled, window buttons hidden, title bar hidden
[2020.05.18-17.06.11:583][532]LogUObjectHash: Compacting FUObjectHashTables data took   8.15ms
[2020.05.18-17.06.11:617][533]LogPlayLevel: Display: Destroying online subsystem :Context_9
[2020.05.18-17.09.46:675][805]LogActorFactory: Actor Factory created FinalDonut_Icing
[2020.05.18-17.09.47:720][919]LogActorFactory: Actor Factory created FinalDonut_Icing
[2020.05.18-17.09.53:906][465]LogTemp: Repeating last play command: Selected Viewport
[2020.05.18-17.09.53:926][465]LogBlueprintUserMessages: Early PlayInEditor Detection: Level '/Game/FirstPersonBP/Maps/FirstPersonExampleMap.FirstPersonExampleMap:PersistentLevel' has LevelScriptBlueprint '/Game/FirstPersonBP/Maps/FirstPersonExampleMap.FirstPersonExampleMap:PersistentLevel.FirstPersonExampleMap' with GeneratedClass '/Game/FirstPersonBP/Maps/FirstPersonExampleMap.FirstPersonExampleMap_C' with ClassGeneratedBy '/Game/FirstPersonBP/Maps/FirstPersonExampleMap.FirstPersonExampleMap:PersistentLevel.FirstPersonExampleMap'
[2020.05.18-17.09.53:927][465]LogPlayLevel: PlayLevel: No blueprints needed recompiling
[2020.05.18-17.09.53:927][465]PIE: New page: PIE session: FirstPersonExampleMap (May 18, 2020, 9:09:53 AM)
[2020.05.18-17.09.53:927][465]LogPlayLevel: Creating play world package: /Game/FirstPersonBP/Maps/UEDPIE_0_FirstPersonExampleMap
[2020.05.18-17.09.53:953][465]LogPlayLevel: PIE: StaticDuplicateObject took: (0.025196s)
[2020.05.18-17.09.53:954][465]LogAIModule: Creating AISystem for world FirstPersonExampleMap
[2020.05.18-17.09.53:954][465]LogPlayLevel: PIE: World Init took: (0.001867s)
[2020.05.18-17.09.53:955][465]LogPlayLevel: PIE: Created PIE world by copying editor world from /Game/FirstPersonBP/Maps/FirstPersonExampleMap.FirstPersonExampleMap to /Game/FirstPersonBP/Maps/UEDPIE_0_FirstPersonExampleMap.FirstPersonExampleMap (0.027312s)
[2020.05.18-17.09.54:068][465]LogUObjectHash: Compacting FUObjectHashTables data took   6.84ms
[2020.05.18-17.09.54:075][465]LogAudioMixer: Display: Audio Mixer Platform Settings:
[2020.05.18-17.09.54:075][465]LogAudioMixer: Display: 	Sample Rate:						  48000
[2020.05.18-17.09.54:075][465]LogAudioMixer: Display: 	Callback Buffer Frame Size Requested: 1024
[2020.05.18-17.09.54:075][465]LogAudioMixer: Display: 	Callback Buffer Frame Size To Use:	  1024
[2020.05.18-17.09.54:075][465]LogAudioMixer: Display: 	Number of buffers to queue:			  2
[2020.05.18-17.09.54:076][465]LogAudioMixer: Display: 	Max Channels (voices):				  32
[2020.05.18-17.09.54:076][465]LogAudioMixer: Display: 	Number of Async Source Workers:		  0
[2020.05.18-17.09.54:076][465]LogAudio: Display: AudioDevice MaxSources: 32
[2020.05.18-17.09.54:076][465]LogAudio: Display: Using built-in audio occlusion.
[2020.05.18-17.09.54:076][465]LogAudioMixer: Display: Initializing audio mixer.
[2020.05.18-17.09.54:187][465]LogAudioMixer: Display: Audio Device Output Speaker Info:
[2020.05.18-17.09.54:187][465]LogAudioMixer: Display: Name: 3 - Philips FTV (2- AMD High Definition Audio Device)
[2020.05.18-17.09.54:187][465]LogAudioMixer: Display: Is Default: Yes
[2020.05.18-17.09.54:187][465]LogAudioMixer: Display: Sample Rate: 48000
[2020.05.18-17.09.54:187][465]LogAudioMixer: Display: Channel Count Used: 2
[2020.05.18-17.09.54:187][465]LogAudioMixer: Display: Device Channel Count: 2
[2020.05.18-17.09.54:187][465]LogAudioMixer: Display: Channel Order:
[2020.05.18-17.09.54:187][465]LogAudioMixer: Display: 0: FrontLeft
[2020.05.18-17.09.54:187][465]LogAudioMixer: Display: 1: FrontRight
[2020.05.18-17.09.54:210][465]LogAudioMixer: Display: Using Audio Device 3 - Philips FTV (2- AMD High Definition Audio Device)
[2020.05.18-17.09.54:212][465]LogInit: FAudioDevice initialized.
[2020.05.18-17.09.54:221][465]LogLoad: Game class is 'FirstPersonGameMode_C'
[2020.05.18-17.09.54:227][465]LogWorld: Bringing World /Game/FirstPersonBP/Maps/UEDPIE_0_FirstPersonExampleMap.FirstPersonExampleMap up for play (max tick rate 0) at 2020.05.18-13.09.54
[2020.05.18-17.09.54:227][465]LogWorld: Bringing up level for play took: 0.005372
[2020.05.18-17.09.54:228][465]LogOnline: OSS: Creating online subsystem instance for: :Context_14
[2020.05.18-17.09.54:244][465]PIE: Play in editor start time for /Game/FirstPersonBP/Maps/UEDPIE_0_FirstPersonExampleMap 0.607
[2020.05.18-17.09.54:244][465]LogBlueprintUserMessages: Late PlayInEditor Detection: Level '/Game/FirstPersonBP/Maps/FirstPersonExampleMap.FirstPersonExampleMap:PersistentLevel' has LevelScriptBlueprint '/Game/FirstPersonBP/Maps/FirstPersonExampleMap.FirstPersonExampleMap:PersistentLevel.FirstPersonExampleMap' with GeneratedClass '/Game/FirstPersonBP/Maps/FirstPersonExampleMap.FirstPersonExampleMap_C' with ClassGeneratedBy '/Game/FirstPersonBP/Maps/FirstPersonExampleMap.FirstPersonExampleMap:PersistentLevel.FirstPersonExampleMap'
[2020.05.18-17.09.55:347][592]LogBlueprintUserMessages: [FirstPersonCharacter_C_1] false
[2020.05.18-17.10.18:787][382]LogAudioMixer: Display: No commands were queued while flushing the source manager.
[2020.05.18-17.10.18:804][382]LogAudioMixer: Display: Flush succeeded in the source manager command queue (1).
[2020.05.18-17.10.18:824][382]LogAudioMixer: Display: Flush succeeded the source manager command queue (2).
[2020.05.18-17.10.18:824][382]LogBlueprintUserMessages: Early EndPlayMap Detection: Level '/Game/FirstPersonBP/Maps/FirstPersonExampleMap.FirstPersonExampleMap:PersistentLevel' has LevelScriptBlueprint '/Game/FirstPersonBP/Maps/FirstPersonExampleMap.FirstPersonExampleMap:PersistentLevel.FirstPersonExampleMap' with GeneratedClass '/Game/FirstPersonBP/Maps/FirstPersonExampleMap.FirstPersonExampleMap_C' with ClassGeneratedBy '/Game/FirstPersonBP/Maps/FirstPersonExampleMap.FirstPersonExampleMap:PersistentLevel.FirstPersonExampleMap'
[2020.05.18-17.10.18:824][382]LogSlate: Updating window title bar state: overlay mode, drag disabled, window buttons hidden, title bar hidden
[2020.05.18-17.10.18:824][382]LogWorld: BeginTearingDown for /Game/FirstPersonBP/Maps/UEDPIE_0_FirstPersonExampleMap
[2020.05.18-17.10.18:824][382]LogAudioMixer: Display: No commands were queued while flushing the source manager.
[2020.05.18-17.10.18:825][382]LogWorld: UWorld::CleanupWorld for FirstPersonExampleMap, bSessionEnded=true, bCleanupResources=true
[2020.05.18-17.10.18:826][382]LogSlate: InvalidateAllWidgets triggered.  All widgets were invalidated
[2020.05.18-17.10.18:836][382]LogPlayLevel: Display: Shutting down PIE online subsystems
[2020.05.18-17.10.18:837][382]LogBlueprintUserMessages: Late EndPlayMap Detection: Level '/Game/FirstPersonBP/Maps/FirstPersonExampleMap.FirstPersonExampleMap:PersistentLevel' has LevelScriptBlueprint '/Game/FirstPersonBP/Maps/FirstPersonExampleMap.FirstPersonExampleMap:PersistentLevel.FirstPersonExampleMap' with GeneratedClass '/Game/FirstPersonBP/Maps/FirstPersonExampleMap.FirstPersonExampleMap_C' with ClassGeneratedBy '/Game/FirstPersonBP/Maps/FirstPersonExampleMap.FirstPersonExampleMap:PersistentLevel.FirstPersonExampleMap'
[2020.05.18-17.10.18:844][382]LogSlate: InvalidateAllWidgets triggered.  All widgets were invalidated
[2020.05.18-17.10.18:953][382]LogAudioMixer: Display: No commands were queued while flushing the source manager.
[2020.05.18-17.10.18:957][382]LogSlate: Updating window title bar state: overlay mode, drag disabled, window buttons hidden, title bar hidden
[2020.05.18-17.10.18:964][382]LogUObjectHash: Compacting FUObjectHashTables data took   5.79ms
[2020.05.18-17.10.18:998][383]LogPlayLevel: Display: Destroying online subsystem :Context_14
[2020.05.18-17.11.42:205][650]LogUObjectHash: Compacting FUObjectHashTables data took   2.29ms
[2020.05.18-17.11.51:053][650]LogSavePackage: Moving 'C:/Users/Mike/Documents/Unreal Projects/PPMonster/Saved/FirstPersonExampleMap_Auto10474AD3E4DAF5B1C518140BD61629699.tmp' to 'C:/Users/Mike/Documents/Unreal Projects/PPMonster/Saved/Autosaves/Game/FirstPersonBP/Maps/FirstPersonExampleMap_Auto1.umap'
[2020.05.18-17.11.51:184][650]LogFileHelpers: Editor autosave (incl. sublevels) for '/Game/FirstPersonBP/Maps/FirstPersonExampleMap' took 9.082
[2020.05.18-17.11.51:184][650]LogFileHelpers: Editor autosave (incl. sublevels) for all levels took 9.082
[2020.05.18-17.11.51:185][650]OBJ SavePackage: Generating thumbnails for [1] asset(s) in package [/Game/FirstPersonBP/Blueprints/FirstPersonCharacter] ([1] browsable assets)...
[2020.05.18-17.11.51:394][650]OBJ SavePackage:     Rendered thumbnail for [Blueprint /Game/FirstPersonBP/Blueprints/FirstPersonCharacter.FirstPersonCharacter]
[2020.05.18-17.11.51:394][650]OBJ SavePackage: Finished generating thumbnails for package [/Game/FirstPersonBP/Blueprints/FirstPersonCharacter]
[2020.05.18-17.11.52:706][650]LogSavePackage: Moving 'C:/Users/Mike/Documents/Unreal Projects/PPMonster/Saved/FirstPersonCharacter_Auto156516B4E4BCC266E6C7239BF09E0FB60.tmp' to 'C:/Users/Mike/Documents/Unreal Projects/PPMonster/Saved/Autosaves/Game/FirstPersonBP/Blueprints/FirstPersonCharacter_Auto1.uasset'
[2020.05.18-17.11.52:710][650]LogFileHelpers: Auto-saving content packages took 1.526
