Log file open, 05/18/20 19:52:57
LogWindows: Failed to load 'aqProf.dll' (GetLastError=126)
LogWindows: File 'aqProf.dll' does not exist
LogWindows: Failed to load 'VtuneApi.dll' (GetLastError=126)
LogWindows: File 'VtuneApi.dll' does not exist
LogWindows: Failed to load 'VtuneApi32e.dll' (GetLastError=126)
LogWindows: File 'VtuneApi32e.dll' does not exist
LogConsoleResponse: Display: Failed to find resolution value strings in scalability ini. Falling back to default.
LogInit: Display: Running engine for game: PPMonster
LogPlatformFile: Not using cached read wrapper
LogTaskGraph: Started task graph with 5 named threads and 23 total threads with 3 sets of task threads.
LogStats: Stats thread started at 0.117043
LogD3D11RHI: Loaded GFSDK_Aftermath_Lib.x64.dll
LogICUInternationalization: ICU TimeZone Detection - Raw Offset: -5:00, Platform Override: ''
LogPluginManager: Mounting plugin Paper2D
LogPluginManager: Mounting plugin AISupport
LogPluginManager: Mounting plugin LightPropagationVolume
LogPluginManager: Mounting plugin ActorLayerUtilities
LogPluginManager: Mounting plugin AnimationSharing
LogPluginManager: Mounting plugin CLionSourceCodeAccess
LogPluginManager: Mounting plugin CodeLiteSourceCodeAccess
LogPluginManager: Mounting plugin GitSourceControl
LogPluginManager: Mounting plugin KDevelopSourceCodeAccess
LogPluginManager: Mounting plugin NullSourceCodeAccess
LogPluginManager: Mounting plugin PerforceSourceControl
LogPluginManager: Mounting plugin PlasticSourceControl
LogPluginManager: Mounting plugin SubversionSourceControl
LogPluginManager: Mounting plugin UObjectPlugin
LogPluginManager: Mounting plugin VisualStudioCodeSourceCodeAccess
LogPluginManager: Mounting plugin VisualStudioSourceCodeAccess
LogPluginManager: Mounting plugin XCodeSourceCodeAccess
LogPluginManager: Mounting plugin AssetManagerEditor
LogPluginManager: Mounting plugin CryptoKeys
LogPluginManager: Mounting plugin CurveEditorTools
LogPluginManager: Mounting plugin DataValidation
LogPluginManager: Mounting plugin FacialAnimation
LogPluginManager: Mounting plugin GameplayTagsEditor
LogPluginManager: Mounting plugin MacGraphicsSwitching
LogPluginManager: Mounting plugin MaterialAnalyzer
LogPluginManager: Mounting plugin MobileLauncherProfileWizard
LogPluginManager: Mounting plugin PluginBrowser
LogPluginManager: Mounting plugin SpeedTreeImporter
LogPluginManager: Mounting plugin DatasmithContent
LogPluginManager: Mounting plugin VariantManagerContent
LogPluginManager: Mounting plugin AlembicImporter
LogPluginManager: Mounting plugin AutomationUtils
LogPluginManager: Mounting plugin BackChannel
LogPluginManager: Mounting plugin CharacterAI
LogPluginManager: Mounting plugin GeometryCache
LogPluginManager: Mounting plugin PlatformCrypto
LogPluginManager: Mounting plugin ProxyLODPlugin
LogPluginManager: Mounting plugin SkeletalReduction
LogPluginManager: Mounting plugin MagicLeap
LogPluginManager: Mounting plugin MagicLeapMedia
LogPluginManager: Mounting plugin MLSDK
LogPluginManager: Mounting plugin Substance
LogPluginManager: Mounting plugin AndroidMedia
LogPluginManager: Mounting plugin AvfMedia
LogPluginManager: Mounting plugin ImgMedia
LogPluginManager: Mounting plugin MediaCompositing
LogPluginManager: Mounting plugin MediaPlayerEditor
LogPluginManager: Mounting plugin WebMMedia
LogPluginManager: Mounting plugin WmfMedia
LogPluginManager: Mounting plugin TcpMessaging
LogPluginManager: Mounting plugin UdpMessaging
LogPluginManager: Mounting plugin ActorSequence
LogPluginManager: Mounting plugin LevelSequenceEditor
LogPluginManager: Mounting plugin MatineeToLevelSequence
LogPluginManager: Mounting plugin NetcodeUnitTest
LogPluginManager: Mounting plugin NUTUnrealEngine4
LogPluginManager: Mounting plugin OnlineSubsystemGooglePlay
LogPluginManager: Mounting plugin OnlineSubsystemIOS
LogPluginManager: Mounting plugin OnlineSubsystem
LogPluginManager: Mounting plugin OnlineSubsystemNull
LogPluginManager: Mounting plugin OnlineSubsystemUtils
LogPluginManager: Mounting plugin LauncherChunkInstaller
LogPluginManager: Mounting plugin AndroidDeviceProfileSelector
LogPluginManager: Mounting plugin AndroidMoviePlayer
LogPluginManager: Mounting plugin AndroidPermission
LogPluginManager: Mounting plugin AppleImageUtils
LogPluginManager: Mounting plugin AppleMoviePlayer
LogPluginManager: Mounting plugin ArchVisCharacter
LogPluginManager: Mounting plugin AssetTags
LogPluginManager: Mounting plugin AudioCapture
LogPluginManager: Mounting plugin CableComponent
LogPluginManager: Mounting plugin CustomMeshComponent
LogPluginManager: Mounting plugin EditableMesh
LogPluginManager: Mounting plugin ExampleDeviceProfileSelector
LogPluginManager: Mounting plugin GoogleCloudMessaging
LogPluginManager: Mounting plugin IOSDeviceProfileSelector
LogPluginManager: Mounting plugin LinuxDeviceProfileSelector
LogPluginManager: Mounting plugin LocationServicesBPLibrary
LogPluginManager: Mounting plugin MobilePatchingUtils
LogPluginManager: Mounting plugin OculusVR
LogPluginManager: Mounting plugin PhysXVehicles
LogPluginManager: Mounting plugin PostSplashScreen
LogPluginManager: Mounting plugin ProceduralMeshComponent
LogPluginManager: Mounting plugin RuntimePhysXCooking
LogPluginManager: Mounting plugin SignificanceManager
LogPluginManager: Mounting plugin SteamVR
LogPluginManager: Mounting plugin WebMMoviePlayer
LogPluginManager: Mounting plugin WindowsMoviePlayer
LogPluginManager: Mounting plugin ScreenshotTools
LogInit: Using libcurl 7.55.1-DEV
LogInit:  - built for x86_64-pc-win32
LogInit:  - supports SSL with OpenSSL/1.1.1
LogInit:  - supports HTTP deflate (compression) using libz 1.2.8
LogInit:  - other features:
LogInit:      CURL_VERSION_SSL
LogInit:      CURL_VERSION_LIBZ
LogInit:      CURL_VERSION_IPV6
LogInit:      CURL_VERSION_ASYNCHDNS
LogInit:      CURL_VERSION_LARGEFILE
LogInit:      CURL_VERSION_IDN
LogInit:  CurlRequestOptions (configurable via config and command line):
LogInit:  - bVerifyPeer = true  - Libcurl will verify peer certificate
LogInit:  - bUseHttpProxy = false  - Libcurl will NOT use HTTP proxy
LogInit:  - bDontReuseConnections = false  - Libcurl will reuse connections
LogInit:  - MaxHostConnections = 16  - Libcurl will limit the number of connections to a host
LogInit:  - LocalHostAddr = Default
LogInit:  - BufferSize = 65536
LogOnline: OSS: Creating online subsystem instance for: NULL
LogInit: WinSock: version 1.1 (2.2), MaxSocks=32767, MaxUdp=65467
LogOnline: OSS: TryLoadSubsystemAndSetDefault: Loaded subsystem for module [NULL]
LogInit: Build: ++UE4+Release-4.24-CL-11590370
LogInit: Engine Version: 4.24.3-11590370+++UE4+Release-4.24
LogInit: Compatible Engine Version: 4.24.0-10570792+++UE4+Release-4.24
LogInit: Net CL: 10570792
LogInit: OS: Windows 10 (Release 1909) (), CPU: AMD FX(tm)-8350 Eight-Core Processor           , GPU: Radeon (TM) RX 480 Graphics
LogInit: Compiled (64-bit): Feb 24 2020 15:39:18
LogInit: Compiled with Visual C++: 19.16.27032.01
LogInit: Build Configuration: Development
LogInit: Branch Name: ++UE4+Release-4.24
LogInit: Command Line:  -EpicPortal -epicusername=TrueNorthV -epicuserid=e830be844d294ca59192ea9454ea6b72 -epiclocale=en
LogInit: Base Directory: E:/Program Files/Epic Games/UE_4.24/Engine/Binaries/Win64/
LogInit: Installed Engine Build: 1
LogDevObjectVersion: Number of dev versions registered: 25
LogDevObjectVersion:   Dev-Blueprints (B0D832E4-1F89-4F0D-ACCF-7EB736FD4AA2): 10
LogDevObjectVersion:   Dev-Build (E1C64328-A22C-4D53-A36C-8E866417BD8C): 0
LogDevObjectVersion:   Dev-Core (375EC13C-06E4-48FB-B500-84F0262A717E): 3
LogDevObjectVersion:   Dev-Editor (E4B068ED-F494-42E9-A231-DA0B2E46BB41): 37
LogDevObjectVersion:   Dev-Framework (CFFC743F-43B0-4480-9391-14DF171D2073): 36
LogDevObjectVersion:   Dev-Mobile (B02B49B5-BB20-44E9-A304-32B752E40360): 2
LogDevObjectVersion:   Dev-Networking (A4E4105C-59A1-49B5-A7C5-40C4547EDFEE): 0
LogDevObjectVersion:   Dev-Online (39C831C9-5AE6-47DC-9A44-9C173E1C8E7C): 0
LogDevObjectVersion:   Dev-Physics (78F01B33-EBEA-4F98-B9B4-84EACCB95AA2): 2
LogDevObjectVersion:   Dev-Platform (6631380F-2D4D-43E0-8009-CF276956A95A): 0
LogDevObjectVersion:   Dev-Rendering (12F88B9F-8875-4AFC-A67C-D90C383ABD29): 36
LogDevObjectVersion:   Dev-Sequencer (7B5AE74C-D270-4C10-A958-57980B212A5A): 11
LogDevObjectVersion:   Dev-VR (D7296918-1DD6-4BDD-9DE2-64A83CC13884): 2
LogDevObjectVersion:   Dev-LoadTimes (C2A15278-BFE7-4AFE-6C17-90FF531DF755): 1
LogDevObjectVersion:   Private-Geometry (6EACA3D4-40EC-4CC1-B786-8BED09428FC5): 3
LogDevObjectVersion:   Dev-AnimPhys (29E575DD-E0A3-4627-9D10-D276232CDCEA): 17
LogDevObjectVersion:   Dev-Anim (AF43A65D-7FD3-4947-9873-3E8ED9C1BB05): 2
LogDevObjectVersion:   Dev-ReflectionCapture (6B266CEC-1EC7-4B8F-A30B-E4D90942FC07): 1
LogDevObjectVersion:   Dev-Automation (0DF73D61-A23F-47EA-B727-89E90C41499A): 1
LogDevObjectVersion:   FortniteMain (601D1886-AC64-4F84-AA16-D3DE0DEAC7D6): 31
LogDevObjectVersion:   Dev-Enterprise (9DFFBCD6-494F-0158-E221-12823C92A888): 8
LogDevObjectVersion:   Dev-Niagara (F2AED0AC-9AFE-416F-8664-AA7FFA26D6FC): 1
LogDevObjectVersion:   Dev-Destruction (174F1F0B-B4C6-45A5-B13F-2EE8D0FB917D): 9
LogDevObjectVersion:   Dev-Physics-Ext (35F94A83-E258-406C-A318-09F59610247C): 8
LogDevObjectVersion:   Dev-CineCamera (B2E18506-4273-CFC2-A54E-F4BB758BBA07): 1
LogInit: Presizing for max 25165824 objects, including 0 objects not considered by GC, pre-allocating 0 bytes for permanent pool.
LogInit: Object subsystem initialized
LogConfig: Setting CVar [[con.DebugEarlyDefault:1]]
LogConfig: Setting CVar [[r.setres:1280x720]]
[2020.05.18-23.52.57:700][  0]LogConfig: Setting CVar [[r.VSync:0]]
[2020.05.18-23.52.57:700][  0]LogConfig: Setting CVar [[r.RHICmdBypass:0]]
[2020.05.18-23.52.57:700][  0]LogConfig: Applying CVar settings from Section [/Script/Engine.RendererSettings] File [C:/Users/Mike/Documents/Unreal Projects/PPMonster/Saved/Config/Windows/Engine.ini]
[2020.05.18-23.52.57:700][  0]LogConfig: Setting CVar [[r.GPUCrashDebugging:0]]
[2020.05.18-23.52.57:700][  0]LogConfig: Setting CVar [[r.SkinCache.CompileShaders:1]]
[2020.05.18-23.52.57:700][  0]LogConfig: Setting CVar [[r.RayTracing:0]]
[2020.05.18-23.52.57:700][  0]LogConfig: Applying CVar settings from Section [/Script/Engine.RendererOverrideSettings] File [C:/Users/Mike/Documents/Unreal Projects/PPMonster/Saved/Config/Windows/Engine.ini]
[2020.05.18-23.52.57:700][  0]LogConfig: Applying CVar settings from Section [/Script/Engine.StreamingSettings] File [C:/Users/Mike/Documents/Unreal Projects/PPMonster/Saved/Config/Windows/Engine.ini]
[2020.05.18-23.52.57:700][  0]LogConfig: Setting CVar [[s.MinBulkDataSizeForAsyncLoading:131072]]
[2020.05.18-23.52.57:700][  0]LogConfig: Setting CVar [[s.AsyncLoadingThreadEnabled:0]]
[2020.05.18-23.52.57:700][  0]LogConfig: Setting CVar [[s.EventDrivenLoaderEnabled:1]]
[2020.05.18-23.52.57:700][  0]LogConfig: Setting CVar [[s.WarnIfTimeLimitExceeded:0]]
[2020.05.18-23.52.57:700][  0]LogConfig: Setting CVar [[s.TimeLimitExceededMultiplier:1.5]]
[2020.05.18-23.52.57:700][  0]LogConfig: Setting CVar [[s.TimeLimitExceededMinTime:0.005]]
[2020.05.18-23.52.57:700][  0]LogConfig: Setting CVar [[s.UseBackgroundLevelStreaming:1]]
[2020.05.18-23.52.57:700][  0]LogConfig: Setting CVar [[s.PriorityAsyncLoadingExtraTime:15.0]]
[2020.05.18-23.52.57:700][  0]LogConfig: Setting CVar [[s.LevelStreamingActorsUpdateTimeLimit:5.0]]
[2020.05.18-23.52.57:700][  0]LogConfig: Setting CVar [[s.PriorityLevelStreamingActorsUpdateExtraTime:5.0]]
[2020.05.18-23.52.57:700][  0]LogConfig: Setting CVar [[s.LevelStreamingComponentsRegistrationGranularity:10]]
[2020.05.18-23.52.57:700][  0]LogConfig: Setting CVar [[s.UnregisterComponentsTimeLimit:1.0]]
[2020.05.18-23.52.57:700][  0]LogConfig: Setting CVar [[s.LevelStreamingComponentsUnregistrationGranularity:5]]
[2020.05.18-23.52.57:700][  0]LogConfig: Setting CVar [[s.FlushStreamingOnExit:1]]
[2020.05.18-23.52.57:700][  0]LogConfig: Applying CVar settings from Section [/Script/Engine.GarbageCollectionSettings] File [C:/Users/Mike/Documents/Unreal Projects/PPMonster/Saved/Config/Windows/Engine.ini]
[2020.05.18-23.52.57:700][  0]LogConfig: Setting CVar [[gc.MaxObjectsNotConsideredByGC:1]]
[2020.05.18-23.52.57:700][  0]LogConfig: Setting CVar [[gc.SizeOfPermanentObjectPool:0]]
[2020.05.18-23.52.57:700][  0]LogConfig: Setting CVar [[gc.FlushStreamingOnGC:0]]
[2020.05.18-23.52.57:700][  0]LogConfig: Setting CVar [[gc.NumRetriesBeforeForcingGC:10]]
[2020.05.18-23.52.57:700][  0]LogConfig: Setting CVar [[gc.AllowParallelGC:1]]
[2020.05.18-23.52.57:700][  0]LogConfig: Setting CVar [[gc.TimeBetweenPurgingPendingKillObjects:61.1]]
[2020.05.18-23.52.57:700][  0]LogConfig: Setting CVar [[gc.MaxObjectsInEditor:25165824]]
[2020.05.18-23.52.57:700][  0]LogConfig: Setting CVar [[gc.IncrementalBeginDestroyEnabled:1]]
[2020.05.18-23.52.57:700][  0]LogConfig: Setting CVar [[gc.CreateGCClusters:1]]
[2020.05.18-23.52.57:700][  0]LogConfig: Setting CVar [[gc.MinGCClusterSize:5]]
[2020.05.18-23.52.57:701][  0]LogConfig: Setting CVar [[gc.ActorClusteringEnabled:0]]
[2020.05.18-23.52.57:701][  0]LogConfig: Setting CVar [[gc.BlueprintClusteringEnabled:0]]
[2020.05.18-23.52.57:701][  0]LogConfig: Setting CVar [[gc.UseDisregardForGCOnDedicatedServers:0]]
[2020.05.18-23.52.57:701][  0]LogConfig: Applying CVar settings from Section [/Script/Engine.NetworkSettings] File [C:/Users/Mike/Documents/Unreal Projects/PPMonster/Saved/Config/Windows/Engine.ini]
[2020.05.18-23.52.57:701][  0]LogConfig: Applying CVar settings from Section [/Script/UnrealEd.CookerSettings] File [C:/Users/Mike/Documents/Unreal Projects/PPMonster/Saved/Config/Windows/Engine.ini]
[2020.05.18-23.52.57:706][  0]LogConfig: Applying CVar settings from Section [ViewDistanceQuality@3] File [C:/Users/Mike/Documents/Unreal Projects/PPMonster/Saved/Config/Windows/Scalability.ini]
[2020.05.18-23.52.57:706][  0]LogConfig: Setting CVar [[r.SkeletalMeshLODBias:0]]
[2020.05.18-23.52.57:706][  0]LogConfig: Setting CVar [[r.ViewDistanceScale:1.0]]
[2020.05.18-23.52.57:706][  0]LogConfig: Applying CVar settings from Section [AntiAliasingQuality@3] File [C:/Users/Mike/Documents/Unreal Projects/PPMonster/Saved/Config/Windows/Scalability.ini]
[2020.05.18-23.52.57:706][  0]LogConfig: Setting CVar [[r.PostProcessAAQuality:4]]
[2020.05.18-23.52.57:706][  0]LogConfig: Applying CVar settings from Section [ShadowQuality@3] File [C:/Users/Mike/Documents/Unreal Projects/PPMonster/Saved/Config/Windows/Scalability.ini]
[2020.05.18-23.52.57:706][  0]LogConfig: Setting CVar [[r.LightFunctionQuality:1]]
[2020.05.18-23.52.57:706][  0]LogConfig: Setting CVar [[r.ShadowQuality:5]]
[2020.05.18-23.52.57:706][  0]LogConfig: Setting CVar [[r.Shadow.CSM.MaxCascades:10]]
[2020.05.18-23.52.57:706][  0]LogConfig: Setting CVar [[r.Shadow.MaxResolution:2048]]
[2020.05.18-23.52.57:706][  0]LogConfig: Setting CVar [[r.Shadow.MaxCSMResolution:2048]]
[2020.05.18-23.52.57:706][  0]LogConfig: Setting CVar [[r.Shadow.RadiusThreshold:0.01]]
[2020.05.18-23.52.57:706][  0]LogConfig: Setting CVar [[r.Shadow.DistanceScale:1.0]]
[2020.05.18-23.52.57:706][  0]LogConfig: Setting CVar [[r.Shadow.CSM.TransitionScale:1.0]]
[2020.05.18-23.52.57:706][  0]LogConfig: Setting CVar [[r.Shadow.PreShadowResolutionFactor:1.0]]
[2020.05.18-23.52.57:707][  0]LogConfig: Setting CVar [[r.DistanceFieldShadowing:1]]
[2020.05.18-23.52.57:707][  0]LogConfig: Setting CVar [[r.DistanceFieldAO:1]]
[2020.05.18-23.52.57:707][  0]LogConfig: Setting CVar [[r.AOQuality:2]]
[2020.05.18-23.52.57:707][  0]LogConfig: Setting CVar [[r.VolumetricFog:1]]
[2020.05.18-23.52.57:707][  0]LogConfig: Setting CVar [[r.VolumetricFog.GridPixelSize:8]]
[2020.05.18-23.52.57:707][  0]LogConfig: Setting CVar [[r.VolumetricFog.GridSizeZ:128]]
[2020.05.18-23.52.57:707][  0]LogConfig: Setting CVar [[r.VolumetricFog.HistoryMissSupersampleCount:4]]
[2020.05.18-23.52.57:707][  0]LogConfig: Setting CVar [[r.LightMaxDrawDistanceScale:1]]
[2020.05.18-23.52.57:707][  0]LogConfig: Setting CVar [[r.CapsuleShadows:1]]
[2020.05.18-23.52.57:707][  0]LogConfig: Applying CVar settings from Section [PostProcessQuality@3] File [C:/Users/Mike/Documents/Unreal Projects/PPMonster/Saved/Config/Windows/Scalability.ini]
[2020.05.18-23.52.57:707][  0]LogConfig: Setting CVar [[r.MotionBlurQuality:4]]
[2020.05.18-23.52.57:707][  0]LogConfig: Setting CVar [[r.AmbientOcclusionMipLevelFactor:0.4]]
[2020.05.18-23.52.57:707][  0]LogConfig: Setting CVar [[r.AmbientOcclusionMaxQuality:100]]
[2020.05.18-23.52.57:707][  0]LogConfig: Setting CVar [[r.AmbientOcclusionLevels:-1]]
[2020.05.18-23.52.57:707][  0]LogConfig: Setting CVar [[r.AmbientOcclusionRadiusScale:1.0]]
[2020.05.18-23.52.57:707][  0]LogConfig: Setting CVar [[r.DepthOfFieldQuality:2]]
[2020.05.18-23.52.57:707][  0]LogConfig: Setting CVar [[r.RenderTargetPoolMin:400]]
[2020.05.18-23.52.57:707][  0]LogConfig: Setting CVar [[r.LensFlareQuality:2]]
[2020.05.18-23.52.57:707][  0]LogConfig: Setting CVar [[r.SceneColorFringeQuality:1]]
[2020.05.18-23.52.57:707][  0]LogConfig: Setting CVar [[r.EyeAdaptationQuality:2]]
[2020.05.18-23.52.57:707][  0]LogConfig: Setting CVar [[r.BloomQuality:5]]
[2020.05.18-23.52.57:707][  0]LogConfig: Setting CVar [[r.FastBlurThreshold:100]]
[2020.05.18-23.52.57:707][  0]LogConfig: Setting CVar [[r.Upscale.Quality:3]]
[2020.05.18-23.52.57:707][  0]LogConfig: Setting CVar [[r.Tonemapper.GrainQuantization:1]]
[2020.05.18-23.52.57:707][  0]LogConfig: Setting CVar [[r.LightShaftQuality:1]]
[2020.05.18-23.52.57:707][  0]LogConfig: Setting CVar [[r.Filter.SizeScale:1]]
[2020.05.18-23.52.57:707][  0]LogConfig: Setting CVar [[r.Tonemapper.Quality:5]]
[2020.05.18-23.52.57:707][  0]LogConfig: Setting CVar [[r.DOF.Gather.AccumulatorQuality:1        ; higher gathering accumulator quality]]
[2020.05.18-23.52.57:707][  0]LogConfig: Setting CVar [[r.DOF.Gather.PostfilterMethod:1          ; Median3x3 postfilering method]]
[2020.05.18-23.52.57:707][  0]LogConfig: Setting CVar [[r.DOF.Gather.EnableBokehSettings:0       ; no bokeh simulation when gathering]]
[2020.05.18-23.52.57:707][  0]LogConfig: Setting CVar [[r.DOF.Gather.RingCount:4                 ; medium number of samples when gathering]]
[2020.05.18-23.52.57:707][  0]LogConfig: Setting CVar [[r.DOF.Scatter.ForegroundCompositing:1    ; additive foreground scattering]]
[2020.05.18-23.52.57:707][  0]LogConfig: Setting CVar [[r.DOF.Scatter.BackgroundCompositing:2    ; additive background scattering]]
[2020.05.18-23.52.57:707][  0]LogConfig: Setting CVar [[r.DOF.Scatter.EnableBokehSettings:1      ; bokeh simulation when scattering]]
[2020.05.18-23.52.57:707][  0]LogConfig: Setting CVar [[r.DOF.Scatter.MaxSpriteRatio:0.1         ; only a maximum of 10% of scattered bokeh]]
[2020.05.18-23.52.57:707][  0]LogConfig: Setting CVar [[r.DOF.Recombine.Quality:1                ; cheap slight out of focus]]
[2020.05.18-23.52.57:707][  0]LogConfig: Setting CVar [[r.DOF.Recombine.EnableBokehSettings:0    ; no bokeh simulation on slight out of focus]]
[2020.05.18-23.52.57:707][  0]LogConfig: Setting CVar [[r.DOF.TemporalAAQuality:1                ; more stable temporal accumulation]]
[2020.05.18-23.52.57:707][  0]LogConfig: Setting CVar [[r.DOF.Kernel.MaxForegroundRadius:0.025]]
[2020.05.18-23.52.57:707][  0]LogConfig: Setting CVar [[r.DOF.Kernel.MaxBackgroundRadius:0.025]]
[2020.05.18-23.52.57:707][  0]LogConfig: Applying CVar settings from Section [TextureQuality@3] File [C:/Users/Mike/Documents/Unreal Projects/PPMonster/Saved/Config/Windows/Scalability.ini]
[2020.05.18-23.52.57:707][  0]LogConfig: Setting CVar [[r.Streaming.MipBias:0]]
[2020.05.18-23.52.57:707][  0]LogConfig: Setting CVar [[r.Streaming.AmortizeCPUToGPUCopy:0]]
[2020.05.18-23.52.57:707][  0]LogConfig: Setting CVar [[r.Streaming.MaxNumTexturesToStreamPerFrame:0]]
[2020.05.18-23.52.57:707][  0]LogConfig: Setting CVar [[r.Streaming.Boost:1]]
[2020.05.18-23.52.57:707][  0]LogConfig: Setting CVar [[r.MaxAnisotropy:8]]
[2020.05.18-23.52.57:708][  0]LogConfig: Setting CVar [[r.VT.MaxAnisotropy:8]]
[2020.05.18-23.52.57:708][  0]LogConfig: Setting CVar [[r.Streaming.LimitPoolSizeToVRAM:0]]
[2020.05.18-23.52.57:708][  0]LogConfig: Setting CVar [[r.Streaming.PoolSize:1000]]
[2020.05.18-23.52.57:708][  0]LogConfig: Setting CVar [[r.Streaming.MaxEffectiveScreenSize:0]]
[2020.05.18-23.52.57:708][  0]LogConfig: Applying CVar settings from Section [EffectsQuality@3] File [C:/Users/Mike/Documents/Unreal Projects/PPMonster/Saved/Config/Windows/Scalability.ini]
[2020.05.18-23.52.57:708][  0]LogConfig: Setting CVar [[r.TranslucencyLightingVolumeDim:64]]
[2020.05.18-23.52.57:708][  0]LogConfig: Setting CVar [[r.RefractionQuality:2]]
[2020.05.18-23.52.57:708][  0]LogConfig: Setting CVar [[r.SSR.Quality:3]]
[2020.05.18-23.52.57:708][  0]LogConfig: Setting CVar [[r.SSR.HalfResSceneColor:0]]
[2020.05.18-23.52.57:708][  0]LogConfig: Setting CVar [[r.SceneColorFormat:4]]
[2020.05.18-23.52.57:708][  0]LogConfig: Setting CVar [[r.DetailMode:2]]
[2020.05.18-23.52.57:708][  0]LogConfig: Setting CVar [[r.TranslucencyVolumeBlur:1]]
[2020.05.18-23.52.57:708][  0]LogConfig: Setting CVar [[r.MaterialQualityLevel:1 ; High quality]]
[2020.05.18-23.52.57:708][  0]LogConfig: Setting CVar [[r.SSS.Scale:1]]
[2020.05.18-23.52.57:708][  0]LogConfig: Setting CVar [[r.SSS.SampleSet:2]]
[2020.05.18-23.52.57:708][  0]LogConfig: Setting CVar [[r.SSS.Quality:1]]
[2020.05.18-23.52.57:708][  0]LogConfig: Setting CVar [[r.SSS.HalfRes:1]]
[2020.05.18-23.52.57:708][  0]LogConfig: Setting CVar [[r.SSGI.Quality:3]]
[2020.05.18-23.52.57:708][  0]LogConfig: Setting CVar [[r.EmitterSpawnRateScale:1.0]]
[2020.05.18-23.52.57:708][  0]LogConfig: Setting CVar [[r.ParticleLightQuality:2]]
[2020.05.18-23.52.57:708][  0]LogConfig: Setting CVar [[r.SkyAtmosphere.AerialPerspectiveLUT.FastApplyOnOpaque:1 ; Always have FastSkyLUT 1 in this case to avoid wrong sky]]
[2020.05.18-23.52.57:708][  0]LogConfig: Setting CVar [[r.SkyAtmosphere.AerialPerspectiveLUT.SampleCountPerSlice:1]]
[2020.05.18-23.52.57:708][  0]LogConfig: Setting CVar [[r.SkyAtmosphere.AerialPerspectiveLUT.DepthResolution:16.0]]
[2020.05.18-23.52.57:708][  0]LogConfig: Setting CVar [[r.SkyAtmosphere.FastSkyLUT:1]]
[2020.05.18-23.52.57:708][  0]LogConfig: Setting CVar [[r.SkyAtmosphere.FastSkyLUT.SampleCountMin:4.0]]
[2020.05.18-23.52.57:708][  0]LogConfig: Setting CVar [[r.SkyAtmosphere.FastSkyLUT.SampleCountMax:32.0]]
[2020.05.18-23.52.57:708][  0]LogConfig: Setting CVar [[r.SkyAtmosphere.SampleCountMin:4.0]]
[2020.05.18-23.52.57:708][  0]LogConfig: Setting CVar [[r.SkyAtmosphere.SampleCountMax:32.0]]
[2020.05.18-23.52.57:708][  0]LogConfig: Setting CVar [[r.SkyAtmosphere.TransmittanceLUT.UseSmallFormat:0]]
[2020.05.18-23.52.57:708][  0]LogConfig: Setting CVar [[r.SkyAtmosphere.TransmittanceLUT.SampleCount:10.0]]
[2020.05.18-23.52.57:708][  0]LogConfig: Setting CVar [[r.SkyAtmosphere.MultiScatteringLUT.SampleCount:15.0]]
[2020.05.18-23.52.57:708][  0]LogConfig: Applying CVar settings from Section [FoliageQuality@3] File [C:/Users/Mike/Documents/Unreal Projects/PPMonster/Saved/Config/Windows/Scalability.ini]
[2020.05.18-23.52.57:708][  0]LogConfig: Setting CVar [[foliage.DensityScale:1.0]]
[2020.05.18-23.52.57:708][  0]LogConfig: Setting CVar [[grass.DensityScale:1.0]]
[2020.05.18-23.52.57:708][  0]LogConfig: Applying CVar settings from Section [ShadingQuality@3] File [C:/Users/Mike/Documents/Unreal Projects/PPMonster/Saved/Config/Windows/Scalability.ini]
[2020.05.18-23.52.57:708][  0]LogConfig: Setting CVar [[r.HairStrands.SkyLighting.SampleCount:16]]
[2020.05.18-23.52.57:708][  0]LogConfig: Setting CVar [[r.HairStrands.SkyLighting.JitterIntegration:0]]
[2020.05.18-23.52.57:708][  0]LogConfig: Setting CVar [[r.HairStrands.SkyAO.SampleCount:16]]
[2020.05.18-23.52.57:708][  0]LogInit: Selected Device Profile: [Windows]
[2020.05.18-23.52.57:708][  0]LogInit: Applying CVar settings loaded from the selected device profile: [Windows]
[2020.05.18-23.52.57:712][  0]LogHAL: Display: Platform has ~ 24 GB [25715548160 / 34359738368 / 24], which maps to Larger [LargestMinGB=32, LargerMinGB=12, DefaultMinGB=8, SmallerMinGB=6, SmallestMinGB=0)
[2020.05.18-23.52.57:712][  0]LogInit: Going up to parent DeviceProfile []
[2020.05.18-23.52.57:712][  0]LogConfig: Applying CVar settings from Section [ViewDistanceQuality@3] File [C:/Users/Mike/Documents/Unreal Projects/PPMonster/Saved/Config/Windows/Scalability.ini]
[2020.05.18-23.52.57:712][  0]LogConfig: Setting CVar [[r.SkeletalMeshLODBias:0]]
[2020.05.18-23.52.57:712][  0]LogConfig: Setting CVar [[r.ViewDistanceScale:1.0]]
[2020.05.18-23.52.57:712][  0]LogConfig: Applying CVar settings from Section [AntiAliasingQuality@3] File [C:/Users/Mike/Documents/Unreal Projects/PPMonster/Saved/Config/Windows/Scalability.ini]
[2020.05.18-23.52.57:712][  0]LogConfig: Setting CVar [[r.PostProcessAAQuality:4]]
[2020.05.18-23.52.57:712][  0]LogConfig: Applying CVar settings from Section [ShadowQuality@3] File [C:/Users/Mike/Documents/Unreal Projects/PPMonster/Saved/Config/Windows/Scalability.ini]
[2020.05.18-23.52.57:713][  0]LogConfig: Setting CVar [[r.LightFunctionQuality:1]]
[2020.05.18-23.52.57:713][  0]LogConfig: Setting CVar [[r.ShadowQuality:5]]
[2020.05.18-23.52.57:713][  0]LogConfig: Setting CVar [[r.Shadow.CSM.MaxCascades:10]]
[2020.05.18-23.52.57:713][  0]LogConfig: Setting CVar [[r.Shadow.MaxResolution:2048]]
[2020.05.18-23.52.57:713][  0]LogConfig: Setting CVar [[r.Shadow.MaxCSMResolution:2048]]
[2020.05.18-23.52.57:713][  0]LogConfig: Setting CVar [[r.Shadow.RadiusThreshold:0.01]]
[2020.05.18-23.52.57:713][  0]LogConfig: Setting CVar [[r.Shadow.DistanceScale:1.0]]
[2020.05.18-23.52.57:713][  0]LogConfig: Setting CVar [[r.Shadow.CSM.TransitionScale:1.0]]
[2020.05.18-23.52.57:713][  0]LogConfig: Setting CVar [[r.Shadow.PreShadowResolutionFactor:1.0]]
[2020.05.18-23.52.57:713][  0]LogConfig: Setting CVar [[r.DistanceFieldShadowing:1]]
[2020.05.18-23.52.57:713][  0]LogConfig: Setting CVar [[r.DistanceFieldAO:1]]
[2020.05.18-23.52.57:713][  0]LogConfig: Setting CVar [[r.AOQuality:2]]
[2020.05.18-23.52.57:713][  0]LogConfig: Setting CVar [[r.VolumetricFog:1]]
[2020.05.18-23.52.57:713][  0]LogConfig: Setting CVar [[r.VolumetricFog.GridPixelSize:8]]
[2020.05.18-23.52.57:713][  0]LogConfig: Setting CVar [[r.VolumetricFog.GridSizeZ:128]]
[2020.05.18-23.52.57:713][  0]LogConfig: Setting CVar [[r.VolumetricFog.HistoryMissSupersampleCount:4]]
[2020.05.18-23.52.57:713][  0]LogConfig: Setting CVar [[r.LightMaxDrawDistanceScale:1]]
[2020.05.18-23.52.57:713][  0]LogConfig: Setting CVar [[r.CapsuleShadows:1]]
[2020.05.18-23.52.57:713][  0]LogConfig: Applying CVar settings from Section [PostProcessQuality@3] File [C:/Users/Mike/Documents/Unreal Projects/PPMonster/Saved/Config/Windows/Scalability.ini]
[2020.05.18-23.52.57:713][  0]LogConfig: Setting CVar [[r.MotionBlurQuality:4]]
[2020.05.18-23.52.57:713][  0]LogConfig: Setting CVar [[r.AmbientOcclusionMipLevelFactor:0.4]]
[2020.05.18-23.52.57:713][  0]LogConfig: Setting CVar [[r.AmbientOcclusionMaxQuality:100]]
[2020.05.18-23.52.57:713][  0]LogConfig: Setting CVar [[r.AmbientOcclusionLevels:-1]]
[2020.05.18-23.52.57:713][  0]LogConfig: Setting CVar [[r.AmbientOcclusionRadiusScale:1.0]]
[2020.05.18-23.52.57:713][  0]LogConfig: Setting CVar [[r.DepthOfFieldQuality:2]]
[2020.05.18-23.52.57:713][  0]LogConfig: Setting CVar [[r.RenderTargetPoolMin:400]]
[2020.05.18-23.52.57:713][  0]LogConfig: Setting CVar [[r.LensFlareQuality:2]]
[2020.05.18-23.52.57:713][  0]LogConfig: Setting CVar [[r.SceneColorFringeQuality:1]]
[2020.05.18-23.52.57:713][  0]LogConfig: Setting CVar [[r.EyeAdaptationQuality:2]]
[2020.05.18-23.52.57:713][  0]LogConfig: Setting CVar [[r.BloomQuality:5]]
[2020.05.18-23.52.57:713][  0]LogConfig: Setting CVar [[r.FastBlurThreshold:100]]
[2020.05.18-23.52.57:713][  0]LogConfig: Setting CVar [[r.Upscale.Quality:3]]
[2020.05.18-23.52.57:713][  0]LogConfig: Setting CVar [[r.Tonemapper.GrainQuantization:1]]
[2020.05.18-23.52.57:713][  0]LogConfig: Setting CVar [[r.LightShaftQuality:1]]
[2020.05.18-23.52.57:713][  0]LogConfig: Setting CVar [[r.Filter.SizeScale:1]]
[2020.05.18-23.52.57:713][  0]LogConfig: Setting CVar [[r.Tonemapper.Quality:5]]
[2020.05.18-23.52.57:713][  0]LogConfig: Setting CVar [[r.DOF.Gather.AccumulatorQuality:1        ; higher gathering accumulator quality]]
[2020.05.18-23.52.57:713][  0]LogConfig: Setting CVar [[r.DOF.Gather.PostfilterMethod:1          ; Median3x3 postfilering method]]
[2020.05.18-23.52.57:713][  0]LogConfig: Setting CVar [[r.DOF.Gather.EnableBokehSettings:0       ; no bokeh simulation when gathering]]
[2020.05.18-23.52.57:713][  0]LogConfig: Setting CVar [[r.DOF.Gather.RingCount:4                 ; medium number of samples when gathering]]
[2020.05.18-23.52.57:713][  0]LogConfig: Setting CVar [[r.DOF.Scatter.ForegroundCompositing:1    ; additive foreground scattering]]
[2020.05.18-23.52.57:713][  0]LogConfig: Setting CVar [[r.DOF.Scatter.BackgroundCompositing:2    ; additive background scattering]]
[2020.05.18-23.52.57:713][  0]LogConfig: Setting CVar [[r.DOF.Scatter.EnableBokehSettings:1      ; bokeh simulation when scattering]]
[2020.05.18-23.52.57:713][  0]LogConfig: Setting CVar [[r.DOF.Scatter.MaxSpriteRatio:0.1         ; only a maximum of 10% of scattered bokeh]]
[2020.05.18-23.52.57:713][  0]LogConfig: Setting CVar [[r.DOF.Recombine.Quality:1                ; cheap slight out of focus]]
[2020.05.18-23.52.57:713][  0]LogConfig: Setting CVar [[r.DOF.Recombine.EnableBokehSettings:0    ; no bokeh simulation on slight out of focus]]
[2020.05.18-23.52.57:713][  0]LogConfig: Setting CVar [[r.DOF.TemporalAAQuality:1                ; more stable temporal accumulation]]
[2020.05.18-23.52.57:714][  0]LogConfig: Setting CVar [[r.DOF.Kernel.MaxForegroundRadius:0.025]]
[2020.05.18-23.52.57:714][  0]LogConfig: Setting CVar [[r.DOF.Kernel.MaxBackgroundRadius:0.025]]
[2020.05.18-23.52.57:714][  0]LogConfig: Applying CVar settings from Section [TextureQuality@3] File [C:/Users/Mike/Documents/Unreal Projects/PPMonster/Saved/Config/Windows/Scalability.ini]
[2020.05.18-23.52.57:714][  0]LogConfig: Setting CVar [[r.Streaming.MipBias:0]]
[2020.05.18-23.52.57:714][  0]LogConfig: Setting CVar [[r.Streaming.AmortizeCPUToGPUCopy:0]]
[2020.05.18-23.52.57:714][  0]LogConfig: Setting CVar [[r.Streaming.MaxNumTexturesToStreamPerFrame:0]]
[2020.05.18-23.52.57:714][  0]LogConfig: Setting CVar [[r.Streaming.Boost:1]]
[2020.05.18-23.52.57:714][  0]LogConfig: Setting CVar [[r.MaxAnisotropy:8]]
[2020.05.18-23.52.57:714][  0]LogConfig: Setting CVar [[r.VT.MaxAnisotropy:8]]
[2020.05.18-23.52.57:714][  0]LogConfig: Setting CVar [[r.Streaming.LimitPoolSizeToVRAM:0]]
[2020.05.18-23.52.57:714][  0]LogConfig: Setting CVar [[r.Streaming.PoolSize:1000]]
[2020.05.18-23.52.57:714][  0]LogConfig: Setting CVar [[r.Streaming.MaxEffectiveScreenSize:0]]
[2020.05.18-23.52.57:714][  0]LogConfig: Applying CVar settings from Section [EffectsQuality@3] File [C:/Users/Mike/Documents/Unreal Projects/PPMonster/Saved/Config/Windows/Scalability.ini]
[2020.05.18-23.52.57:714][  0]LogConfig: Setting CVar [[r.TranslucencyLightingVolumeDim:64]]
[2020.05.18-23.52.57:714][  0]LogConfig: Setting CVar [[r.RefractionQuality:2]]
[2020.05.18-23.52.57:714][  0]LogConfig: Setting CVar [[r.SSR.Quality:3]]
[2020.05.18-23.52.57:714][  0]LogConfig: Setting CVar [[r.SSR.HalfResSceneColor:0]]
[2020.05.18-23.52.57:714][  0]LogConfig: Setting CVar [[r.SceneColorFormat:4]]
[2020.05.18-23.52.57:714][  0]LogConfig: Setting CVar [[r.DetailMode:2]]
[2020.05.18-23.52.57:714][  0]LogConfig: Setting CVar [[r.TranslucencyVolumeBlur:1]]
[2020.05.18-23.52.57:714][  0]LogConfig: Setting CVar [[r.MaterialQualityLevel:1 ; High quality]]
[2020.05.18-23.52.57:714][  0]LogConfig: Setting CVar [[r.SSS.Scale:1]]
[2020.05.18-23.52.57:714][  0]LogConfig: Setting CVar [[r.SSS.SampleSet:2]]
[2020.05.18-23.52.57:714][  0]LogConfig: Setting CVar [[r.SSS.Quality:1]]
[2020.05.18-23.52.57:714][  0]LogConfig: Setting CVar [[r.SSS.HalfRes:1]]
[2020.05.18-23.52.57:714][  0]LogConfig: Setting CVar [[r.SSGI.Quality:3]]
[2020.05.18-23.52.57:714][  0]LogConfig: Setting CVar [[r.EmitterSpawnRateScale:1.0]]
[2020.05.18-23.52.57:714][  0]LogConfig: Setting CVar [[r.ParticleLightQuality:2]]
[2020.05.18-23.52.57:714][  0]LogConfig: Setting CVar [[r.SkyAtmosphere.AerialPerspectiveLUT.FastApplyOnOpaque:1 ; Always have FastSkyLUT 1 in this case to avoid wrong sky]]
[2020.05.18-23.52.57:714][  0]LogConfig: Setting CVar [[r.SkyAtmosphere.AerialPerspectiveLUT.SampleCountPerSlice:1]]
[2020.05.18-23.52.57:714][  0]LogConfig: Setting CVar [[r.SkyAtmosphere.AerialPerspectiveLUT.DepthResolution:16.0]]
[2020.05.18-23.52.57:714][  0]LogConfig: Setting CVar [[r.SkyAtmosphere.FastSkyLUT:1]]
[2020.05.18-23.52.57:714][  0]LogConfig: Setting CVar [[r.SkyAtmosphere.FastSkyLUT.SampleCountMin:4.0]]
[2020.05.18-23.52.57:714][  0]LogConfig: Setting CVar [[r.SkyAtmosphere.FastSkyLUT.SampleCountMax:32.0]]
[2020.05.18-23.52.57:714][  0]LogConfig: Setting CVar [[r.SkyAtmosphere.SampleCountMin:4.0]]
[2020.05.18-23.52.57:714][  0]LogConfig: Setting CVar [[r.SkyAtmosphere.SampleCountMax:32.0]]
[2020.05.18-23.52.57:714][  0]LogConfig: Setting CVar [[r.SkyAtmosphere.TransmittanceLUT.UseSmallFormat:0]]
[2020.05.18-23.52.57:714][  0]LogConfig: Setting CVar [[r.SkyAtmosphere.TransmittanceLUT.SampleCount:10.0]]
[2020.05.18-23.52.57:714][  0]LogConfig: Setting CVar [[r.SkyAtmosphere.MultiScatteringLUT.SampleCount:15.0]]
[2020.05.18-23.52.57:714][  0]LogConfig: Applying CVar settings from Section [FoliageQuality@3] File [C:/Users/Mike/Documents/Unreal Projects/PPMonster/Saved/Config/Windows/Scalability.ini]
[2020.05.18-23.52.57:714][  0]LogConfig: Setting CVar [[foliage.DensityScale:1.0]]
[2020.05.18-23.52.57:714][  0]LogConfig: Setting CVar [[grass.DensityScale:1.0]]
[2020.05.18-23.52.57:715][  0]LogConfig: Applying CVar settings from Section [ShadingQuality@3] File [C:/Users/Mike/Documents/Unreal Projects/PPMonster/Saved/Config/Windows/Scalability.ini]
[2020.05.18-23.52.57:715][  0]LogConfig: Setting CVar [[r.HairStrands.SkyLighting.SampleCount:16]]
[2020.05.18-23.52.57:715][  0]LogConfig: Setting CVar [[r.HairStrands.SkyLighting.JitterIntegration:0]]
[2020.05.18-23.52.57:715][  0]LogConfig: Setting CVar [[r.HairStrands.SkyAO.SampleCount:16]]
[2020.05.18-23.52.57:715][  0]LogConfig: Applying CVar settings from Section [Startup] File [../../../Engine/Config/ConsoleVariables.ini]
[2020.05.18-23.52.57:715][  0]LogConfig: Setting CVar [[net.UseAdaptiveNetUpdateFrequency:0]]
[2020.05.18-23.52.57:715][  0]LogConfig: Setting CVar [[p.chaos.AllowCreatePhysxBodies:1]]
[2020.05.18-23.52.57:715][  0]LogConfig: Applying CVar settings from Section [ConsoleVariables] File [C:/Users/Mike/Documents/Unreal Projects/PPMonster/Saved/Config/Windows/Engine.ini]
[2020.05.18-23.52.57:715][  0]LogInit: Computer: DESKTOP-H5BPARH
[2020.05.18-23.52.57:715][  0]LogInit: User: Mike
[2020.05.18-23.52.57:715][  0]LogInit: CPU Page size=4096, Cores=4
[2020.05.18-23.52.57:715][  0]LogInit: High frequency timer resolution =10.000000 MHz
[2020.05.18-23.52.57:715][  0]LogMemory: Memory total: Physical=23.9GB (24GB approx)
[2020.05.18-23.52.57:715][  0]LogMemory: Platform Memory Stats for Windows
[2020.05.18-23.52.57:715][  0]LogMemory: Process Physical Memory: 105.95 MB used, 105.95 MB peak
[2020.05.18-23.52.57:715][  0]LogMemory: Process Virtual Memory: 100.62 MB used, 100.62 MB peak
[2020.05.18-23.52.57:715][  0]LogMemory: Physical Memory: 8198.17 MB used,  16326.09 MB free, 24524.26 MB total
[2020.05.18-23.52.57:715][  0]LogMemory: Virtual Memory: 5103.21 MB used,  134212624.00 MB free, 134217728.00 MB total
[2020.05.18-23.52.57:722][  0]LogWindows: WindowsPlatformFeatures enabled
[2020.05.18-23.52.57:747][  0]LogInit: Using OS detected language (en-US).
[2020.05.18-23.52.57:747][  0]LogInit: Using OS detected locale (en-US).
[2020.05.18-23.52.57:749][  0]LogTextLocalizationManager: No specific localization for 'en-US' exists, so the 'en' localization will be used.
[2020.05.18-23.52.57:975][  0]LogInit: Setting process to per monitor DPI aware
[2020.05.18-23.52.58:021][  0]LogSlate: New Slate User Created.  User Index 0, Is Virtual User: 0
[2020.05.18-23.52.58:021][  0]LogSlate: Slate User Registered.  User Index 0, Is Virtual User: 0
[2020.05.18-23.52.58:247][  0]LogD3D12RHI: Aftermath initialized
[2020.05.18-23.52.58:247][  0]LogD3D12RHI: Loading WinPixEventRuntime.dll for PIX profiling (from ../../../Engine/Binaries/ThirdParty/Windows/DirectX/x64).
[2020.05.18-23.52.58:257][  0]LogHMD: Failed to initialize OpenVR with code 110
[2020.05.18-23.52.58:432][  0]LogD3D12RHI: Found D3D12 adapter 0: Radeon (TM) RX 480 Graphics (Max supported Feature Level 12_0)
[2020.05.18-23.52.58:432][  0]LogD3D12RHI: Adapter has 8171MB of dedicated video memory, 0MB of dedicated system memory, and 12262MB of shared system memory, 1 output[s]
[2020.05.18-23.52.58:449][  0]LogD3D12RHI: Found D3D12 adapter 1: Microsoft Basic Render Driver (Max supported Feature Level 12_1)
[2020.05.18-23.52.58:449][  0]LogD3D12RHI: Adapter has 0MB of dedicated video memory, 0MB of dedicated system memory, and 12262MB of shared system memory, 0 output[s]
[2020.05.18-23.52.58:449][  0]LogD3D12RHI: Chosen D3D12 Adapter Id = 0
[2020.05.18-23.52.58:484][  0]LogD3D12RHI: Emitting draw events for PIX profiling.
[2020.05.18-23.52.58:600][  0]LogD3D12RHI: The system supports ID3D12Device1.
[2020.05.18-23.52.58:600][  0]LogD3D12RHI: The system supports ID3D12Device2.
[2020.05.18-23.52.58:653][  0]LogD3D12RHI: Display: Not using pipeline state disk cache per r.D3D12.PSO.DiskCache=0
[2020.05.18-23.52.58:653][  0]LogD3D12RHI: Display: Not using driver-optimized pipeline state disk cache per r.D3D12.PSO.DriverOptimizedDiskCache=0
[2020.05.18-23.52.58:654][  0]LogD3D12RHI:     GPU DeviceId: 0x67df (for the marketing name, search the web for "GPU Device Id")
[2020.05.18-23.52.58:654][  0]LogWindows: EnumDisplayDevices:
[2020.05.18-23.52.58:654][  0]LogWindows:    0. 'Radeon (TM) RX 480 Graphics' (P:1 D:1)
[2020.05.18-23.52.58:655][  0]LogWindows:    1. 'Radeon (TM) RX 480 Graphics' (P:0 D:0)
[2020.05.18-23.52.58:656][  0]LogWindows:    2. 'Radeon (TM) RX 480 Graphics' (P:0 D:0)
[2020.05.18-23.52.58:656][  0]LogWindows:    3. 'Radeon (TM) RX 480 Graphics' (P:0 D:0)
[2020.05.18-23.52.58:657][  0]LogWindows:    4. 'Radeon (TM) RX 480 Graphics' (P:0 D:0)
[2020.05.18-23.52.58:658][  0]LogWindows:    5. 'Radeon (TM) RX 480 Graphics' (P:0 D:0)
[2020.05.18-23.52.58:658][  0]LogWindows:    6. 'Radeon (TM) RX 480 Graphics' (P:0 D:0)
[2020.05.18-23.52.58:659][  0]LogWindows:    7. 'Radeon (TM) RX 480 Graphics' (P:0 D:0)
[2020.05.18-23.52.58:660][  0]LogWindows: DebugString: FoundDriverCount:8 
[2020.05.18-23.52.58:660][  0]LogD3D12RHI:     Adapter Name: Radeon (TM) RX 480 Graphics
[2020.05.18-23.52.58:660][  0]LogD3D12RHI:   Driver Version: Adrenalin 2020 20.4.2 (internal:26.20.15029.27016, unified:26.20.15029.27016)
[2020.05.18-23.52.58:660][  0]LogD3D12RHI:      Driver Date: 4-21-2020
[2020.05.18-23.52.58:660][  0]LogRHI: Texture pool is 4376 MB (70% of 6251 MB)
[2020.05.18-23.52.58:660][  0]LogD3D12RHI: Async texture creation enabled
[2020.05.18-23.52.58:660][  0]LogD3D12RHI: RHI does not have support for 64 bit atomics
[2020.05.18-23.52.59:143][  0]LogTargetPlatformManager: Display: Loaded TargetPlatform 'AllDesktop'
[2020.05.18-23.52.59:189][  0]LogTargetPlatformManager: Display: Loaded TargetPlatform 'Android'
[2020.05.18-23.52.59:189][  0]LogTargetPlatformManager: Display: Loaded TargetPlatform 'Android_ASTC'
[2020.05.18-23.52.59:189][  0]LogTargetPlatformManager: Display: Loaded TargetPlatform 'Android_ATC'
[2020.05.18-23.52.59:189][  0]LogTargetPlatformManager: Display: Loaded TargetPlatform 'Android_DXT'
[2020.05.18-23.52.59:189][  0]LogTargetPlatformManager: Display: Loaded TargetPlatform 'Android_ETC1'
[2020.05.18-23.52.59:189][  0]LogTargetPlatformManager: Display: Loaded TargetPlatform 'Android_ETC1a'
[2020.05.18-23.52.59:189][  0]LogTargetPlatformManager: Display: Loaded TargetPlatform 'Android_ETC2'
[2020.05.18-23.52.59:189][  0]LogTargetPlatformManager: Display: Loaded TargetPlatform 'Android_PVRTC'
[2020.05.18-23.52.59:189][  0]LogTargetPlatformManager: Display: Loaded TargetPlatform 'AndroidClient'
[2020.05.18-23.52.59:189][  0]LogTargetPlatformManager: Display: Loaded TargetPlatform 'Android_ASTCClient'
[2020.05.18-23.52.59:189][  0]LogTargetPlatformManager: Display: Loaded TargetPlatform 'Android_ATCClient'
[2020.05.18-23.52.59:189][  0]LogTargetPlatformManager: Display: Loaded TargetPlatform 'Android_DXTClient'
[2020.05.18-23.52.59:189][  0]LogTargetPlatformManager: Display: Loaded TargetPlatform 'Android_ETC1Client'
[2020.05.18-23.52.59:189][  0]LogTargetPlatformManager: Display: Loaded TargetPlatform 'Android_ETC1aClient'
[2020.05.18-23.52.59:189][  0]LogTargetPlatformManager: Display: Loaded TargetPlatform 'Android_ETC2Client'
[2020.05.18-23.52.59:189][  0]LogTargetPlatformManager: Display: Loaded TargetPlatform 'Android_PVRTCClient'
[2020.05.18-23.52.59:189][  0]LogTargetPlatformManager: Display: Loaded TargetPlatform 'Android_Multi'
[2020.05.18-23.52.59:189][  0]LogTargetPlatformManager: Display: Loaded TargetPlatform 'Android_MultiClient'
[2020.05.18-23.52.59:216][  0]LogTargetPlatformManager: Display: Loaded TargetPlatform 'IOSClient'
[2020.05.18-23.52.59:216][  0]LogTargetPlatformManager: Display: Loaded TargetPlatform 'IOS'
[2020.05.18-23.52.59:227][  0]LogTargetPlatformManager: Display: Loaded TargetPlatform 'LinuxNoEditor'
[2020.05.18-23.52.59:238][  0]LogTargetPlatformManager: Display: Loaded TargetPlatform 'LinuxClient'
[2020.05.18-23.52.59:249][  0]LogTargetPlatformManager: Display: Loaded TargetPlatform 'LinuxServer'
[2020.05.18-23.52.59:259][  0]LogTargetPlatformManager: Display: Loaded TargetPlatform 'LinuxAArch64NoEditor'
[2020.05.18-23.52.59:270][  0]LogTargetPlatformManager: Display: Loaded TargetPlatform 'LinuxAArch64Client'
[2020.05.18-23.52.59:282][  0]LogTargetPlatformManager: Display: Loaded TargetPlatform 'LinuxAArch64Server'
[2020.05.18-23.52.59:321][  0]LogTargetPlatformManager: Display: Loaded TargetPlatform 'Lumin'
[2020.05.18-23.52.59:321][  0]LogTargetPlatformManager: Display: Loaded TargetPlatform 'LuminClient'
[2020.05.18-23.52.59:342][  0]LogTargetPlatformManager: Display: Loaded TargetPlatform 'TVOSClient'
[2020.05.18-23.52.59:342][  0]LogTargetPlatformManager: Display: Loaded TargetPlatform 'TVOS'
[2020.05.18-23.52.59:355][  0]LogTargetPlatformManager: Display: Loaded TargetPlatform 'WindowsNoEditor'
[2020.05.18-23.52.59:367][  0]LogTargetPlatformManager: Display: Loaded TargetPlatform 'Windows'
[2020.05.18-23.52.59:378][  0]LogTargetPlatformManager: Display: Loaded TargetPlatform 'WindowsClient'
[2020.05.18-23.52.59:389][  0]LogTargetPlatformManager: Display: Loaded TargetPlatform 'WindowsServer'
[2020.05.18-23.52.59:389][  0]LogTargetPlatformManager: Display: Building Assets For Windows
[2020.05.18-23.52.59:393][  0]LogAudioDebug: Display: Lib vorbis DLL was dynamically loaded.
[2020.05.18-23.52.59:424][  0]LogShaderCompilers: Guid format shader working directory is -4 characters bigger than the processId version (C:/Users/Mike/Documents/Unreal Projects/PPMonster/Intermediate/Shaders/WorkingDirectory/6156/).
[2020.05.18-23.52.59:425][  0]LogShaderCompilers: Cleaned the shader compiler working directory 'C:/Users/Mike/AppData/Local/Temp/UnrealShaderWorkingDir/CD1D409B4BE36241747B099678820E26/'.
[2020.05.18-23.52.59:425][  0]LogXGEController: Cannot use XGE Controller as Incredibuild is not installed on this machine.
[2020.05.18-23.52.59:425][  0]LogShaderCompilers: Cannot use XGE Shader Compiler as Incredibuild is not installed on this machine.
[2020.05.18-23.52.59:425][  0]LogShaderCompilers: Display: Using Local Shader Compiler.
[2020.05.18-23.53.00:613][  0]LogDerivedDataCache: Display: Max Cache Size: 512 MB
[2020.05.18-23.53.00:706][  0]LogDerivedDataCache: Loaded boot cache 0.09s 91MB C:/Users/Mike/AppData/Local/UnrealEngine/4.24/DerivedDataCache/Boot.ddc.
[2020.05.18-23.53.00:706][  0]LogDerivedDataCache: Display: Loaded Boot cache: C:/Users/Mike/AppData/Local/UnrealEngine/4.24/DerivedDataCache/Boot.ddc
[2020.05.18-23.53.00:706][  0]LogDerivedDataCache: FDerivedDataBackendGraph:  Pak pak cache file C:/Users/Mike/Documents/Unreal Projects/PPMonster/DerivedDataCache/DDC.ddp not found, will not use a pak cache.
[2020.05.18-23.53.00:706][  0]LogDerivedDataCache: Unable to find inner node Pak for hierarchical cache Hierarchy.
[2020.05.18-23.53.00:706][  0]LogDerivedDataCache: FDerivedDataBackendGraph:  CompressedPak pak cache file C:/Users/Mike/Documents/Unreal Projects/PPMonster/DerivedDataCache/Compressed.ddp not found, will not use a pak cache.
[2020.05.18-23.53.00:706][  0]LogDerivedDataCache: Unable to find inner node CompressedPak for hierarchical cache Hierarchy.
[2020.05.18-23.53.00:718][  0]LogDerivedDataCache: Display: Pak cache opened for reading ../../../Engine/DerivedDataCache/Compressed.ddp.
[2020.05.18-23.53.00:718][  0]LogDerivedDataCache: FDerivedDataBackendGraph:  EnterprisePak pak cache file ../../../Enterprise/DerivedDataCache/Compressed.ddp not found, will not use a pak cache.
[2020.05.18-23.53.00:718][  0]LogDerivedDataCache: Unable to find inner node EnterprisePak for hierarchical cache Hierarchy.
[2020.05.18-23.53.00:720][  0]LogDerivedDataCache: Using Local data cache path C:/Users/Mike/AppData/Local/UnrealEngine/Common/DerivedDataCache: Writable
[2020.05.18-23.53.00:720][  0]LogDerivedDataCache: Shared data cache path not found in *engine.ini, will not use an Shared cache.
[2020.05.18-23.53.00:720][  0]LogDerivedDataCache: Unable to find inner node Shared for hierarchical cache Hierarchy.
[2020.05.18-23.53.00:762][  0]LogMaterial: Verifying Global Shaders for PCD3D_SM5
[2020.05.18-23.53.00:765][  0]LogSlate: Using FreeType 2.10.0
[2020.05.18-23.53.00:766][  0]LogSlate: SlateFontServices - WITH_FREETYPE: 1, WITH_HARFBUZZ: 1
[2020.05.18-23.53.00:846][  0]LogAssetRegistry: FAssetRegistry took 0.0035 seconds to start up
[2020.05.18-23.53.01:302][  0]LogInit: Selected Device Profile: [Windows]
[2020.05.18-23.53.01:518][  0]LogMeshReduction: Using QuadricMeshReduction for automatic static mesh reduction
[2020.05.18-23.53.01:518][  0]LogMeshReduction: Using SimplygonMeshReduction for automatic skeletal mesh reduction
[2020.05.18-23.53.01:518][  0]LogMeshReduction: Using ProxyLODMeshReduction for automatic mesh merging
[2020.05.18-23.53.01:518][  0]LogMeshReduction: No distributed automatic mesh merging module available
[2020.05.18-23.53.01:518][  0]LogMeshMerging: No distributed automatic mesh merging module available
[2020.05.18-23.53.01:534][  0]LogNetVersion: PPMonster 1.0.0, NetCL: 10570792, EngineNetVer: 13, GameNetVer: 0 (Checksum: 1387416426)
[2020.05.18-23.53.02:987][  0]LogPackageLocalizationCache: Processed 11 localized package path(s) for 1 prioritized culture(s) in 0.051610 seconds
[2020.05.18-23.53.02:996][  0]LogUObjectArray: 46750 objects as part of root set at end of initial load.
[2020.05.18-23.53.02:996][  0]LogUObjectAllocator: 8137160 out of 0 bytes used by permanent object pool.
[2020.05.18-23.53.02:996][  0]LogUObjectArray: CloseDisregardForGC: 0/0 objects in disregard for GC pool
[2020.05.18-23.53.03:566][  0]LogSubstanceCoreModule: Substance [CPU] Engine Loaded, Max Texture Size = 2048
[2020.05.18-23.53.03:572][  0]LogTcpMessaging: Initializing TcpMessaging bridge
[2020.05.18-23.53.03:577][  0]LogUdpMessaging: Initializing bridge on interface 0.0.0.0:0 to multicast group 230.0.0.1:6666.
[2020.05.18-23.53.03:648][  0]SourceControl: Source control is disabled
[2020.05.18-23.53.03:648][  0]SourceControl: Source control is disabled
[2020.05.18-23.53.03:649][  0]SourceControl: Source control is disabled
[2020.05.18-23.53.03:650][  0]SourceControl: Source control is disabled
[2020.05.18-23.53.03:651][  0]SourceControl: Source control is disabled
[2020.05.18-23.53.03:766][  0]LogAndroidPermission: UAndroidPermissionCallbackProxy::GetInstance
[2020.05.18-23.53.03:782][  0]LogAudioCaptureCore: Display: No Audio Capture implementations found. Audio input will be silent.
[2020.05.18-23.53.03:782][  0]LogAudioCaptureCore: Display: No Audio Capture implementations found. Audio input will be silent.
[2020.05.18-23.53.03:894][  0]LogOcInput: OculusInput pre-init called
[2020.05.18-23.53.03:904][  0]LogWindows: Failed to load 'OVRPlugin.dll' (GetLastError=126)
[2020.05.18-23.53.03:904][  0]LogWindows: File 'OVRPlugin.dll' does not exist
[2020.05.18-23.53.04:141][  0]LogEngine: Initializing Engine...
[2020.05.18-23.53.04:143][  0]LogHMD: Failed to initialize OpenVR with code 110
[2020.05.18-23.53.04:144][  0]LogStats: UGameplayTagsManager::InitializeManager -  0.000 s
[2020.05.18-23.53.04:580][  0]LogInit: Initializing FReadOnlyCVARCache
[2020.05.18-23.53.04:591][  0]LogAIModule: Creating AISystem for world Untitled
[2020.05.18-23.53.04:599][  0]LogAudioMixer: Display: Audio Mixer Platform Settings:
[2020.05.18-23.53.04:600][  0]LogAudioMixer: Display: 	Sample Rate:						  48000
[2020.05.18-23.53.04:600][  0]LogAudioMixer: Display: 	Callback Buffer Frame Size Requested: 1024
[2020.05.18-23.53.04:600][  0]LogAudioMixer: Display: 	Callback Buffer Frame Size To Use:	  1024
[2020.05.18-23.53.04:600][  0]LogAudioMixer: Display: 	Number of buffers to queue:			  2
[2020.05.18-23.53.04:600][  0]LogAudioMixer: Display: 	Max Channels (voices):				  32
[2020.05.18-23.53.04:600][  0]LogAudioMixer: Display: 	Number of Async Source Workers:		  0
[2020.05.18-23.53.04:600][  0]LogAudio: Display: AudioDevice MaxSources: 32
[2020.05.18-23.53.04:600][  0]LogAudio: Display: Using built-in audio occlusion.
[2020.05.18-23.53.04:600][  0]LogAudioMixer: Display: Initializing audio mixer.
[2020.05.18-23.53.04:718][  0]LogAudioMixer: Display: Audio Device Output Speaker Info:
[2020.05.18-23.53.04:718][  0]LogAudioMixer: Display: Name: 3 - Philips FTV (2- AMD High Definition Audio Device)
[2020.05.18-23.53.04:718][  0]LogAudioMixer: Display: Is Default: Yes
[2020.05.18-23.53.04:718][  0]LogAudioMixer: Display: Sample Rate: 48000
[2020.05.18-23.53.04:718][  0]LogAudioMixer: Display: Channel Count Used: 2
[2020.05.18-23.53.04:718][  0]LogAudioMixer: Display: Device Channel Count: 2
[2020.05.18-23.53.04:718][  0]LogAudioMixer: Display: Channel Order:
[2020.05.18-23.53.04:718][  0]LogAudioMixer: Display: 0: FrontLeft
[2020.05.18-23.53.04:718][  0]LogAudioMixer: Display: 1: FrontRight
[2020.05.18-23.53.04:760][  0]LogAudioMixer: Display: Using Audio Device 3 - Philips FTV (2- AMD High Definition Audio Device)
[2020.05.18-23.53.04:766][  0]LogInit: FAudioDevice initialized.
[2020.05.18-23.53.04:766][  0]LogNetVersion: Set ProjectVersion to 1.0.0.0. Version Checksum will be recalculated on next use.
[2020.05.18-23.53.05:029][  0]LogDerivedDataCache: Saved boot cache 0.26s 91MB C:/Users/Mike/AppData/Local/UnrealEngine/4.24/DerivedDataCache/Boot.ddc.
[2020.05.18-23.53.05:033][  0]LogInit: Texture streaming: Enabled
[2020.05.18-23.53.05:104][  0]LogInit: Transaction tracking system initialized
[2020.05.18-23.53.05:117][  0]BlueprintLog: New page: Editor Load
[2020.05.18-23.53.05:155][  0]LocalizationService: Localization service is disabled
[2020.05.18-23.53.05:498][  0]LogCook: Display: Max memory allowance for cook 16384mb min free memory 0mb
[2020.05.18-23.53.05:498][  0]LogCook: Display: Mobile HDR setting 1
[2020.05.18-23.53.05:606][  0]LogFileCache: Scanning file cache for directory 'C:/Users/Mike/Documents/Unreal Projects/PPMonster/Content/' took 0.02s
[2020.05.18-23.53.06:564][  0]SourceControl: Source control is disabled
[2020.05.18-23.53.06:564][  0]Cmd: MAP LOAD FILE="C:/Users/Mike/Documents/Unreal Projects/PPMonster/Content/FirstPersonBP/Maps/FirstPersonExampleMap.umap" TEMPLATE=0 SHOWPROGRESS=1 FEATURELEVEL=3
[2020.05.18-23.53.06:564][  0]LightingResults: New page: Lighting Build
[2020.05.18-23.53.06:565][  0]LogWorld: UWorld::CleanupWorld for Untitled, bSessionEnded=true, bCleanupResources=true
[2020.05.18-23.53.06:565][  0]LogSlate: InvalidateAllWidgets triggered.  All widgets were invalidated
[2020.05.18-23.53.06:566][  0]MapCheck: New page: Map Check
[2020.05.18-23.53.06:566][  0]LightingResults: New page: Lighting Build
[2020.05.18-23.53.06:691][  0]LogUObjectHash: Compacting FUObjectHashTables data took   2.84ms
[2020.05.18-23.53.07:541][  0]LogAIModule: Creating AISystem for world FirstPersonExampleMap
[2020.05.18-23.53.07:566][  0]LogEditorServer: Finished looking for orphan Actors (0.000 secs)
[2020.05.18-23.53.07:567][  0]LogNavigation: Warning: Recreating dtNavMesh instance due to saved navmesh origin (X=0.000 Y=-0.001 Z=258.696, usually the RecastNavMesh location) not being aligned with tile size (988 uu) 
[2020.05.18-23.53.07:702][  0]LogUObjectHash: Compacting FUObjectHashTables data took   4.25ms
[2020.05.18-23.53.07:702][  0]Cmd: MAP CHECKDEP NOCLEARLOG
[2020.05.18-23.53.07:703][  0]MapCheck: Map check complete: 0 Error(s), 0 Warning(s), took 0.3ms to complete.
[2020.05.18-23.53.07:703][  0]LogFileHelpers: Loading map 'FirstPersonExampleMap' took 1.139
[2020.05.18-23.53.07:703][  0]LogAssetRegistry: Flushing asset discovery search because of synchronous request, this can take several seconds...
[2020.05.18-23.53.07:741][  0]LogAssetRegistry: Asset discovery search completed in 0.0379 seconds
[2020.05.18-23.53.07:750][  0]LogCollectionManager: Loaded 0 collections in 0.003806 seconds
[2020.05.18-23.53.07:752][  0]LogFileCache: Scanning file cache for directory 'C:/Users/Mike/Documents/Unreal Projects/PPMonster/Saved/Collections/' took 0.00s
[2020.05.18-23.53.07:752][  0]LogFileCache: Scanning file cache for directory 'C:/Users/Mike/Documents/Unreal Projects/PPMonster/Content/Developers/Mike/Collections/' took 0.00s
[2020.05.18-23.53.07:752][  0]LogCollectionManager: Fixed up redirectors for 0 collections in 0.000008 seconds (updated 0 objects)
[2020.05.18-23.53.07:802][  0]LogFileCache: Scanning file cache for directory 'C:/Users/Mike/Documents/Unreal Projects/PPMonster/Content/Collections/' took 0.00s
[2020.05.18-23.53.07:915][  0]LogSlate: Updating window title bar state: overlay mode, drag disabled, window buttons hidden, title bar hidden
[2020.05.18-23.53.07:925][  0]LogSlate: Updating window title bar state: overlay mode, drag disabled, window buttons hidden, title bar hidden
[2020.05.18-23.53.07:934][  0]LogSlate: Updating window title bar state: overlay mode, drag disabled, window buttons hidden, title bar hidden
[2020.05.18-23.53.07:944][  0]LogSlate: Updating window title bar state: overlay mode, drag disabled, window buttons hidden, title bar hidden
[2020.05.18-23.53.07:962][  0]LogContentBrowser: Native class hierarchy populated in 0.0135 seconds. Added 3027 classes and 726 folders.
[2020.05.18-23.53.07:969][  0]LogContentBrowser: Native class hierarchy updated for 'WidgetCarousel' in 0.0003 seconds. Added 0 classes and 0 folders.
[2020.05.18-23.53.08:077][  0]LogContentBrowser: Native class hierarchy updated for 'AddContentDialog' in 0.0003 seconds. Added 0 classes and 0 folders.
[2020.05.18-23.53.08:287][  0]LogSlate: Took 0.000320 seconds to synchronously load lazily loaded font '../../../Engine/Content/Slate/Fonts/Roboto-Regular.ttf' (155K)
[2020.05.18-23.53.08:293][  0]LogSlate: Took 0.000326 seconds to synchronously load lazily loaded font '../../../Engine/Content/Slate/Fonts/Roboto-Bold.ttf' (160K)
[2020.05.18-23.53.08:296][  0]LogSlate: Took 0.000251 seconds to synchronously load lazily loaded font '../../../Engine/Content/Editor/Slate/Fonts/FontAwesome.ttf' (139K)
[2020.05.18-23.53.08:400][  0]LogRenderer: Reallocating scene render targets to support 1236x600 Format 10 NumSamples 1 (Frame:1).
[2020.05.18-23.53.08:622][  0]LogSlate: Took 0.000331 seconds to synchronously load lazily loaded font '../../../Engine/Content/Slate/Fonts/Roboto-Light.ttf' (167K)
[2020.05.18-23.53.08:781][  0]LogContentBrowser: Native class hierarchy updated for 'HierarchicalLODOutliner' in 0.0004 seconds. Added 0 classes and 0 folders.
[2020.05.18-23.53.08:781][  0]LogLoad: (Engine Initialization) Total time: 13.49 seconds
[2020.05.18-23.53.08:781][  0]LogLoad: (Engine Initialization) Total Blueprint compile time: 0.00 seconds
[2020.05.18-23.53.09:144][  0]LogContentStreaming: Texture pool size now 1000 MB
[2020.05.18-23.53.09:166][  1]LogSubstanceLiveLink: Warning: Unable to send data along socket, closing connection
[2020.05.18-23.53.46:573][379]LogOutputDevice: Warning: 

Script Stack (0 frames):

[2020.05.18-23.53.46:574][379]LogWindows: Windows GetLastError: The operation completed successfully. (0)
[2020.05.18-23.53.48:968][379]LogWindows: Error: === Critical error: ===
[2020.05.18-23.53.48:968][379]LogWindows: Error: 
[2020.05.18-23.53.48:968][379]LogWindows: Error: Assertion failed: bIsInitialized && IsAvailable() [File:D:/Build/++UE4/Sync/Engine/Source/Runtime/Engine/Private/EngineAnalytics.cpp] [Line: 60] 
[2020.05.18-23.53.48:968][379]LogWindows: Error: FEngineAnalytics::GetProvider called outside of Initialize/Shutdown.
[2020.05.18-23.53.48:968][379]LogWindows: Error: 
[2020.05.18-23.53.48:968][379]LogWindows: Error: 
[2020.05.18-23.53.48:968][379]LogWindows: Error: [Callstack] 0x00007fff0450a799 KERNELBASE.dll!UnknownFunction []
[2020.05.18-23.53.48:968][379]LogWindows: Error: [Callstack] 0x00007ffebc8ba7b6 UE4Editor-Core.dll!UnknownFunction []
[2020.05.18-23.53.48:968][379]LogWindows: Error: [Callstack] 0x00007ffebc8bdc58 UE4Editor-Core.dll!UnknownFunction []
[2020.05.18-23.53.48:968][379]LogWindows: Error: [Callstack] 0x00007ffebc672c7d UE4Editor-Core.dll!UnknownFunction []
[2020.05.18-23.53.48:968][379]LogWindows: Error: [Callstack] 0x00007ffebc5ffd43 UE4Editor-Core.dll!UnknownFunction []
[2020.05.18-23.53.48:968][379]LogWindows: Error: [Callstack] 0x00007ffebc6020c0 UE4Editor-Core.dll!UnknownFunction []
[2020.05.18-23.53.48:968][379]LogWindows: Error: [Callstack] 0x00007ffeb6bc0478 UE4Editor-Engine.dll!UnknownFunction []
[2020.05.18-23.53.48:968][379]LogWindows: Error: [Callstack] 0x00007ffe69c70074 UE4Editor-PluginWarden.dll!UnknownFunction []
[2020.05.18-23.53.48:968][379]LogWindows: Error: [Callstack] 0x00007ffe69c6ec59 UE4Editor-PluginWarden.dll!UnknownFunction []
[2020.05.18-23.53.48:968][379]LogWindows: Error: [Callstack] 0x00007ffec4ec1515 UE4Editor-SlateCore.dll!UnknownFunction []
[2020.05.18-23.53.48:968][379]LogWindows: Error: [Callstack] 0x00007ffebbefea89 UE4Editor-Slate.dll!UnknownFunction []
[2020.05.18-23.53.48:968][379]LogWindows: Error: [Callstack] 0x00007ffebbece639 UE4Editor-Slate.dll!UnknownFunction []
[2020.05.18-23.53.48:968][379]LogWindows: Error: [Callstack] 0x00007ffebbf13469 UE4Editor-Slate.dll!UnknownFunction []
[2020.05.18-23.53.48:968][379]LogWindows: Error: [Callstack] 0x00007ffec4ecd5bb UE4Editor-SlateCore.dll!UnknownFunction []
[2020.05.18-23.53.48:968][379]LogWindows: Error: [Callstack] 0x00007ffe69c70452 UE4Editor-PluginWarden.dll!UnknownFunction []
[2020.05.18-23.53.48:968][379]LogWindows: Error: [Callstack] 0x00007ffe69c6eb5f UE4Editor-PluginWarden.dll!UnknownFunction []
[2020.05.18-23.53.48:968][379]LogWindows: Error: [Callstack] 0x00007ffec4ead6da UE4Editor-SlateCore.dll!UnknownFunction []
[2020.05.18-23.53.48:968][379]LogWindows: Error: [Callstack] 0x00007ffec4ec7116 UE4Editor-SlateCore.dll!UnknownFunction []
[2020.05.18-23.53.48:968][379]LogWindows: Error: [Callstack] 0x00007ffec4ec8646 UE4Editor-SlateCore.dll!UnknownFunction []
[2020.05.18-23.53.48:968][379]LogWindows: Error: [Callstack] 0x00007ffec4ec617c UE4Editor-SlateCore.dll!UnknownFunction []
[2020.05.18-23.53.48:968][379]LogWindows: Error: [Callstack] 0x00007ffec4ec7c8e UE4Editor-SlateCore.dll!UnknownFunction []
[2020.05.18-23.53.48:968][379]LogWindows: Error: [Callstack] 0x00007ffec4ec8646 UE4Editor-SlateCore.dll!UnknownFunction []
[2020.05.18-23.53.48:968][379]LogWindows: Error: [Callstack] 0x00007ffec4ec617c UE4Editor-SlateCore.dll!UnknownFunction []
[2020.05.18-23.53.48:968][379]LogWindows: Error: [Callstack] 0x00007ffec4ec7c8e UE4Editor-SlateCore.dll!UnknownFunction []
[2020.05.18-23.53.48:968][379]LogWindows: Error: [Callstack] 0x00007ffec4ec6042 UE4Editor-SlateCore.dll!UnknownFunction []
[2020.05.18-23.53.48:968][379]LogWindows: Error: [Callstack] 0x00007ffec4ec7c8e UE4Editor-SlateCore.dll!UnknownFunction []
[2020.05.18-23.53.48:968][379]LogWindows: Error: [Callstack] 0x00007ffec4ec5810 UE4Editor-SlateCore.dll!UnknownFunction []
[2020.05.18-23.53.48:968][379]LogWindows: Error: [Callstack] 0x00007ffec4ec7c8e UE4Editor-SlateCore.dll!UnknownFunction []
[2020.05.18-23.53.48:968][379]LogWindows: Error: [Callstack] 0x00007ffec4ec8757 UE4Editor-SlateCore.dll!UnknownFunction []
[2020.05.18-23.53.48:968][379]LogWindows: Error: [Callstack] 0x00007ffec4e30681 UE4Editor-SlateCore.dll!UnknownFunction []
[2020.05.18-23.53.48:968][379]LogWindows: Error: [Callstack] 0x00007ffec4ec8a42 UE4Editor-SlateCore.dll!UnknownFunction []
[2020.05.18-23.53.48:968][379]LogWindows: Error: [Callstack] 0x00007ffebbed036c UE4Editor-Slate.dll!UnknownFunction []
[2020.05.18-23.53.48:969][379]LogWindows: Error: [Callstack] 0x00007ffebbeff23e UE4Editor-Slate.dll!UnknownFunction []
[2020.05.18-23.53.48:969][379]LogWindows: Error: [Callstack] 0x00007ffebbf23de2 UE4Editor-Slate.dll!UnknownFunction []
[2020.05.18-23.53.48:969][379]LogWindows: Error: [Callstack] 0x00007ffebbec1d0c UE4Editor-Slate.dll!UnknownFunction []
[2020.05.18-23.53.48:969][379]LogWindows: Error: [Callstack] 0x00007ffe69c6c77c UE4Editor-PluginWarden.dll!UnknownFunction []
[2020.05.18-23.53.48:969][379]LogWindows: Error: [Callstack] 0x00007ffe69c6c1d9 UE4Editor-PluginWarden.dll!UnknownFunction []
[2020.05.18-23.53.48:969][379]LogWindows: Error: [Callstack] 0x00007ffe74b2da02 UE4Editor-SubstanceSource.dll!FSubstanceSourceModule::IsEntitled() [d:\build\++portal+promotion\sync\localbuilds\plugintemp\hostproject\plugins\substance\source\substancesource\private\substancesourcemodule.cpp:182]
[2020.05.18-23.53.48:969][379]LogWindows: Error: [Callstack] 0x00007ffe74b3588f UE4Editor-SubstanceSource.dll!FSubstanceSourceModule::OnLaunchSubstanceSourceWindow() [d:\build\++portal+promotion\sync\localbuilds\plugintemp\hostproject\plugins\substance\source\substancesource\private\substancesourcemodule.cpp:777]
[2020.05.18-23.53.48:969][379]LogWindows: Error: [Callstack] 0x00007ffe74b16a2e UE4Editor-SubstanceSource.dll!TBaseRawMethodDelegateInstance<0,FSubstanceSourceModule,void __cdecl(void)>::ExecuteIfSafe() [d:\rocketsync\4.24.0-10570792+++ue4+release-4.24\working\engine\source\runtime\core\public\delegates\delegateinstancesimpl.h:541]
[2020.05.18-23.53.48:969][379]LogWindows: Error: [Callstack] 0x00007ffebbed6c6a UE4Editor-Slate.dll!UnknownFunction []
[2020.05.18-23.53.48:969][379]LogWindows: Error: [Callstack] 0x00007ffebbfb2b22 UE4Editor-Slate.dll!UnknownFunction []
[2020.05.18-23.53.48:969][379]LogWindows: Error: [Callstack] 0x00007ffebbf92074 UE4Editor-Slate.dll!UnknownFunction []
[2020.05.18-23.53.48:969][379]LogWindows: Error: [Callstack] 0x00007ffebc021498 UE4Editor-Slate.dll!UnknownFunction []
[2020.05.18-23.53.48:969][379]LogWindows: Error: [Callstack] 0x00007ffebc039281 UE4Editor-Slate.dll!UnknownFunction []
[2020.05.18-23.53.48:969][379]LogWindows: Error: [Callstack] 0x00007ffebbe9323f UE4Editor-Slate.dll!UnknownFunction []
[2020.05.18-23.53.48:969][379]LogWindows: Error: [Callstack] 0x00007ffebbf19175 UE4Editor-Slate.dll!UnknownFunction []
[2020.05.18-23.53.48:969][379]LogWindows: Error: [Callstack] 0x00007ffebbf0413e UE4Editor-Slate.dll!UnknownFunction []
[2020.05.18-23.53.48:969][379]LogWindows: Error: [Callstack] 0x00007ffebbef8f67 UE4Editor-Slate.dll!UnknownFunction []
[2020.05.18-23.53.48:969][379]LogWindows: Error: [Callstack] 0x00007ffed67a4ca1 UE4Editor-ApplicationCore.dll!UnknownFunction []
[2020.05.18-23.53.48:969][379]LogWindows: Error: [Callstack] 0x00007ffed679242f UE4Editor-ApplicationCore.dll!UnknownFunction []
[2020.05.18-23.53.48:969][379]LogWindows: Error: [Callstack] 0x00007ffed67a7195 UE4Editor-ApplicationCore.dll!UnknownFunction []
[2020.05.18-23.53.48:969][379]LogWindows: Error: [Callstack] 0x00007ffed678ec40 UE4Editor-ApplicationCore.dll!UnknownFunction []
[2020.05.18-23.53.48:969][379]LogWindows: Error: [Callstack] 0x00007fff07045c0d USER32.dll!UnknownFunction []
[2020.05.18-23.53.48:969][379]LogWindows: Error: [Callstack] 0x00007fff07045602 USER32.dll!UnknownFunction []
[2020.05.18-23.53.48:969][379]LogWindows: Error: [Callstack] 0x00007ffed67a8699 UE4Editor-ApplicationCore.dll!UnknownFunction []
[2020.05.18-23.53.48:969][379]LogWindows: Error: [Callstack] 0x00007ff6d7e86db0 UE4Editor.exe!UnknownFunction []
[2020.05.18-23.53.48:969][379]LogWindows: Error: [Callstack] 0x00007ff6d7e9c3ec UE4Editor.exe!UnknownFunction []
[2020.05.18-23.53.48:969][379]LogWindows: Error: [Callstack] 0x00007ff6d7e9c4ca UE4Editor.exe!UnknownFunction []
[2020.05.18-23.53.48:969][379]LogWindows: Error: [Callstack] 0x00007ff6d7eaceae UE4Editor.exe!UnknownFunction []
[2020.05.18-23.53.48:969][379]LogWindows: Error: [Callstack] 0x00007ff6d7eafcbe UE4Editor.exe!UnknownFunction []
[2020.05.18-23.53.48:969][379]LogWindows: Error: [Callstack] 0x00007fff06977bd4 KERNEL32.DLL!UnknownFunction []
[2020.05.18-23.53.48:969][379]LogWindows: Error: [Callstack] 0x00007fff075ace51 ntdll.dll!UnknownFunction []
[2020.05.18-23.53.48:969][379]LogWindows: Error: 
[2020.05.18-23.53.48:986][379]LogExit: Executing StaticShutdownAfterError
[2020.05.18-23.53.48:990][379]LogWindows: FPlatformMisc::RequestExit(1)
[2020.05.18-23.53.48:990][379]LogCore: Engine exit requested (reason: Win RequestExit)
[2020.05.18-23.53.48:997][379]Log file closed, 05/18/20 19:53:48
